#
# There is insufficient memory for the Java Runtime Environment to continue.
# Native memory allocation (malloc) failed to allocate 1827856 bytes for Chunk::new
# Possible reasons:
#   The system is out of physical RAM or swap space
#   The process is running with CompressedOops enabled, and the Java Heap may be blocking the growth of the native heap
# Possible solutions:
#   Reduce memory load on the system
#   Increase physical memory or swap space
#   Check if swap backing store is full
#   Decrease Java heap size (-Xmx/-Xms)
#   Decrease number of Java threads
#   Decrease Java thread stack sizes (-Xss)
#   Set larger code cache with -XX:ReservedCodeCacheSize=
#   JVM is running with Zero Based Compressed Oops mode in which the Java heap is
#     placed in the first 32GB address space. The Java Heap base address is the
#     maximum limit for the native heap growth. Please use -XX:HeapBaseMinAddress
#     to set the Java Heap base and to place the Java Heap above 32GB virtual address.
# This output file may be truncated or incomplete.
#
#  Out of Memory Error (arena.cpp:191), pid=15292, tid=5984
#
# JRE version: OpenJDK Runtime Environment Temurin-17.0.9+9 (17.0.9+9) (build 17.0.9+9)
# Java VM: OpenJDK 64-Bit Server VM Temurin-17.0.9+9 (17.0.9+9, mixed mode, sharing, tiered, compressed oops, compressed class ptrs, g1 gc, windows-amd64)
# No core dump will be written. Minidumps are not enabled by default on client versions of Windows
#

---------------  S U M M A R Y ------------

Command Line: -Dcom.android.sdklib.toolsdir=C:\Program Files\Unity\Hub\Editor\6000.0.37f1\Editor\Data\PlaybackEngines\AndroidPlayer\SDK\cmdline-tools\6.0\bin\\.. com.android.sdklib.tool.sdkmanager.SdkManagerCli --list

Host: 11th Gen Intel(R) Core(TM) i7-1185G7 @ 3.00GHz, 8 cores, 15G,  Windows 11 , 64 bit Build 22621 (10.0.22621.4830)
Time: Fri Feb  7 09:28:36 2025 SE Asia Standard Time elapsed time: 1.099954 seconds (0d 0h 0m 1s)

---------------  T H R E A D  ---------------

Current thread (0x00000173b3e433b0):  JavaThread "C2 CompilerThread0" daemon [_thread_in_native, id=5984, stack(0x000000611bb00000,0x000000611bc00000)]


Current CompileTask:
C2:   1099 2332       4       jdk.internal.org.objectweb.asm.Frame::execute (2305 bytes)

Stack: [0x000000611bb00000,0x000000611bc00000]
Native frames: (J=compiled Java code, j=interpreted, Vv=VM code, C=native code)
V  [jvm.dll+0x67cf49]
V  [jvm.dll+0x83478a]
V  [jvm.dll+0x83624e]
V  [jvm.dll+0x8368b3]
V  [jvm.dll+0x247f1f]
V  [jvm.dll+0xac43c]
V  [jvm.dll+0xaca8c]
V  [jvm.dll+0x367012]
V  [jvm.dll+0x3313ba]
V  [jvm.dll+0x33085a]
V  [jvm.dll+0x21a5b1]
V  [jvm.dll+0x2199d1]
V  [jvm.dll+0x1a57cd]
V  [jvm.dll+0x2297ae]
V  [jvm.dll+0x22797c]
V  [jvm.dll+0x7e9877]
V  [jvm.dll+0x7e3c3a]
V  [jvm.dll+0x67be35]
C  [ucrtbase.dll+0x29333]
C  [KERNEL32.DLL+0x1259d]
C  [ntdll.dll+0x5af38]


---------------  P R O C E S S  ---------------

Threads class SMR info:
_java_thread_list=0x00000173fafac6a0, length=25, elements={
0x000001738f4cbfa0, 0x00000173b3e22230, 0x00000173b3e22bf0, 0x00000173b3e3c4c0,
0x00000173b3e3eda0, 0x00000173b3e3f670, 0x00000173b3e41f60, 0x00000173b3e433b0,
0x00000173b3e43d70, 0x00000173b3e44680, 0x00000173b465b030, 0x00000173b46683d0,
0x00000173fa25b4f0, 0x00000173fa1a7440, 0x00000173fa7f6ad0, 0x00000173fb0f4b50,
0x00000173faa1f180, 0x00000173fae94070, 0x00000173fae94580, 0x00000173fae95ed0,
0x00000173fae963e0, 0x00000173fae959c0, 0x00000173fae94fa0, 0x00000173faee5850,
0x00000173faee5340
}

Java Threads: ( => current thread )
  0x000001738f4cbfa0 JavaThread "main" [_thread_in_Java, id=14880, stack(0x000000611ae00000,0x000000611af00000)]
  0x00000173b3e22230 JavaThread "Reference Handler" daemon [_thread_blocked, id=20228, stack(0x000000611b500000,0x000000611b600000)]
  0x00000173b3e22bf0 JavaThread "Finalizer" daemon [_thread_blocked, id=17848, stack(0x000000611b600000,0x000000611b700000)]
  0x00000173b3e3c4c0 JavaThread "Signal Dispatcher" daemon [_thread_blocked, id=9112, stack(0x000000611b700000,0x000000611b800000)]
  0x00000173b3e3eda0 JavaThread "Attach Listener" daemon [_thread_blocked, id=18140, stack(0x000000611b800000,0x000000611b900000)]
  0x00000173b3e3f670 JavaThread "Service Thread" daemon [_thread_blocked, id=10228, stack(0x000000611b900000,0x000000611ba00000)]
  0x00000173b3e41f60 JavaThread "Monitor Deflation Thread" daemon [_thread_blocked, id=18908, stack(0x000000611ba00000,0x000000611bb00000)]
=>0x00000173b3e433b0 JavaThread "C2 CompilerThread0" daemon [_thread_in_native, id=5984, stack(0x000000611bb00000,0x000000611bc00000)]
  0x00000173b3e43d70 JavaThread "C1 CompilerThread0" daemon [_thread_in_native, id=10692, stack(0x000000611bc00000,0x000000611bd00000)]
  0x00000173b3e44680 JavaThread "Sweeper thread" daemon [_thread_blocked, id=2032, stack(0x000000611bd00000,0x000000611be00000)]
  0x00000173b465b030 JavaThread "Notification Thread" daemon [_thread_blocked, id=12920, stack(0x000000611be00000,0x000000611bf00000)]
  0x00000173b46683d0 JavaThread "Common-Cleaner" daemon [_thread_blocked, id=14732, stack(0x000000611c000000,0x000000611c100000)]
  0x00000173fa25b4f0 JavaThread "C2 CompilerThread1" daemon [_thread_in_native, id=11672, stack(0x000000611c100000,0x000000611c200000)]
  0x00000173fa1a7440 JavaThread "C2 CompilerThread2" daemon [_thread_in_native, id=16580, stack(0x000000611c200000,0x000000611c300000)]
  0x00000173fa7f6ad0 JavaThread "Keep-Alive-Timer" daemon [_thread_blocked, id=10192, stack(0x000000611ca00000,0x000000611cb00000)]
  0x00000173fb0f4b50 JavaThread "pool-1-thread-1" [_thread_in_native, id=19504, stack(0x000000611cb00000,0x000000611cc00000)]
  0x00000173faa1f180 JavaThread "pool-1-thread-2" [_thread_in_native, id=3000, stack(0x000000611cc00000,0x000000611cd00000)]
  0x00000173fae94070 JavaThread "pool-1-thread-10" [_thread_in_native, id=17900, stack(0x000000611d400000,0x000000611d500000)]
  0x00000173fae94580 JavaThread "pool-1-thread-11" [_thread_in_native, id=17820, stack(0x000000611d500000,0x000000611d600000)]
  0x00000173fae95ed0 JavaThread "pool-1-thread-12" [_thread_in_native, id=14668, stack(0x000000611d600000,0x000000611d700000)]
  0x00000173fae963e0 JavaThread "pool-1-thread-13" [_thread_in_native, id=19428, stack(0x000000611d700000,0x000000611d800000)]
  0x00000173fae959c0 JavaThread "pool-1-thread-16" [_thread_in_native, id=15384, stack(0x000000611da00000,0x000000611db00000)]
  0x00000173fae94fa0 JavaThread "pool-1-thread-17" [_thread_in_native, id=14552, stack(0x000000611db00000,0x000000611dc00000)]
  0x00000173faee5850 JavaThread "pool-1-thread-19" [_thread_in_native, id=19552, stack(0x000000611dd00000,0x000000611de00000)]
  0x00000173faee5340 JavaThread "pool-1-thread-20" [_thread_in_native, id=19872, stack(0x000000611de00000,0x000000611df00000)]

Other Threads:
  0x00000173b3e1c2e0 VMThread "VM Thread" [stack: 0x000000611b400000,0x000000611b500000] [id=17880]
  0x00000173b465d520 WatcherThread [stack: 0x000000611bf00000,0x000000611c000000] [id=6680]
  0x000001738f74a3f0 GCTaskThread "GC Thread#0" [stack: 0x000000611af00000,0x000000611b000000] [id=18628]
  0x00000173fa544b40 GCTaskThread "GC Thread#1" [stack: 0x000000611c300000,0x000000611c400000] [id=20164]
  0x00000173fa544e00 GCTaskThread "GC Thread#2" [stack: 0x000000611c400000,0x000000611c500000] [id=3516]
  0x00000173fa579290 GCTaskThread "GC Thread#3" [stack: 0x000000611c500000,0x000000611c600000] [id=8712]
  0x00000173fa579550 GCTaskThread "GC Thread#4" [stack: 0x000000611c600000,0x000000611c700000] [id=18136]
  0x00000173fa57a020 GCTaskThread "GC Thread#5" [stack: 0x000000611c700000,0x000000611c800000] [id=2540]
  0x00000173fa574170 GCTaskThread "GC Thread#6" [stack: 0x000000611c800000,0x000000611c900000] [id=13320]
  0x00000173fa574430 GCTaskThread "GC Thread#7" [stack: 0x000000611c900000,0x000000611ca00000] [id=3048]
  0x000001738f75af00 ConcurrentGCThread "G1 Main Marker" [stack: 0x000000611b000000,0x000000611b100000] [id=20356]
  0x000001738f75b920 ConcurrentGCThread "G1 Conc#0" [stack: 0x000000611b100000,0x000000611b200000] [id=11940]
  0x000001738f78e3c0 ConcurrentGCThread "G1 Refine#0" [stack: 0x000000611b200000,0x000000611b300000] [id=3108]
  0x00000173b3d5a360 ConcurrentGCThread "G1 Service" [stack: 0x000000611b300000,0x000000611b400000] [id=4736]

Threads with active compile tasks:
C2 CompilerThread0     1108 2332       4       jdk.internal.org.objectweb.asm.Frame::execute (2305 bytes)
C1 CompilerThread0     1108 2690       3       com.sun.org.apache.xerces.internal.impl.io.UTF8Reader::read (1443 bytes)
C2 CompilerThread1     1108 2638       4       java.lang.AbstractStringBuilder::appendChars (207 bytes)
C2 CompilerThread2     1108 2404       4       sun.security.ec.ECOperations::setDouble (559 bytes)

VM state: not at safepoint (normal execution)

VM Mutex/Monitor currently owned by a thread: None

Heap address: 0x0000000704400000, size: 4028 MB, Compressed Oops mode: Zero based, Oop shift amount: 3

CDS archive(s) mapped at: [0x00000173b5000000-0x00000173b5ba0000-0x00000173b5ba0000), size 12189696, SharedBaseAddress: 0x00000173b5000000, ArchiveRelocationMode: 1.
Compressed class space mapped at: 0x00000173b6000000-0x00000173f6000000, reserved size: 1073741824
Narrow klass base: 0x00000173b5000000, Narrow klass shift: 0, Narrow klass range: 0x100000000

GC Precious Log:
 CPUs: 8 total, 8 available
 Memory: 16110M
 Large Page Support: Disabled
 NUMA Support: Disabled
 Compressed Oops: Enabled (Zero based)
 Heap Region Size: 2M
 Heap Min Capacity: 8M
 Heap Initial Capacity: 252M
 Heap Max Capacity: 4028M
 Pre-touch: Disabled
 Parallel Workers: 8
 Concurrent Workers: 2
 Concurrent Refinement Workers: 8
 Periodic GC: Disabled

Heap:
 garbage-first heap   total 258048K, used 30053K [0x0000000704400000, 0x0000000800000000)
  region size 2048K, 14 young (28672K), 2 survivors (4096K)
 Metaspace       used 16930K, committed 17088K, reserved 1114112K
  class space    used 1827K, committed 1920K, reserved 1048576K

Heap Regions: E=young(eden), S=young(survivor), O=old, HS=humongous(starts), HC=humongous(continues), CS=collection set, F=free, OA=open archive, CA=closed archive, TAMS=top-at-mark-start (previous, next)
|   0|0x0000000704400000, 0x0000000704600000, 0x0000000704600000|100%| O|  |TAMS 0x0000000704400000, 0x0000000704400000| Untracked 
|   1|0x0000000704600000, 0x0000000704800000, 0x0000000704800000|100%| O|  |TAMS 0x0000000704600000, 0x0000000704600000| Untracked 
|   2|0x0000000704800000, 0x0000000704959600, 0x0000000704a00000| 67%| O|  |TAMS 0x0000000704800000, 0x0000000704800000| Untracked 
|   3|0x0000000704a00000, 0x0000000704a00000, 0x0000000704c00000|  0%| F|  |TAMS 0x0000000704a00000, 0x0000000704a00000| Untracked 
|   4|0x0000000704c00000, 0x0000000704c00000, 0x0000000704e00000|  0%| F|  |TAMS 0x0000000704c00000, 0x0000000704c00000| Untracked 
|   5|0x0000000704e00000, 0x0000000704e00000, 0x0000000705000000|  0%| F|  |TAMS 0x0000000704e00000, 0x0000000704e00000| Untracked 
|   6|0x0000000705000000, 0x0000000705000000, 0x0000000705200000|  0%| F|  |TAMS 0x0000000705000000, 0x0000000705000000| Untracked 
|   7|0x0000000705200000, 0x0000000705200000, 0x0000000705400000|  0%| F|  |TAMS 0x0000000705200000, 0x0000000705200000| Untracked 
|   8|0x0000000705400000, 0x0000000705400000, 0x0000000705600000|  0%| F|  |TAMS 0x0000000705400000, 0x0000000705400000| Untracked 
|   9|0x0000000705600000, 0x0000000705600000, 0x0000000705800000|  0%| F|  |TAMS 0x0000000705600000, 0x0000000705600000| Untracked 
|  10|0x0000000705800000, 0x0000000705800000, 0x0000000705a00000|  0%| F|  |TAMS 0x0000000705800000, 0x0000000705800000| Untracked 
|  11|0x0000000705a00000, 0x0000000705a00000, 0x0000000705c00000|  0%| F|  |TAMS 0x0000000705a00000, 0x0000000705a00000| Untracked 
|  12|0x0000000705c00000, 0x0000000705c00000, 0x0000000705e00000|  0%| F|  |TAMS 0x0000000705c00000, 0x0000000705c00000| Untracked 
|  13|0x0000000705e00000, 0x0000000705e00000, 0x0000000706000000|  0%| F|  |TAMS 0x0000000705e00000, 0x0000000705e00000| Untracked 
|  14|0x0000000706000000, 0x0000000706000000, 0x0000000706200000|  0%| F|  |TAMS 0x0000000706000000, 0x0000000706000000| Untracked 
|  15|0x0000000706200000, 0x0000000706200000, 0x0000000706400000|  0%| F|  |TAMS 0x0000000706200000, 0x0000000706200000| Untracked 
|  16|0x0000000706400000, 0x0000000706400000, 0x0000000706600000|  0%| F|  |TAMS 0x0000000706400000, 0x0000000706400000| Untracked 
|  17|0x0000000706600000, 0x0000000706600000, 0x0000000706800000|  0%| F|  |TAMS 0x0000000706600000, 0x0000000706600000| Untracked 
|  18|0x0000000706800000, 0x0000000706800000, 0x0000000706a00000|  0%| F|  |TAMS 0x0000000706800000, 0x0000000706800000| Untracked 
|  19|0x0000000706a00000, 0x0000000706a00000, 0x0000000706c00000|  0%| F|  |TAMS 0x0000000706a00000, 0x0000000706a00000| Untracked 
|  20|0x0000000706c00000, 0x0000000706c00000, 0x0000000706e00000|  0%| F|  |TAMS 0x0000000706c00000, 0x0000000706c00000| Untracked 
|  21|0x0000000706e00000, 0x0000000706e00000, 0x0000000707000000|  0%| F|  |TAMS 0x0000000706e00000, 0x0000000706e00000| Untracked 
|  22|0x0000000707000000, 0x0000000707000000, 0x0000000707200000|  0%| F|  |TAMS 0x0000000707000000, 0x0000000707000000| Untracked 
|  23|0x0000000707200000, 0x0000000707200000, 0x0000000707400000|  0%| F|  |TAMS 0x0000000707200000, 0x0000000707200000| Untracked 
|  24|0x0000000707400000, 0x0000000707400000, 0x0000000707600000|  0%| F|  |TAMS 0x0000000707400000, 0x0000000707400000| Untracked 
|  25|0x0000000707600000, 0x0000000707600000, 0x0000000707800000|  0%| F|  |TAMS 0x0000000707600000, 0x0000000707600000| Untracked 
|  26|0x0000000707800000, 0x0000000707800000, 0x0000000707a00000|  0%| F|  |TAMS 0x0000000707800000, 0x0000000707800000| Untracked 
|  27|0x0000000707a00000, 0x0000000707a00000, 0x0000000707c00000|  0%| F|  |TAMS 0x0000000707a00000, 0x0000000707a00000| Untracked 
|  28|0x0000000707c00000, 0x0000000707c00000, 0x0000000707e00000|  0%| F|  |TAMS 0x0000000707c00000, 0x0000000707c00000| Untracked 
|  29|0x0000000707e00000, 0x0000000707e00000, 0x0000000708000000|  0%| F|  |TAMS 0x0000000707e00000, 0x0000000707e00000| Untracked 
|  30|0x0000000708000000, 0x0000000708000000, 0x0000000708200000|  0%| F|  |TAMS 0x0000000708000000, 0x0000000708000000| Untracked 
|  31|0x0000000708200000, 0x0000000708200000, 0x0000000708400000|  0%| F|  |TAMS 0x0000000708200000, 0x0000000708200000| Untracked 
|  32|0x0000000708400000, 0x0000000708400000, 0x0000000708600000|  0%| F|  |TAMS 0x0000000708400000, 0x0000000708400000| Untracked 
|  33|0x0000000708600000, 0x0000000708600000, 0x0000000708800000|  0%| F|  |TAMS 0x0000000708600000, 0x0000000708600000| Untracked 
|  34|0x0000000708800000, 0x0000000708800000, 0x0000000708a00000|  0%| F|  |TAMS 0x0000000708800000, 0x0000000708800000| Untracked 
|  35|0x0000000708a00000, 0x0000000708a00000, 0x0000000708c00000|  0%| F|  |TAMS 0x0000000708a00000, 0x0000000708a00000| Untracked 
|  36|0x0000000708c00000, 0x0000000708c00000, 0x0000000708e00000|  0%| F|  |TAMS 0x0000000708c00000, 0x0000000708c00000| Untracked 
|  37|0x0000000708e00000, 0x0000000708e00000, 0x0000000709000000|  0%| F|  |TAMS 0x0000000708e00000, 0x0000000708e00000| Untracked 
|  38|0x0000000709000000, 0x0000000709000000, 0x0000000709200000|  0%| F|  |TAMS 0x0000000709000000, 0x0000000709000000| Untracked 
|  39|0x0000000709200000, 0x0000000709200000, 0x0000000709400000|  0%| F|  |TAMS 0x0000000709200000, 0x0000000709200000| Untracked 
|  40|0x0000000709400000, 0x0000000709400000, 0x0000000709600000|  0%| F|  |TAMS 0x0000000709400000, 0x0000000709400000| Untracked 
|  41|0x0000000709600000, 0x0000000709600000, 0x0000000709800000|  0%| F|  |TAMS 0x0000000709600000, 0x0000000709600000| Untracked 
|  42|0x0000000709800000, 0x0000000709800000, 0x0000000709a00000|  0%| F|  |TAMS 0x0000000709800000, 0x0000000709800000| Untracked 
|  43|0x0000000709a00000, 0x0000000709a00000, 0x0000000709c00000|  0%| F|  |TAMS 0x0000000709a00000, 0x0000000709a00000| Untracked 
|  44|0x0000000709c00000, 0x0000000709c00000, 0x0000000709e00000|  0%| F|  |TAMS 0x0000000709c00000, 0x0000000709c00000| Untracked 
|  45|0x0000000709e00000, 0x0000000709e00000, 0x000000070a000000|  0%| F|  |TAMS 0x0000000709e00000, 0x0000000709e00000| Untracked 
|  46|0x000000070a000000, 0x000000070a000000, 0x000000070a200000|  0%| F|  |TAMS 0x000000070a000000, 0x000000070a000000| Untracked 
|  47|0x000000070a200000, 0x000000070a200000, 0x000000070a400000|  0%| F|  |TAMS 0x000000070a200000, 0x000000070a200000| Untracked 
|  48|0x000000070a400000, 0x000000070a400000, 0x000000070a600000|  0%| F|  |TAMS 0x000000070a400000, 0x000000070a400000| Untracked 
|  49|0x000000070a600000, 0x000000070a600000, 0x000000070a800000|  0%| F|  |TAMS 0x000000070a600000, 0x000000070a600000| Untracked 
|  50|0x000000070a800000, 0x000000070a800000, 0x000000070aa00000|  0%| F|  |TAMS 0x000000070a800000, 0x000000070a800000| Untracked 
|  51|0x000000070aa00000, 0x000000070aa00000, 0x000000070ac00000|  0%| F|  |TAMS 0x000000070aa00000, 0x000000070aa00000| Untracked 
|  52|0x000000070ac00000, 0x000000070ac00000, 0x000000070ae00000|  0%| F|  |TAMS 0x000000070ac00000, 0x000000070ac00000| Untracked 
|  53|0x000000070ae00000, 0x000000070ae00000, 0x000000070b000000|  0%| F|  |TAMS 0x000000070ae00000, 0x000000070ae00000| Untracked 
|  54|0x000000070b000000, 0x000000070b000000, 0x000000070b200000|  0%| F|  |TAMS 0x000000070b000000, 0x000000070b000000| Untracked 
|  55|0x000000070b200000, 0x000000070b200000, 0x000000070b400000|  0%| F|  |TAMS 0x000000070b200000, 0x000000070b200000| Untracked 
|  56|0x000000070b400000, 0x000000070b400000, 0x000000070b600000|  0%| F|  |TAMS 0x000000070b400000, 0x000000070b400000| Untracked 
|  57|0x000000070b600000, 0x000000070b600000, 0x000000070b800000|  0%| F|  |TAMS 0x000000070b600000, 0x000000070b600000| Untracked 
|  58|0x000000070b800000, 0x000000070b800000, 0x000000070ba00000|  0%| F|  |TAMS 0x000000070b800000, 0x000000070b800000| Untracked 
|  59|0x000000070ba00000, 0x000000070ba00000, 0x000000070bc00000|  0%| F|  |TAMS 0x000000070ba00000, 0x000000070ba00000| Untracked 
|  60|0x000000070bc00000, 0x000000070bc00000, 0x000000070be00000|  0%| F|  |TAMS 0x000000070bc00000, 0x000000070bc00000| Untracked 
|  61|0x000000070be00000, 0x000000070be00000, 0x000000070c000000|  0%| F|  |TAMS 0x000000070be00000, 0x000000070be00000| Untracked 
|  62|0x000000070c000000, 0x000000070c000000, 0x000000070c200000|  0%| F|  |TAMS 0x000000070c000000, 0x000000070c000000| Untracked 
|  63|0x000000070c200000, 0x000000070c200000, 0x000000070c400000|  0%| F|  |TAMS 0x000000070c200000, 0x000000070c200000| Untracked 
|  64|0x000000070c400000, 0x000000070c400000, 0x000000070c600000|  0%| F|  |TAMS 0x000000070c400000, 0x000000070c400000| Untracked 
|  65|0x000000070c600000, 0x000000070c600000, 0x000000070c800000|  0%| F|  |TAMS 0x000000070c600000, 0x000000070c600000| Untracked 
|  66|0x000000070c800000, 0x000000070c800000, 0x000000070ca00000|  0%| F|  |TAMS 0x000000070c800000, 0x000000070c800000| Untracked 
|  67|0x000000070ca00000, 0x000000070ca00000, 0x000000070cc00000|  0%| F|  |TAMS 0x000000070ca00000, 0x000000070ca00000| Untracked 
|  68|0x000000070cc00000, 0x000000070cc00000, 0x000000070ce00000|  0%| F|  |TAMS 0x000000070cc00000, 0x000000070cc00000| Untracked 
|  69|0x000000070ce00000, 0x000000070ce00000, 0x000000070d000000|  0%| F|  |TAMS 0x000000070ce00000, 0x000000070ce00000| Untracked 
|  70|0x000000070d000000, 0x000000070d000000, 0x000000070d200000|  0%| F|  |TAMS 0x000000070d000000, 0x000000070d000000| Untracked 
|  71|0x000000070d200000, 0x000000070d200000, 0x000000070d400000|  0%| F|  |TAMS 0x000000070d200000, 0x000000070d200000| Untracked 
|  72|0x000000070d400000, 0x000000070d400000, 0x000000070d600000|  0%| F|  |TAMS 0x000000070d400000, 0x000000070d400000| Untracked 
|  73|0x000000070d600000, 0x000000070d600000, 0x000000070d800000|  0%| F|  |TAMS 0x000000070d600000, 0x000000070d600000| Untracked 
|  74|0x000000070d800000, 0x000000070d800000, 0x000000070da00000|  0%| F|  |TAMS 0x000000070d800000, 0x000000070d800000| Untracked 
|  75|0x000000070da00000, 0x000000070da00000, 0x000000070dc00000|  0%| F|  |TAMS 0x000000070da00000, 0x000000070da00000| Untracked 
|  76|0x000000070dc00000, 0x000000070dc00000, 0x000000070de00000|  0%| F|  |TAMS 0x000000070dc00000, 0x000000070dc00000| Untracked 
|  77|0x000000070de00000, 0x000000070de00000, 0x000000070e000000|  0%| F|  |TAMS 0x000000070de00000, 0x000000070de00000| Untracked 
|  78|0x000000070e000000, 0x000000070e000000, 0x000000070e200000|  0%| F|  |TAMS 0x000000070e000000, 0x000000070e000000| Untracked 
|  79|0x000000070e200000, 0x000000070e200000, 0x000000070e400000|  0%| F|  |TAMS 0x000000070e200000, 0x000000070e200000| Untracked 
|  80|0x000000070e400000, 0x000000070e400000, 0x000000070e600000|  0%| F|  |TAMS 0x000000070e400000, 0x000000070e400000| Untracked 
|  81|0x000000070e600000, 0x000000070e600000, 0x000000070e800000|  0%| F|  |TAMS 0x000000070e600000, 0x000000070e600000| Untracked 
|  82|0x000000070e800000, 0x000000070e800000, 0x000000070ea00000|  0%| F|  |TAMS 0x000000070e800000, 0x000000070e800000| Untracked 
|  83|0x000000070ea00000, 0x000000070ea00000, 0x000000070ec00000|  0%| F|  |TAMS 0x000000070ea00000, 0x000000070ea00000| Untracked 
|  84|0x000000070ec00000, 0x000000070ec00000, 0x000000070ee00000|  0%| F|  |TAMS 0x000000070ec00000, 0x000000070ec00000| Untracked 
|  85|0x000000070ee00000, 0x000000070ee00000, 0x000000070f000000|  0%| F|  |TAMS 0x000000070ee00000, 0x000000070ee00000| Untracked 
|  86|0x000000070f000000, 0x000000070f000000, 0x000000070f200000|  0%| F|  |TAMS 0x000000070f000000, 0x000000070f000000| Untracked 
|  87|0x000000070f200000, 0x000000070f200000, 0x000000070f400000|  0%| F|  |TAMS 0x000000070f200000, 0x000000070f200000| Untracked 
|  88|0x000000070f400000, 0x000000070f400000, 0x000000070f600000|  0%| F|  |TAMS 0x000000070f400000, 0x000000070f400000| Untracked 
|  89|0x000000070f600000, 0x000000070f600000, 0x000000070f800000|  0%| F|  |TAMS 0x000000070f600000, 0x000000070f600000| Untracked 
|  90|0x000000070f800000, 0x000000070f800000, 0x000000070fa00000|  0%| F|  |TAMS 0x000000070f800000, 0x000000070f800000| Untracked 
|  91|0x000000070fa00000, 0x000000070fa00000, 0x000000070fc00000|  0%| F|  |TAMS 0x000000070fa00000, 0x000000070fa00000| Untracked 
|  92|0x000000070fc00000, 0x000000070fc00000, 0x000000070fe00000|  0%| F|  |TAMS 0x000000070fc00000, 0x000000070fc00000| Untracked 
|  93|0x000000070fe00000, 0x000000070fe00000, 0x0000000710000000|  0%| F|  |TAMS 0x000000070fe00000, 0x000000070fe00000| Untracked 
|  94|0x0000000710000000, 0x0000000710000000, 0x0000000710200000|  0%| F|  |TAMS 0x0000000710000000, 0x0000000710000000| Untracked 
|  95|0x0000000710200000, 0x0000000710200000, 0x0000000710400000|  0%| F|  |TAMS 0x0000000710200000, 0x0000000710200000| Untracked 
|  96|0x0000000710400000, 0x0000000710400000, 0x0000000710600000|  0%| F|  |TAMS 0x0000000710400000, 0x0000000710400000| Untracked 
|  97|0x0000000710600000, 0x0000000710600000, 0x0000000710800000|  0%| F|  |TAMS 0x0000000710600000, 0x0000000710600000| Untracked 
|  98|0x0000000710800000, 0x0000000710800000, 0x0000000710a00000|  0%| F|  |TAMS 0x0000000710800000, 0x0000000710800000| Untracked 
|  99|0x0000000710a00000, 0x0000000710a00000, 0x0000000710c00000|  0%| F|  |TAMS 0x0000000710a00000, 0x0000000710a00000| Untracked 
| 100|0x0000000710c00000, 0x0000000710c00000, 0x0000000710e00000|  0%| F|  |TAMS 0x0000000710c00000, 0x0000000710c00000| Untracked 
| 101|0x0000000710e00000, 0x0000000710e00000, 0x0000000711000000|  0%| F|  |TAMS 0x0000000710e00000, 0x0000000710e00000| Untracked 
| 102|0x0000000711000000, 0x0000000711000000, 0x0000000711200000|  0%| F|  |TAMS 0x0000000711000000, 0x0000000711000000| Untracked 
| 103|0x0000000711200000, 0x0000000711200000, 0x0000000711400000|  0%| F|  |TAMS 0x0000000711200000, 0x0000000711200000| Untracked 
| 104|0x0000000711400000, 0x0000000711400000, 0x0000000711600000|  0%| F|  |TAMS 0x0000000711400000, 0x0000000711400000| Untracked 
| 105|0x0000000711600000, 0x0000000711600000, 0x0000000711800000|  0%| F|  |TAMS 0x0000000711600000, 0x0000000711600000| Untracked 
| 106|0x0000000711800000, 0x0000000711800000, 0x0000000711a00000|  0%| F|  |TAMS 0x0000000711800000, 0x0000000711800000| Untracked 
| 107|0x0000000711a00000, 0x0000000711a00000, 0x0000000711c00000|  0%| F|  |TAMS 0x0000000711a00000, 0x0000000711a00000| Untracked 
| 108|0x0000000711c00000, 0x0000000711c00000, 0x0000000711e00000|  0%| F|  |TAMS 0x0000000711c00000, 0x0000000711c00000| Untracked 
| 109|0x0000000711e00000, 0x0000000712000000, 0x0000000712000000|100%| S|CS|TAMS 0x0000000711e00000, 0x0000000711e00000| Complete 
| 110|0x0000000712000000, 0x0000000712200000, 0x0000000712200000|100%| S|CS|TAMS 0x0000000712000000, 0x0000000712000000| Complete 
| 111|0x0000000712200000, 0x0000000712200000, 0x0000000712400000|  0%| F|  |TAMS 0x0000000712200000, 0x0000000712200000| Untracked 
| 112|0x0000000712400000, 0x0000000712400000, 0x0000000712600000|  0%| F|  |TAMS 0x0000000712400000, 0x0000000712400000| Untracked 
| 113|0x0000000712600000, 0x0000000712600000, 0x0000000712800000|  0%| F|  |TAMS 0x0000000712600000, 0x0000000712600000| Untracked 
| 114|0x0000000712800000, 0x0000000712a00000, 0x0000000712a00000|100%| E|  |TAMS 0x0000000712800000, 0x0000000712800000| Complete 
| 115|0x0000000712a00000, 0x0000000712c00000, 0x0000000712c00000|100%| E|CS|TAMS 0x0000000712a00000, 0x0000000712a00000| Complete 
| 116|0x0000000712c00000, 0x0000000712e00000, 0x0000000712e00000|100%| E|  |TAMS 0x0000000712c00000, 0x0000000712c00000| Complete 
| 117|0x0000000712e00000, 0x0000000713000000, 0x0000000713000000|100%| E|CS|TAMS 0x0000000712e00000, 0x0000000712e00000| Complete 
| 118|0x0000000713000000, 0x0000000713200000, 0x0000000713200000|100%| E|CS|TAMS 0x0000000713000000, 0x0000000713000000| Complete 
| 119|0x0000000713200000, 0x0000000713400000, 0x0000000713400000|100%| E|CS|TAMS 0x0000000713200000, 0x0000000713200000| Complete 
| 120|0x0000000713400000, 0x0000000713600000, 0x0000000713600000|100%| E|CS|TAMS 0x0000000713400000, 0x0000000713400000| Complete 
| 121|0x0000000713600000, 0x0000000713800000, 0x0000000713800000|100%| E|CS|TAMS 0x0000000713600000, 0x0000000713600000| Complete 
| 122|0x0000000713800000, 0x0000000713a00000, 0x0000000713a00000|100%| E|CS|TAMS 0x0000000713800000, 0x0000000713800000| Complete 
| 123|0x0000000713a00000, 0x0000000713c00000, 0x0000000713c00000|100%| E|CS|TAMS 0x0000000713a00000, 0x0000000713a00000| Complete 
| 124|0x0000000713c00000, 0x0000000713e00000, 0x0000000713e00000|100%| E|CS|TAMS 0x0000000713c00000, 0x0000000713c00000| Complete 
| 125|0x0000000713e00000, 0x0000000714000000, 0x0000000714000000|100%| E|CS|TAMS 0x0000000713e00000, 0x0000000713e00000| Complete 

Card table byte_map: [0x00000173a8c40000,0x00000173a9420000] _byte_map_base: 0x00000173a541e000

Marking Bits (Prev, Next): (CMBitMap*) 0x000001738f74aa10, (CMBitMap*) 0x000001738f74aa50
 Prev Bits: [0x00000173a9c00000, 0x00000173adaf0000)
 Next Bits: [0x00000173adaf0000, 0x00000173b19e0000)

Polling page: 0x000001738f790000

Metaspace:

Usage:
  Non-class:     14.75 MB used.
      Class:      1.78 MB used.
       Both:     16.53 MB used.

Virtual space:
  Non-class space:       64.00 MB reserved,      14.81 MB ( 23%) committed,  1 nodes.
      Class space:        1.00 GB reserved,       1.88 MB ( <1%) committed,  1 nodes.
             Both:        1.06 GB reserved,      16.69 MB (  2%) committed. 

Chunk freelists:
   Non-Class:  332.00 KB
       Class:  13.97 MB
        Both:  14.29 MB

MaxMetaspaceSize: unlimited
CompressedClassSpaceSize: 1.00 GB
Initial GC threshold: 21.00 MB
Current GC threshold: 21.00 MB
CDS: on
MetaspaceReclaimPolicy: balanced
 - commit_granule_bytes: 65536.
 - commit_granule_words: 8192.
 - virtual_space_node_default_size: 8388608.
 - enlarge_chunks_in_place: 1.
 - new_chunks_are_fully_committed: 0.
 - uncommit_free_chunks: 1.
 - use_allocation_guard: 0.
 - handle_deallocations: 1.


Internal statistics:

num_allocs_failed_limit: 0.
num_arena_births: 154.
num_arena_deaths: 0.
num_vsnodes_births: 2.
num_vsnodes_deaths: 0.
num_space_committed: 267.
num_space_uncommitted: 0.
num_chunks_returned_to_freelist: 0.
num_chunks_taken_from_freelist: 485.
num_chunk_merges: 0.
num_chunk_splits: 301.
num_chunks_enlarged: 188.
num_inconsistent_stats: 0.

CodeHeap 'non-profiled nmethods': size=120000Kb used=951Kb max_used=951Kb free=119048Kb
 bounds [0x00000173a04d0000, 0x00000173a0740000, 0x00000173a7a00000]
CodeHeap 'profiled nmethods': size=120000Kb used=5239Kb max_used=5239Kb free=114760Kb
 bounds [0x0000017398a00000, 0x0000017398f20000, 0x000001739ff30000]
CodeHeap 'non-nmethods': size=5760Kb used=1241Kb max_used=1276Kb free=4519Kb
 bounds [0x000001739ff30000, 0x00000173a01a0000, 0x00000173a04d0000]
 total_blobs=3194 nmethods=2666 adapters=440
 compilation: enabled
              stopped_count=0, restarted_count=0
 full_count=0

Compilation events (20 events):
Event: 1.087 Thread 0x00000173b3e43d70 nmethod 2633 0x0000017398f03290 code [0x0000017398f034a0, 0x0000017398f03ae8]
Event: 1.087 Thread 0x00000173b3e43d70 2634       3       java.io.FileDescriptor$1::close (5 bytes)
Event: 1.088 Thread 0x00000173b3e43d70 nmethod 2634 0x0000017398f03d90 code [0x0000017398f03f60, 0x0000017398f04458]
Event: 1.089 Thread 0x00000173fa25b4f0 nmethod 2613 0x00000173a05b9f90 code [0x00000173a05ba120, 0x00000173a05ba378]
Event: 1.089 Thread 0x00000173fa25b4f0 2617       4       java.util.regex.Pattern$NotBehind::match (137 bytes)
Event: 1.092 Thread 0x00000173b3e43d70 2643 %     3       com.sun.org.apache.xerces.internal.impl.io.UTF8Reader::read @ 150 (1443 bytes)
Event: 1.094 Thread 0x00000173b3e43d70 nmethod 2643% 0x0000017398f04690 code [0x0000017398f04b40, 0x0000017398f077a8]
Event: 1.094 Thread 0x00000173b3e43d70 2644       2       com.sun.org.apache.xerces.internal.xni.XMLString::append (110 bytes)
Event: 1.094 Thread 0x00000173b3e43d70 nmethod 2644 0x0000017398f08990 code [0x0000017398f08b40, 0x0000017398f08f38]
Event: 1.096 Thread 0x00000173b3e43d70 2648       3       com.sun.org.apache.xerces.internal.impl.XMLEntityScanner::peekChar (63 bytes)
Event: 1.096 Thread 0x00000173b3e43d70 nmethod 2648 0x0000017398f09090 code [0x0000017398f09240, 0x0000017398f094e8]
Event: 1.096 Thread 0x00000173b3e43d70 2649 %     3       com.sun.org.apache.xerces.internal.impl.io.UTF8Reader::read @ 113 (1443 bytes)
Event: 1.097 Thread 0x00000173b3e43d70 nmethod 2649% 0x0000017398f09610 code [0x0000017398f09ac0, 0x0000017398f0c728]
Event: 1.097 Thread 0x00000173b3e43d70 2650       2       com.sun.org.apache.xerces.internal.xni.XMLString::append (17 bytes)
Event: 1.097 Thread 0x00000173b3e43d70 nmethod 2650 0x0000017398f0d910 code [0x0000017398f0daa0, 0x0000017398f0dbe8]
Event: 1.097 Thread 0x00000173b3e43d70 2651       2       com.sun.org.apache.xerces.internal.impl.XMLNSDocumentScannerImpl::next (39 bytes)
Event: 1.097 Thread 0x00000173b3e43d70 nmethod 2651 0x0000017398f0dd10 code [0x0000017398f0dec0, 0x0000017398f0e098]
Event: 1.097 Thread 0x00000173b3e43d70 2652       2       com.sun.xml.bind.v2.runtime.unmarshaller.UnmarshallingContext::expectText (11 bytes)
Event: 1.098 Thread 0x00000173b3e43d70 nmethod 2652 0x0000017398f0e210 code [0x0000017398f0e3a0, 0x0000017398f0e4b8]
Event: 1.099 Thread 0x00000173b3e43d70 2653   !   2       java.util.regex.Pattern$Neg::match (121 bytes)

GC Heap History (4 events):
Event: 0.446 GC heap before
{Heap before GC invocations=0 (full 0):
 garbage-first heap   total 258048K, used 20480K [0x0000000704400000, 0x0000000800000000)
  region size 2048K, 11 young (22528K), 0 survivors (0K)
 Metaspace       used 8259K, committed 8512K, reserved 1114112K
  class space    used 803K, committed 896K, reserved 1048576K
}
Event: 0.449 GC heap after
{Heap after GC invocations=1 (full 0):
 garbage-first heap   total 258048K, used 4181K [0x0000000704400000, 0x0000000800000000)
  region size 2048K, 2 young (4096K), 2 survivors (4096K)
 Metaspace       used 8259K, committed 8512K, reserved 1114112K
  class space    used 803K, committed 896K, reserved 1048576K
}
Event: 0.996 GC heap before
{Heap before GC invocations=1 (full 0):
 garbage-first heap   total 258048K, used 30805K [0x0000000704400000, 0x0000000800000000)
  region size 2048K, 15 young (30720K), 2 survivors (4096K)
 Metaspace       used 16519K, committed 16704K, reserved 1114112K
  class space    used 1803K, committed 1920K, reserved 1048576K
}
Event: 1.001 GC heap after
{Heap after GC invocations=2 (full 0):
 garbage-first heap   total 258048K, used 9573K [0x0000000704400000, 0x0000000800000000)
  region size 2048K, 2 young (4096K), 2 survivors (4096K)
 Metaspace       used 16519K, committed 16704K, reserved 1114112K
  class space    used 1803K, committed 1920K, reserved 1048576K
}

Dll operation events (7 events):
Event: 0.006 Loaded shared library C:\Program Files\Unity\Hub\Editor\6000.0.37f1\Editor\Data\PlaybackEngines\AndroidPlayer\OpenJDK\bin\java.dll
Event: 0.019 Loaded shared library C:\Program Files\Unity\Hub\Editor\6000.0.37f1\Editor\Data\PlaybackEngines\AndroidPlayer\OpenJDK\bin\jsvml.dll
Event: 0.041 Loaded shared library C:\Program Files\Unity\Hub\Editor\6000.0.37f1\Editor\Data\PlaybackEngines\AndroidPlayer\OpenJDK\bin\net.dll
Event: 0.042 Loaded shared library C:\Program Files\Unity\Hub\Editor\6000.0.37f1\Editor\Data\PlaybackEngines\AndroidPlayer\OpenJDK\bin\nio.dll
Event: 0.047 Loaded shared library C:\Program Files\Unity\Hub\Editor\6000.0.37f1\Editor\Data\PlaybackEngines\AndroidPlayer\OpenJDK\bin\zip.dll
Event: 0.194 Loaded shared library C:\Program Files\Unity\Hub\Editor\6000.0.37f1\Editor\Data\PlaybackEngines\AndroidPlayer\OpenJDK\bin\jimage.dll
Event: 0.421 Loaded shared library C:\Program Files\Unity\Hub\Editor\6000.0.37f1\Editor\Data\PlaybackEngines\AndroidPlayer\OpenJDK\bin\sunmscapi.dll

Deoptimization events (20 events):
Event: 1.036 Thread 0x00000173faee5340 DEOPT PACKING pc=0x0000017398d775c5 sp=0x000000611defe240
Event: 1.036 Thread 0x00000173faee5340 DEOPT UNPACKING pc=0x000001739ff8ace3 sp=0x000000611defd6c8 mode 0
Event: 1.036 Thread 0x00000173fae95ed0 DEOPT PACKING pc=0x0000017398d775c5 sp=0x000000611d6fe2c0
Event: 1.036 Thread 0x00000173fae95ed0 DEOPT UNPACKING pc=0x000001739ff8ace3 sp=0x000000611d6fd748 mode 0
Event: 1.041 Thread 0x00000173faee5340 DEOPT PACKING pc=0x0000017398d775c5 sp=0x000000611defe1e0
Event: 1.041 Thread 0x00000173faee5340 DEOPT UNPACKING pc=0x000001739ff8ace3 sp=0x000000611defd668 mode 0
Event: 1.043 Thread 0x00000173fae95ed0 DEOPT PACKING pc=0x0000017398d775c5 sp=0x000000611d6fdcd0
Event: 1.043 Thread 0x00000173fae95ed0 DEOPT UNPACKING pc=0x000001739ff8ace3 sp=0x000000611d6fd158 mode 0
Event: 1.043 Thread 0x00000173fb0f4b50 DEOPT PACKING pc=0x0000017398d775c5 sp=0x000000611cbfdb60
Event: 1.043 Thread 0x00000173fb0f4b50 DEOPT UNPACKING pc=0x000001739ff8ace3 sp=0x000000611cbfcfe8 mode 0
Event: 1.043 Thread 0x00000173fae94070 DEOPT PACKING pc=0x0000017398d775c5 sp=0x000000611d4fdd70
Event: 1.043 Thread 0x00000173fae94070 DEOPT UNPACKING pc=0x000001739ff8ace3 sp=0x000000611d4fd1f8 mode 0
Event: 1.046 Thread 0x00000173faee5850 DEOPT PACKING pc=0x0000017398d775c5 sp=0x000000611ddfdfb0
Event: 1.046 Thread 0x00000173faee5850 DEOPT UNPACKING pc=0x000001739ff8ace3 sp=0x000000611ddfd438 mode 0
Event: 1.059 Thread 0x00000173fae93650 DEOPT PACKING pc=0x0000017398d775c5 sp=0x000000611d3fda80
Event: 1.059 Thread 0x00000173fae93650 DEOPT UNPACKING pc=0x000001739ff8ace3 sp=0x000000611d3fcf08 mode 0
Event: 1.075 Thread 0x000001738f4cbfa0 Uncommon trap: trap_request=0xffffff45 fr.pc=0x00000173a058d6c4 relative=0x00000000000000a4
Event: 1.075 Thread 0x000001738f4cbfa0 Uncommon trap: reason=unstable_if action=reinterpret pc=0x00000173a058d6c4 method=com.sun.org.apache.xerces.internal.impl.XMLEntityScanner.peekChar()I @ 14 c2
Event: 1.075 Thread 0x000001738f4cbfa0 DEOPT PACKING pc=0x00000173a058d6c4 sp=0x000000611aefe650
Event: 1.075 Thread 0x000001738f4cbfa0 DEOPT UNPACKING pc=0x000001739ff8a1a3 sp=0x000000611aefe5d8 mode 2

Classes unloaded (0 events):
No events

Classes redefined (0 events):
No events

Internal exceptions (20 events):
Event: 0.396 Thread 0x000001738f4cbfa0 Exception <a 'sun/nio/fs/WindowsException'{0x0000000712a1fcd0}> (0x0000000712a1fcd0) 
thrown [s\src\hotspot\share\prims\jni.cpp, line 516]
Event: 0.396 Thread 0x000001738f4cbfa0 Exception <a 'sun/nio/fs/WindowsException'{0x0000000712a20438}> (0x0000000712a20438) 
thrown [s\src\hotspot\share\prims\jni.cpp, line 516]
Event: 0.397 Thread 0x000001738f4cbfa0 Exception <a 'sun/nio/fs/WindowsException'{0x0000000712a209a8}> (0x0000000712a209a8) 
thrown [s\src\hotspot\share\prims\jni.cpp, line 516]
Event: 0.438 Thread 0x000001738f4cbfa0 Exception <a 'sun/nio/fs/WindowsException'{0x0000000712bb4748}> (0x0000000712bb4748) 
thrown [s\src\hotspot\share\prims\jni.cpp, line 516]
Event: 0.444 Thread 0x000001738f4cbfa0 Exception <a 'java/lang/NoSuchMethodError'{0x0000000712bd9440}: 'int java.lang.invoke.DirectMethodHandle$Holder.invokeStaticInit(java.lang.Object, java.lang.Object, java.lang.Object, java.lang.Object)'> (0x0000000712bd9440) 
thrown [s\src\hotspot\share\interpreter\linkResolver.cpp, line 759]
Event: 0.444 Thread 0x000001738f4cbfa0 Exception <a 'java/lang/IncompatibleClassChangeError'{0x0000000712be2920}: Found class java.lang.Object, but interface was expected> (0x0000000712be2920) 
thrown [s\src\hotspot\share\interpreter\linkResolver.cpp, line 826]
Event: 0.445 Thread 0x000001738f4cbfa0 Exception <a 'java/lang/NoSuchMethodError'{0x0000000712be5808}: 'void java.lang.invoke.DirectMethodHandle$Holder.invokeStaticInit(java.lang.Object, java.lang.Object)'> (0x0000000712be5808) 
thrown [s\src\hotspot\share\interpreter\linkResolver.cpp, line 759]
Event: 0.445 Thread 0x000001738f4cbfa0 Exception <a 'java/lang/NoSuchMethodError'{0x0000000712beb3a8}: 'int java.lang.invoke.DirectMethodHandle$Holder.invokeStaticInit(java.lang.Object, java.lang.Object)'> (0x0000000712beb3a8) 
thrown [s\src\hotspot\share\interpreter\linkResolver.cpp, line 759]
Event: 0.499 Thread 0x000001738f4cbfa0 Exception <a 'java/lang/NoSuchMethodError'{0x0000000713bfcb18}: 'java.lang.Object java.lang.invoke.DirectMethodHandle$Holder.invokeStaticInit(java.lang.Object, int, int, int, int)'> (0x0000000713bfcb18) 
thrown [s\src\hotspot\share\interpreter\linkResolver.cpp, line 759]
Event: 0.523 Thread 0x000001738f4cbfa0 Exception <a 'java/lang/NoSuchMethodError'{0x000000071382a8b0}: 'java.lang.Object java.lang.invoke.DirectMethodHandle$Holder.invokeStaticInit(java.lang.Object, java.lang.Object, int, int, int, int)'> (0x000000071382a8b0) 
thrown [s\src\hotspot\share\interpreter\linkResolver.cpp, line 759]
Event: 0.529 Thread 0x000001738f4cbfa0 Exception <a 'java/lang/NoSuchMethodError'{0x000000071383f1b8}: 'java.lang.Object java.lang.invoke.DirectMethodHandle$Holder.invokeStaticInit(java.lang.Object)'> (0x000000071383f1b8) 
thrown [s\src\hotspot\share\interpreter\linkResolver.cpp, line 759]
Event: 0.788 Thread 0x000001738f4cbfa0 Exception <a 'java/lang/NoSuchMethodError'{0x00000007134cd308}: 'java.lang.Object java.lang.invoke.DirectMethodHandle$Holder.newInvokeSpecial(java.lang.Object, double)'> (0x00000007134cd308) 
thrown [s\src\hotspot\share\interpreter\linkResolver.cpp, line 759]
Event: 0.819 Thread 0x000001738f4cbfa0 Exception <a 'java/lang/NullPointerException'{0x000000071330c388}> (0x000000071330c388) 
thrown [s\src\hotspot\share\interpreter\linkResolver.cpp, line 1433]
Event: 0.835 Thread 0x000001738f4cbfa0 Implicit null exception at 0x00000173a0530dde to 0x00000173a05317ec
Event: 0.876 Thread 0x000001738f4cbfa0 Implicit null exception at 0x00000173a053f1f4 to 0x00000173a053f3f0
Event: 0.908 Thread 0x000001738f4cbfa0 Exception <a 'java/lang/NoSuchMethodError'{0x0000000712c5a7a0}: 'java.lang.Object java.lang.invoke.DirectMethodHandle$Holder.newInvokeSpecial(java.lang.Object, java.lang.Object, int)'> (0x0000000712c5a7a0) 
thrown [s\src\hotspot\share\interpreter\linkResolver.cpp, line 759]
Event: 0.919 Thread 0x000001738f4cbfa0 Exception <a 'sun/nio/fs/WindowsException'{0x0000000712cb0b60}> (0x0000000712cb0b60) 
thrown [s\src\hotspot\share\prims\jni.cpp, line 516]
Event: 0.919 Thread 0x000001738f4cbfa0 Exception <a 'java/lang/NoSuchMethodError'{0x0000000712cb17c8}: 'int java.lang.invoke.DirectMethodHandle$Holder.invokeInterface(java.lang.Object, java.lang.Object)'> (0x0000000712cb17c8) 
thrown [s\src\hotspot\share\interpreter\linkResolver.cpp, line 759]
Event: 0.921 Thread 0x000001738f4cbfa0 Exception <a 'java/lang/NoSuchMethodError'{0x0000000712cbb928}: 'void java.lang.invoke.DirectMethodHandle$Holder.invokeStatic(java.lang.Object, int, java.lang.Object)'> (0x0000000712cbb928) 
thrown [s\src\hotspot\share\interpreter\linkResolver.cpp, line 759]
Event: 0.923 Thread 0x000001738f4cbfa0 Exception <a 'java/lang/NoSuchMethodError'{0x0000000712ccd0d8}: 'java.lang.Object java.lang.invoke.DirectMethodHandle$Holder.newInvokeSpecial(java.lang.Object, java.lang.Object, java.lang.Object, java.lang.Object, java.lang.Object, java.lang.Object)'> (0x0000000712ccd0d8) 
thrown [s\src\hotspot\share\interpreter\linkResolver.cpp, line 759]

VM Operations (20 events):
Event: 0.416 Executing VM operation: HandshakeAllThreads
Event: 0.416 Executing VM operation: HandshakeAllThreads done
Event: 0.446 Executing VM operation: G1CollectForAllocation
Event: 0.449 Executing VM operation: G1CollectForAllocation done
Event: 0.468 Executing VM operation: HandshakeAllThreads
Event: 0.468 Executing VM operation: HandshakeAllThreads done
Event: 0.503 Executing VM operation: HandshakeAllThreads
Event: 0.504 Executing VM operation: HandshakeAllThreads done
Event: 0.529 Executing VM operation: HandshakeAllThreads
Event: 0.529 Executing VM operation: HandshakeAllThreads done
Event: 0.684 Executing VM operation: HandshakeAllThreads
Event: 0.684 Executing VM operation: HandshakeAllThreads done
Event: 0.784 Executing VM operation: HandshakeAllThreads
Event: 0.784 Executing VM operation: HandshakeAllThreads done
Event: 0.800 Executing VM operation: HandshakeAllThreads
Event: 0.800 Executing VM operation: HandshakeAllThreads done
Event: 0.882 Executing VM operation: ICBufferFull
Event: 0.882 Executing VM operation: ICBufferFull done
Event: 0.996 Executing VM operation: G1CollectForAllocation
Event: 1.001 Executing VM operation: G1CollectForAllocation done

Events (20 events):
Event: 1.061 Thread 0x00000173fae93650 Thread exited: 0x00000173fae93650
Event: 1.062 Thread 0x00000173faee3f00 Thread exited: 0x00000173faee3f00
Event: 1.062 Thread 0x00000173fae96e00 Thread exited: 0x00000173fae96e00
Event: 1.064 loading class sun/security/ssl/Alert
Event: 1.064 loading class sun/security/ssl/Alert done
Event: 1.064 loading class sun/security/ssl/Alert$AlertConsumer
Event: 1.064 loading class sun/security/ssl/Alert$AlertConsumer done
Event: 1.064 loading class sun/security/ssl/Alert$Level
Event: 1.065 loading class sun/security/ssl/Alert$Level done
Event: 1.069 loading class java/net/SocketTimeoutException
Event: 1.069 loading class java/io/InterruptedIOException
Event: 1.069 loading class java/io/InterruptedIOException done
Event: 1.069 loading class java/net/SocketTimeoutException done
Event: 1.071 Thread 0x00000173fae954b0 Thread exited: 0x00000173fae954b0
Event: 1.071 Thread 0x00000173fa9ebff0 Thread exited: 0x00000173fa9ebff0
Event: 1.072 Thread 0x00000173fae94a90 Thread exited: 0x00000173fae94a90
Event: 1.087 Thread 0x00000173faee2fd0 Thread exited: 0x00000173faee2fd0
Event: 1.087 Thread 0x00000173faee39f0 Thread exited: 0x00000173faee39f0
Event: 1.087 Thread 0x00000173fae968f0 Thread exited: 0x00000173fae968f0
Event: 1.087 Thread 0x00000173fae93b60 Thread exited: 0x00000173fae93b60


Dynamic libraries:
0x00007ff6b3df0000 - 0x00007ff6b3dfe000 	C:\Program Files\Unity\Hub\Editor\6000.0.37f1\Editor\Data\PlaybackEngines\AndroidPlayer\OpenJDK\bin\java.exe
0x00007ffc295b0000 - 0x00007ffc297c7000 	C:\WINDOWS\SYSTEM32\ntdll.dll
0x00007ffc28e60000 - 0x00007ffc28f24000 	C:\WINDOWS\System32\KERNEL32.DLL
0x00007ffc26bc0000 - 0x00007ffc26f90000 	C:\WINDOWS\System32\KERNELBASE.dll
0x00007ffc26fc0000 - 0x00007ffc270d1000 	C:\WINDOWS\System32\ucrtbase.dll
0x00007ffc01e60000 - 0x00007ffc01e77000 	C:\Program Files\Unity\Hub\Editor\6000.0.37f1\Editor\Data\PlaybackEngines\AndroidPlayer\OpenJDK\bin\jli.dll
0x00007ffc01e40000 - 0x00007ffc01e5b000 	C:\Program Files\Unity\Hub\Editor\6000.0.37f1\Editor\Data\PlaybackEngines\AndroidPlayer\OpenJDK\bin\VCRUNTIME140.dll
0x00007ffc278d0000 - 0x00007ffc27a7e000 	C:\WINDOWS\System32\USER32.dll
0x00007ffc0df10000 - 0x00007ffc0e1a2000 	C:\WINDOWS\WinSxS\amd64_microsoft.windows.common-controls_6595b64144ccf1df_6.0.22621.4830_none_270fe7d773858e80\COMCTL32.dll
0x00007ffc26980000 - 0x00007ffc269a6000 	C:\WINDOWS\System32\win32u.dll
0x00007ffc283a0000 - 0x00007ffc283c9000 	C:\WINDOWS\System32\GDI32.dll
0x00007ffc29170000 - 0x00007ffc29217000 	C:\WINDOWS\System32\msvcrt.dll
0x00007ffc26860000 - 0x00007ffc2697b000 	C:\WINDOWS\System32\gdi32full.dll
0x00007ffc26b20000 - 0x00007ffc26bba000 	C:\WINDOWS\System32\msvcp_win.dll
0x00007ffc27510000 - 0x00007ffc27541000 	C:\WINDOWS\System32\IMM32.DLL
0x00007ffc01e30000 - 0x00007ffc01e3c000 	C:\Program Files\Unity\Hub\Editor\6000.0.37f1\Editor\Data\PlaybackEngines\AndroidPlayer\OpenJDK\bin\vcruntime140_1.dll
0x00007ffba1c90000 - 0x00007ffba1d1d000 	C:\Program Files\Unity\Hub\Editor\6000.0.37f1\Editor\Data\PlaybackEngines\AndroidPlayer\OpenJDK\bin\msvcp140.dll
0x00007ffb8c060000 - 0x00007ffb8ccc1000 	C:\Program Files\Unity\Hub\Editor\6000.0.37f1\Editor\Data\PlaybackEngines\AndroidPlayer\OpenJDK\bin\server\jvm.dll
0x00007ffc28da0000 - 0x00007ffc28e51000 	C:\WINDOWS\System32\ADVAPI32.dll
0x00007ffc29290000 - 0x00007ffc29337000 	C:\WINDOWS\System32\sechost.dll
0x00007ffc26f90000 - 0x00007ffc26fb8000 	C:\WINDOWS\System32\bcrypt.dll
0x00007ffc275a0000 - 0x00007ffc276b4000 	C:\WINDOWS\System32\RPCRT4.dll
0x00007ffc26730000 - 0x00007ffc2677d000 	C:\WINDOWS\SYSTEM32\POWRPROF.dll
0x00007ffc1b530000 - 0x00007ffc1b564000 	C:\WINDOWS\SYSTEM32\WINMM.dll
0x00007ffbe8dd0000 - 0x00007ffbe8dd9000 	C:\WINDOWS\SYSTEM32\WSOCK32.dll
0x00007ffc28fc0000 - 0x00007ffc29031000 	C:\WINDOWS\System32\WS2_32.dll
0x00007ffc19110000 - 0x00007ffc1911a000 	C:\WINDOWS\SYSTEM32\VERSION.dll
0x00007ffc26710000 - 0x00007ffc26723000 	C:\WINDOWS\SYSTEM32\UMPDC.dll
0x00007ffc25840000 - 0x00007ffc25858000 	C:\WINDOWS\SYSTEM32\kernel.appcore.dll
0x00007ffc01e20000 - 0x00007ffc01e2a000 	C:\Program Files\Unity\Hub\Editor\6000.0.37f1\Editor\Data\PlaybackEngines\AndroidPlayer\OpenJDK\bin\jimage.dll
0x00007ffc24090000 - 0x00007ffc242c2000 	C:\WINDOWS\SYSTEM32\DBGHELP.DLL
0x00007ffc28590000 - 0x00007ffc28920000 	C:\WINDOWS\System32\combase.dll
0x00007ffc29040000 - 0x00007ffc29117000 	C:\WINDOWS\System32\OLEAUT32.dll
0x00007ffc0e1e0000 - 0x00007ffc0e212000 	C:\WINDOWS\SYSTEM32\dbgcore.DLL
0x00007ffc27220000 - 0x00007ffc2729b000 	C:\WINDOWS\System32\bcryptPrimitives.dll
0x00007ffba1c60000 - 0x00007ffba1c85000 	C:\Program Files\Unity\Hub\Editor\6000.0.37f1\Editor\Data\PlaybackEngines\AndroidPlayer\OpenJDK\bin\java.dll
0x00007ffb943c0000 - 0x00007ffb94497000 	C:\Program Files\Unity\Hub\Editor\6000.0.37f1\Editor\Data\PlaybackEngines\AndroidPlayer\OpenJDK\bin\jsvml.dll
0x00007ffc27aa0000 - 0x00007ffc28318000 	C:\WINDOWS\System32\SHELL32.dll
0x00007ffc24740000 - 0x00007ffc25050000 	C:\WINDOWS\SYSTEM32\windows.storage.dll
0x00007ffc24600000 - 0x00007ffc2473f000 	C:\WINDOWS\SYSTEM32\wintypes.dll
0x00007ffc27400000 - 0x00007ffc2750a000 	C:\WINDOWS\System32\SHCORE.dll
0x00007ffc29350000 - 0x00007ffc293ae000 	C:\WINDOWS\System32\shlwapi.dll
0x00007ffc26790000 - 0x00007ffc267bb000 	C:\WINDOWS\SYSTEM32\profapi.dll
0x00007ffbccc40000 - 0x00007ffbccc59000 	C:\Program Files\Unity\Hub\Editor\6000.0.37f1\Editor\Data\PlaybackEngines\AndroidPlayer\OpenJDK\bin\net.dll
0x00007ffc1d6e0000 - 0x00007ffc1d80c000 	C:\WINDOWS\SYSTEM32\WINHTTP.dll
0x00007ffc25cb0000 - 0x00007ffc25d19000 	C:\WINDOWS\system32\mswsock.dll
0x00007ffbaace0000 - 0x00007ffbaacf6000 	C:\Program Files\Unity\Hub\Editor\6000.0.37f1\Editor\Data\PlaybackEngines\AndroidPlayer\OpenJDK\bin\nio.dll
0x00007ffba1c40000 - 0x00007ffba1c58000 	C:\Program Files\Unity\Hub\Editor\6000.0.37f1\Editor\Data\PlaybackEngines\AndroidPlayer\OpenJDK\bin\zip.dll
0x00007ffbd0260000 - 0x00007ffbd026e000 	C:\Program Files\Unity\Hub\Editor\6000.0.37f1\Editor\Data\PlaybackEngines\AndroidPlayer\OpenJDK\bin\sunmscapi.dll
0x00007ffc269b0000 - 0x00007ffc26b16000 	C:\WINDOWS\System32\CRYPT32.dll
0x00007ffc26110000 - 0x00007ffc2613d000 	C:\WINDOWS\SYSTEM32\ncrypt.dll
0x00007ffc260b0000 - 0x00007ffc260e7000 	C:\WINDOWS\SYSTEM32\NTASN1.dll
0x00007ffc26000000 - 0x00007ffc2601b000 	C:\WINDOWS\SYSTEM32\CRYPTSP.dll
0x00007ffc257a0000 - 0x00007ffc257d5000 	C:\WINDOWS\system32\rsaenh.dll
0x00007ffc25d50000 - 0x00007ffc25d78000 	C:\WINDOWS\SYSTEM32\USERENV.dll
0x00007ffc25fe0000 - 0x00007ffc25fec000 	C:\WINDOWS\SYSTEM32\CRYPTBASE.dll
0x00007ffc252b0000 - 0x00007ffc252dd000 	C:\WINDOWS\SYSTEM32\IPHLPAPI.DLL
0x00007ffc27a80000 - 0x00007ffc27a89000 	C:\WINDOWS\System32\NSI.dll
0x00007ffc1b510000 - 0x00007ffc1b529000 	C:\WINDOWS\SYSTEM32\dhcpcsvc6.DLL
0x00007ffc1b470000 - 0x00007ffc1b48f000 	C:\WINDOWS\SYSTEM32\dhcpcsvc.DLL
0x00007ffc25320000 - 0x00007ffc25422000 	C:\WINDOWS\SYSTEM32\DNSAPI.dll
0x00007ffc18df0000 - 0x00007ffc18dfa000 	C:\Windows\System32\rasadhlp.dll
0x00007ffc14ec0000 - 0x00007ffc14f43000 	C:\WINDOWS\System32\fwpuclnt.dll

dbghelp: loaded successfully - version: 4.0.5 - missing functions: none
symbol engine: initialized successfully - sym options: 0x614 - pdb path: .;C:\Program Files\Unity\Hub\Editor\6000.0.37f1\Editor\Data\PlaybackEngines\AndroidPlayer\OpenJDK\bin;C:\WINDOWS\SYSTEM32;C:\WINDOWS\WinSxS\amd64_microsoft.windows.common-controls_6595b64144ccf1df_6.0.22621.4830_none_270fe7d773858e80;C:\Program Files\Unity\Hub\Editor\6000.0.37f1\Editor\Data\PlaybackEngines\AndroidPlayer\OpenJDK\bin\server

VM Arguments:
jvm_args: -Dcom.android.sdklib.toolsdir=C:\Program Files\Unity\Hub\Editor\6000.0.37f1\Editor\Data\PlaybackEngines\AndroidPlayer\SDK\cmdline-tools\6.0\bin\\.. 
java_command: com.android.sdklib.tool.sdkmanager.SdkManagerCli --list
java_class_path (initial): C:\Program Files\Unity\Hub\Editor\6000.0.37f1\Editor\Data\PlaybackEngines\AndroidPlayer\SDK\cmdline-tools\6.0\bin\..\lib\sdkmanager-classpath.jar
Launcher Type: SUN_STANDARD

[Global flags]
     intx CICompilerCount                          = 4                                         {product} {ergonomic}
     uint ConcGCThreads                            = 2                                         {product} {ergonomic}
     uint G1ConcRefinementThreads                  = 8                                         {product} {ergonomic}
   size_t G1HeapRegionSize                         = 2097152                                   {product} {ergonomic}
    uintx GCDrainStackTargetSize                   = 64                                        {product} {ergonomic}
   size_t InitialHeapSize                          = 264241152                                 {product} {ergonomic}
   size_t MarkStackSize                            = 4194304                                   {product} {ergonomic}
   size_t MaxHeapSize                              = 4223664128                                {product} {ergonomic}
   size_t MaxNewSize                               = 2533359616                                {product} {ergonomic}
   size_t MinHeapDeltaBytes                        = 2097152                                   {product} {ergonomic}
   size_t MinHeapSize                              = 8388608                                   {product} {ergonomic}
    uintx NonNMethodCodeHeapSize                   = 5839372                                {pd product} {ergonomic}
    uintx NonProfiledCodeHeapSize                  = 122909434                              {pd product} {ergonomic}
    uintx ProfiledCodeHeapSize                     = 122909434                              {pd product} {ergonomic}
    uintx ReservedCodeCacheSize                    = 251658240                              {pd product} {ergonomic}
     bool SegmentedCodeCache                       = true                                      {product} {ergonomic}
   size_t SoftMaxHeapSize                          = 4223664128                             {manageable} {ergonomic}
     bool UseCompressedClassPointers               = true                           {product lp64_product} {ergonomic}
     bool UseCompressedOops                        = true                           {product lp64_product} {ergonomic}
     bool UseG1GC                                  = true                                      {product} {ergonomic}
     bool UseLargePagesIndividualAllocation        = false                                  {pd product} {ergonomic}

Logging:
Log output configuration:
 #0: stdout all=warning uptime,level,tags
 #1: stderr all=off uptime,level,tags

Environment Variables:
JAVA_HOME=C:\Program Files\Unity\Hub\Editor\6000.0.37f1\Editor\Data\PlaybackEngines\AndroidPlayer\OpenJDK
CLASSPATH=C:\Program Files\Unity\Hub\Editor\6000.0.37f1\Editor\Data\PlaybackEngines\AndroidPlayer\SDK\cmdline-tools\6.0\bin\..\lib\sdkmanager-classpath.jar
PATH=C:\ActiveTcl\bin;C:\Program Files (x86)\Common Files\Oracle\Java\javapath;C:\WINDOWS\system32;C:\WINDOWS;C:\WINDOWS\System32\Wbem;C:\WINDOWS\System32\WindowsPowerShell\v1.0\;C:\WINDOWS\System32\OpenSSH\;C:\Program Files\dotnet\;C:\Program Files\Git\cmd;C:\Users\Admins\AppData\Local\Programs\Python\Python312\Scripts\;C:\Users\Admins\AppData\Local\Programs\Python\Python312\;C:\Users\Admins\AppData\Local\Microsoft\WindowsApps;C:\Users\Admins\OneDrive\Hi`nh a?nh\My tnh\ffmpeg\bin;C:\Users\Admins\AppData\Local\GitHubDesktop\bin;C:\Users\Admins\.dotnet\tools;C:\Users\Admins\AppData\Local\Muse Hub\lib;C:\Microsoft VS Code\bin
USERNAME=Admins
OS=Windows_NT
PROCESSOR_IDENTIFIER=Intel64 Family 6 Model 140 Stepping 1, GenuineIntel
TMP=C:\Users\Admins\AppData\Local\Temp
TEMP=C:\Users\Admins\AppData\Local\Temp



Periodic native trim disabled


---------------  S Y S T E M  ---------------

OS:
 Windows 11 , 64 bit Build 22621 (10.0.22621.4830)
OS uptime: 0 days 0:51 hours
Hyper-V role detected

CPU: total 8 (initial active 8) (4 cores per cpu, 2 threads per core) family 6 model 140 stepping 1 microcode 0xb8, cx8, cmov, fxsr, ht, mmx, 3dnowpref, sse, sse2, sse3, ssse3, sse4.1, sse4.2, popcnt, lzcnt, tsc, tscinvbit, avx, avx2, aes, erms, clmul, bmi1, bmi2, adx, avx512f, avx512dq, avx512cd, avx512bw, avx512vl, sha, fma, vzeroupper, avx512_vpopcntdq, avx512_vpclmulqdq, avx512_vaes, avx512_vnni, clflush, clflushopt, clwb, avx512_vbmi2, avx512_vbmi, hv
Processor Information for all 8 processors :
  Max Mhz: 1805, Current Mhz: 1805, Mhz Limit: 1805

Memory: 4k page, system-wide physical 16110M (2066M free)
TotalPageFile size 16110M (AvailPageFile size 5M)
current process WorkingSet (physical memory assigned to process): 132M, peak: 132M
current process commit charge ("private bytes"): 392M, peak: 392M

vm_info: OpenJDK 64-Bit Server VM (17.0.9+9) for windows-amd64 JRE (17.0.9+9), built on Oct 26 2023 14:01:42 by "admin" with MS VC++ 16.10 / 16.11 (VS2019)

END.
