#
# There is insufficient memory for the Java Runtime Environment to continue.
# Native memory allocation (malloc) failed to allocate 2327088 bytes for Chunk::new
# Possible reasons:
#   The system is out of physical RAM or swap space
#   The process is running with CompressedOops enabled, and the Java Heap may be blocking the growth of the native heap
# Possible solutions:
#   Reduce memory load on the system
#   Increase physical memory or swap space
#   Check if swap backing store is full
#   Decrease Java heap size (-Xmx/-Xms)
#   Decrease number of Java threads
#   Decrease Java thread stack sizes (-Xss)
#   Set larger code cache with -XX:ReservedCodeCacheSize=
#   JVM is running with Zero Based Compressed Oops mode in which the Java heap is
#     placed in the first 32GB address space. The Java Heap base address is the
#     maximum limit for the native heap growth. Please use -XX:HeapBaseMinAddress
#     to set the Java Heap base and to place the Java Heap above 32GB virtual address.
# This output file may be truncated or incomplete.
#
#  Out of Memory Error (arena.cpp:191), pid=6436, tid=5576
#
# JRE version: OpenJDK Runtime Environment Temurin-17.0.9+9 (17.0.9+9) (build 17.0.9+9)
# Java VM: OpenJDK 64-Bit Server VM Temurin-17.0.9+9 (17.0.9+9, mixed mode, sharing, tiered, compressed oops, compressed class ptrs, g1 gc, windows-amd64)
# No core dump will be written. Minidumps are not enabled by default on client versions of Windows
#

---------------  S U M M A R Y ------------

Command Line: -Dcom.android.sdklib.toolsdir=C:\Program Files\Unity\Hub\Editor\6000.0.37f1\Editor\Data\PlaybackEngines\AndroidPlayer\SDK\cmdline-tools\6.0\bin\\.. com.android.sdklib.tool.sdkmanager.SdkManagerCli --list

Host: 11th Gen Intel(R) Core(TM) i7-1185G7 @ 3.00GHz, 8 cores, 15G,  Windows 11 , 64 bit Build 22621 (10.0.22621.4830)
Time: Tue Feb 11 11:08:41 2025 SE Asia Standard Time elapsed time: 2.619517 seconds (0d 0h 0m 2s)

---------------  T H R E A D  ---------------

Current thread (0x0000019292682410):  JavaThread "C2 CompilerThread1" daemon [_thread_in_native, id=5576, stack(0x00000065b0600000,0x00000065b0700000)]


Current CompileTask:
C2:   2619 3284       4       com.sun.org.apache.xerces.internal.impl.XMLNSDocumentScannerImpl::scanStartElement (1031 bytes)

Stack: [0x00000065b0600000,0x00000065b0700000]
Native frames: (J=compiled Java code, j=interpreted, Vv=VM code, C=native code)
V  [jvm.dll+0x67cf49]
V  [jvm.dll+0x83478a]
V  [jvm.dll+0x83624e]
V  [jvm.dll+0x8368b3]
V  [jvm.dll+0x247f1f]
V  [jvm.dll+0xac43c]
V  [jvm.dll+0xaca8c]
V  [jvm.dll+0x367067]
V  [jvm.dll+0x3313ba]
V  [jvm.dll+0x33085a]
V  [jvm.dll+0x21a5b1]
V  [jvm.dll+0x2199d1]
V  [jvm.dll+0x1a57cd]
V  [jvm.dll+0x2297ae]
V  [jvm.dll+0x22797c]
V  [jvm.dll+0x7e9877]
V  [jvm.dll+0x7e3c3a]
V  [jvm.dll+0x67be35]
C  [ucrtbase.dll+0x29333]
C  [KERNEL32.DLL+0x1259d]
C  [ntdll.dll+0x5af38]


---------------  P R O C E S S  ---------------

Threads class SMR info:
_java_thread_list=0x0000019293b59140, length=15, elements={
0x0000019229cfd040, 0x000001924cb34130, 0x000001924cb34a00, 0x000001929200dfb0,
0x000001929200ec90, 0x0000019292013590, 0x0000019292013e60, 0x0000019292014a60,
0x0000019292026180, 0x0000019292027eb0, 0x000001929215d1a0, 0x000001929215fe00,
0x0000019292682410, 0x0000019292a78010, 0x0000019292a79560
}

Java Threads: ( => current thread )
  0x0000019229cfd040 JavaThread "main" [_thread_in_native, id=2600, stack(0x00000065af300000,0x00000065af400000)]
  0x000001924cb34130 JavaThread "Reference Handler" daemon [_thread_blocked, id=4876, stack(0x00000065afa00000,0x00000065afb00000)]
  0x000001924cb34a00 JavaThread "Finalizer" daemon [_thread_blocked, id=16232, stack(0x00000065afb00000,0x00000065afc00000)]
  0x000001929200dfb0 JavaThread "Signal Dispatcher" daemon [_thread_blocked, id=4600, stack(0x00000065afc00000,0x00000065afd00000)]
  0x000001929200ec90 JavaThread "Attach Listener" daemon [_thread_blocked, id=1812, stack(0x00000065afd00000,0x00000065afe00000)]
  0x0000019292013590 JavaThread "Service Thread" daemon [_thread_blocked, id=7604, stack(0x00000065afe00000,0x00000065aff00000)]
  0x0000019292013e60 JavaThread "Monitor Deflation Thread" daemon [_thread_blocked, id=2592, stack(0x00000065aff00000,0x00000065b0000000)]
  0x0000019292014a60 JavaThread "C2 CompilerThread0" daemon [_thread_in_native, id=2268, stack(0x00000065b0000000,0x00000065b0100000)]
  0x0000019292026180 JavaThread "C1 CompilerThread0" daemon [_thread_in_vm, id=4244, stack(0x00000065b0100000,0x00000065b0200000)]
  0x0000019292027eb0 JavaThread "Sweeper thread" daemon [_thread_blocked, id=16264, stack(0x00000065b0200000,0x00000065b0300000)]
  0x000001929215d1a0 JavaThread "Notification Thread" daemon [_thread_blocked, id=9096, stack(0x00000065b0300000,0x00000065b0400000)]
  0x000001929215fe00 JavaThread "Common-Cleaner" daemon [_thread_blocked, id=16320, stack(0x00000065b0500000,0x00000065b0600000)]
=>0x0000019292682410 JavaThread "C2 CompilerThread1" daemon [_thread_in_native, id=5576, stack(0x00000065b0600000,0x00000065b0700000)]
  0x0000019292a78010 JavaThread "C2 CompilerThread2" daemon [_thread_in_native, id=18064, stack(0x00000065b0700000,0x00000065b0800000)]
  0x0000019292a79560 JavaThread "Keep-Alive-Timer" daemon [_thread_blocked, id=15912, stack(0x00000065b0f00000,0x00000065b1000000)]

Other Threads:
  0x000001924cb2e860 VMThread "VM Thread" [stack: 0x00000065af900000,0x00000065afa00000] [id=16408]
  0x000001929215f690 WatcherThread [stack: 0x00000065b0400000,0x00000065b0500000] [id=7924]
  0x0000019229d6b3b0 GCTaskThread "GC Thread#0" [stack: 0x00000065af400000,0x00000065af500000] [id=4344]
  0x0000019292901a40 GCTaskThread "GC Thread#1" [stack: 0x00000065b0800000,0x00000065b0900000] [id=16576]
  0x00000192928b4f90 GCTaskThread "GC Thread#2" [stack: 0x00000065b0900000,0x00000065b0a00000] [id=8972]
  0x00000192928b5250 GCTaskThread "GC Thread#3" [stack: 0x00000065b0a00000,0x00000065b0b00000] [id=17400]
  0x00000192928b5510 GCTaskThread "GC Thread#4" [stack: 0x00000065b0b00000,0x00000065b0c00000] [id=14096]
  0x00000192928b57d0 GCTaskThread "GC Thread#5" [stack: 0x00000065b0c00000,0x00000065b0d00000] [id=8888]
  0x000001929293fc00 GCTaskThread "GC Thread#6" [stack: 0x00000065b0d00000,0x00000065b0e00000] [id=17080]
  0x000001929293fec0 GCTaskThread "GC Thread#7" [stack: 0x00000065b0e00000,0x00000065b0f00000] [id=10620]
  0x0000019229d7bdd0 ConcurrentGCThread "G1 Main Marker" [stack: 0x00000065af500000,0x00000065af600000] [id=7300]
  0x0000019229d7c700 ConcurrentGCThread "G1 Conc#0" [stack: 0x00000065af600000,0x00000065af700000] [id=4664]
  0x000001924c9e75c0 ConcurrentGCThread "G1 Refine#0" [stack: 0x00000065af700000,0x00000065af800000] [id=14112]
  0x000001924c9e7ca0 ConcurrentGCThread "G1 Service" [stack: 0x00000065af800000,0x00000065af900000] [id=12592]

Threads with active compile tasks:
C2 CompilerThread0     2632 3312       4       com.sun.org.apache.xerces.internal.impl.XMLEntityScanner::scanQName (580 bytes)
C1 CompilerThread0     2632 3480       2       sun.nio.fs.WindowsPath::compareTo (118 bytes)
C2 CompilerThread1     2633 3284       4       com.sun.org.apache.xerces.internal.impl.XMLNSDocumentScannerImpl::scanStartElement (1031 bytes)
C2 CompilerThread2     2633 3288   !   4       com.sun.org.apache.xerces.internal.parsers.AbstractSAXParser::startElement (318 bytes)

VM state: not at safepoint (normal execution)

VM Mutex/Monitor currently owned by a thread:  ([mutex/lock_event])
[0x0000019229cf9310] MethodCompileQueue_lock - owner thread: 0x0000000000000000

Heap address: 0x0000000704400000, size: 4028 MB, Compressed Oops mode: Zero based, Oop shift amount: 3

CDS archive(s) mapped at: [0x000001924d000000-0x000001924dba0000-0x000001924dba0000), size 12189696, SharedBaseAddress: 0x000001924d000000, ArchiveRelocationMode: 1.
Compressed class space mapped at: 0x000001924e000000-0x000001928e000000, reserved size: 1073741824
Narrow klass base: 0x000001924d000000, Narrow klass shift: 0, Narrow klass range: 0x100000000

GC Precious Log:
 CPUs: 8 total, 8 available
 Memory: 16110M
 Large Page Support: Disabled
 NUMA Support: Disabled
 Compressed Oops: Enabled (Zero based)
 Heap Region Size: 2M
 Heap Min Capacity: 8M
 Heap Initial Capacity: 252M
 Heap Max Capacity: 4028M
 Pre-touch: Disabled
 Parallel Workers: 8
 Concurrent Workers: 2
 Concurrent Refinement Workers: 8
 Periodic GC: Disabled

Heap:
 garbage-first heap   total 258048K, used 101517K [0x0000000704400000, 0x0000000800000000)
  region size 2048K, 48 young (98304K), 4 survivors (8192K)
 Metaspace       used 17753K, committed 18048K, reserved 1114112K
  class space    used 1891K, committed 2048K, reserved 1048576K

Heap Regions: E=young(eden), S=young(survivor), O=old, HS=humongous(starts), HC=humongous(continues), CS=collection set, F=free, OA=open archive, CA=closed archive, TAMS=top-at-mark-start (previous, next)
|   0|0x0000000704400000, 0x0000000704600000, 0x0000000704600000|100%| O|  |TAMS 0x0000000704400000, 0x0000000704400000| Untracked 
|   1|0x0000000704600000, 0x0000000704800000, 0x0000000704800000|100%| O|  |TAMS 0x0000000704600000, 0x0000000704600000| Untracked 
|   2|0x0000000704800000, 0x0000000704945c00, 0x0000000704a00000| 63%| O|  |TAMS 0x0000000704800000, 0x0000000704800000| Untracked 
|   3|0x0000000704a00000, 0x0000000704a00000, 0x0000000704c00000|  0%| F|  |TAMS 0x0000000704a00000, 0x0000000704a00000| Untracked 
|   4|0x0000000704c00000, 0x0000000704c00000, 0x0000000704e00000|  0%| F|  |TAMS 0x0000000704c00000, 0x0000000704c00000| Untracked 
|   5|0x0000000704e00000, 0x0000000704e00000, 0x0000000705000000|  0%| F|  |TAMS 0x0000000704e00000, 0x0000000704e00000| Untracked 
|   6|0x0000000705000000, 0x0000000705000000, 0x0000000705200000|  0%| F|  |TAMS 0x0000000705000000, 0x0000000705000000| Untracked 
|   7|0x0000000705200000, 0x0000000705200000, 0x0000000705400000|  0%| F|  |TAMS 0x0000000705200000, 0x0000000705200000| Untracked 
|   8|0x0000000705400000, 0x0000000705400000, 0x0000000705600000|  0%| F|  |TAMS 0x0000000705400000, 0x0000000705400000| Untracked 
|   9|0x0000000705600000, 0x0000000705600000, 0x0000000705800000|  0%| F|  |TAMS 0x0000000705600000, 0x0000000705600000| Untracked 
|  10|0x0000000705800000, 0x0000000705800000, 0x0000000705a00000|  0%| F|  |TAMS 0x0000000705800000, 0x0000000705800000| Untracked 
|  11|0x0000000705a00000, 0x0000000705a00000, 0x0000000705c00000|  0%| F|  |TAMS 0x0000000705a00000, 0x0000000705a00000| Untracked 
|  12|0x0000000705c00000, 0x0000000705c00000, 0x0000000705e00000|  0%| F|  |TAMS 0x0000000705c00000, 0x0000000705c00000| Untracked 
|  13|0x0000000705e00000, 0x0000000705e00000, 0x0000000706000000|  0%| F|  |TAMS 0x0000000705e00000, 0x0000000705e00000| Untracked 
|  14|0x0000000706000000, 0x0000000706000000, 0x0000000706200000|  0%| F|  |TAMS 0x0000000706000000, 0x0000000706000000| Untracked 
|  15|0x0000000706200000, 0x0000000706200000, 0x0000000706400000|  0%| F|  |TAMS 0x0000000706200000, 0x0000000706200000| Untracked 
|  16|0x0000000706400000, 0x0000000706400000, 0x0000000706600000|  0%| F|  |TAMS 0x0000000706400000, 0x0000000706400000| Untracked 
|  17|0x0000000706600000, 0x0000000706600000, 0x0000000706800000|  0%| F|  |TAMS 0x0000000706600000, 0x0000000706600000| Untracked 
|  18|0x0000000706800000, 0x0000000706800000, 0x0000000706a00000|  0%| F|  |TAMS 0x0000000706800000, 0x0000000706800000| Untracked 
|  19|0x0000000706a00000, 0x0000000706a00000, 0x0000000706c00000|  0%| F|  |TAMS 0x0000000706a00000, 0x0000000706a00000| Untracked 
|  20|0x0000000706c00000, 0x0000000706c00000, 0x0000000706e00000|  0%| F|  |TAMS 0x0000000706c00000, 0x0000000706c00000| Untracked 
|  21|0x0000000706e00000, 0x0000000706e00000, 0x0000000707000000|  0%| F|  |TAMS 0x0000000706e00000, 0x0000000706e00000| Untracked 
|  22|0x0000000707000000, 0x0000000707000000, 0x0000000707200000|  0%| F|  |TAMS 0x0000000707000000, 0x0000000707000000| Untracked 
|  23|0x0000000707200000, 0x0000000707200000, 0x0000000707400000|  0%| F|  |TAMS 0x0000000707200000, 0x0000000707200000| Untracked 
|  24|0x0000000707400000, 0x0000000707400000, 0x0000000707600000|  0%| F|  |TAMS 0x0000000707400000, 0x0000000707400000| Untracked 
|  25|0x0000000707600000, 0x0000000707600000, 0x0000000707800000|  0%| F|  |TAMS 0x0000000707600000, 0x0000000707600000| Untracked 
|  26|0x0000000707800000, 0x0000000707800000, 0x0000000707a00000|  0%| F|  |TAMS 0x0000000707800000, 0x0000000707800000| Untracked 
|  27|0x0000000707a00000, 0x0000000707a00000, 0x0000000707c00000|  0%| F|  |TAMS 0x0000000707a00000, 0x0000000707a00000| Untracked 
|  28|0x0000000707c00000, 0x0000000707c00000, 0x0000000707e00000|  0%| F|  |TAMS 0x0000000707c00000, 0x0000000707c00000| Untracked 
|  29|0x0000000707e00000, 0x0000000707e00000, 0x0000000708000000|  0%| F|  |TAMS 0x0000000707e00000, 0x0000000707e00000| Untracked 
|  30|0x0000000708000000, 0x0000000708000000, 0x0000000708200000|  0%| F|  |TAMS 0x0000000708000000, 0x0000000708000000| Untracked 
|  31|0x0000000708200000, 0x0000000708200000, 0x0000000708400000|  0%| F|  |TAMS 0x0000000708200000, 0x0000000708200000| Untracked 
|  32|0x0000000708400000, 0x0000000708400000, 0x0000000708600000|  0%| F|  |TAMS 0x0000000708400000, 0x0000000708400000| Untracked 
|  33|0x0000000708600000, 0x0000000708600000, 0x0000000708800000|  0%| F|  |TAMS 0x0000000708600000, 0x0000000708600000| Untracked 
|  34|0x0000000708800000, 0x0000000708800000, 0x0000000708a00000|  0%| F|  |TAMS 0x0000000708800000, 0x0000000708800000| Untracked 
|  35|0x0000000708a00000, 0x0000000708a00000, 0x0000000708c00000|  0%| F|  |TAMS 0x0000000708a00000, 0x0000000708a00000| Untracked 
|  36|0x0000000708c00000, 0x0000000708c00000, 0x0000000708e00000|  0%| F|  |TAMS 0x0000000708c00000, 0x0000000708c00000| Untracked 
|  37|0x0000000708e00000, 0x0000000708e00000, 0x0000000709000000|  0%| F|  |TAMS 0x0000000708e00000, 0x0000000708e00000| Untracked 
|  38|0x0000000709000000, 0x0000000709000000, 0x0000000709200000|  0%| F|  |TAMS 0x0000000709000000, 0x0000000709000000| Untracked 
|  39|0x0000000709200000, 0x0000000709200000, 0x0000000709400000|  0%| F|  |TAMS 0x0000000709200000, 0x0000000709200000| Untracked 
|  40|0x0000000709400000, 0x0000000709400000, 0x0000000709600000|  0%| F|  |TAMS 0x0000000709400000, 0x0000000709400000| Untracked 
|  41|0x0000000709600000, 0x0000000709600000, 0x0000000709800000|  0%| F|  |TAMS 0x0000000709600000, 0x0000000709600000| Untracked 
|  42|0x0000000709800000, 0x0000000709800000, 0x0000000709a00000|  0%| F|  |TAMS 0x0000000709800000, 0x0000000709800000| Untracked 
|  43|0x0000000709a00000, 0x0000000709a00000, 0x0000000709c00000|  0%| F|  |TAMS 0x0000000709a00000, 0x0000000709a00000| Untracked 
|  44|0x0000000709c00000, 0x0000000709c00000, 0x0000000709e00000|  0%| F|  |TAMS 0x0000000709c00000, 0x0000000709c00000| Untracked 
|  45|0x0000000709e00000, 0x0000000709e00000, 0x000000070a000000|  0%| F|  |TAMS 0x0000000709e00000, 0x0000000709e00000| Untracked 
|  46|0x000000070a000000, 0x000000070a000000, 0x000000070a200000|  0%| F|  |TAMS 0x000000070a000000, 0x000000070a000000| Untracked 
|  47|0x000000070a200000, 0x000000070a200000, 0x000000070a400000|  0%| F|  |TAMS 0x000000070a200000, 0x000000070a200000| Untracked 
|  48|0x000000070a400000, 0x000000070a400000, 0x000000070a600000|  0%| F|  |TAMS 0x000000070a400000, 0x000000070a400000| Untracked 
|  49|0x000000070a600000, 0x000000070a600000, 0x000000070a800000|  0%| F|  |TAMS 0x000000070a600000, 0x000000070a600000| Untracked 
|  50|0x000000070a800000, 0x000000070a800000, 0x000000070aa00000|  0%| F|  |TAMS 0x000000070a800000, 0x000000070a800000| Untracked 
|  51|0x000000070aa00000, 0x000000070aa00000, 0x000000070ac00000|  0%| F|  |TAMS 0x000000070aa00000, 0x000000070aa00000| Untracked 
|  52|0x000000070ac00000, 0x000000070ac00000, 0x000000070ae00000|  0%| F|  |TAMS 0x000000070ac00000, 0x000000070ac00000| Untracked 
|  53|0x000000070ae00000, 0x000000070ae00000, 0x000000070b000000|  0%| F|  |TAMS 0x000000070ae00000, 0x000000070ae00000| Untracked 
|  54|0x000000070b000000, 0x000000070b000000, 0x000000070b200000|  0%| F|  |TAMS 0x000000070b000000, 0x000000070b000000| Untracked 
|  55|0x000000070b200000, 0x000000070b200000, 0x000000070b400000|  0%| F|  |TAMS 0x000000070b200000, 0x000000070b200000| Untracked 
|  56|0x000000070b400000, 0x000000070b400000, 0x000000070b600000|  0%| F|  |TAMS 0x000000070b400000, 0x000000070b400000| Untracked 
|  57|0x000000070b600000, 0x000000070b600000, 0x000000070b800000|  0%| F|  |TAMS 0x000000070b600000, 0x000000070b600000| Untracked 
|  58|0x000000070b800000, 0x000000070b800000, 0x000000070ba00000|  0%| F|  |TAMS 0x000000070b800000, 0x000000070b800000| Untracked 
|  59|0x000000070ba00000, 0x000000070ba00000, 0x000000070bc00000|  0%| F|  |TAMS 0x000000070ba00000, 0x000000070ba00000| Untracked 
|  60|0x000000070bc00000, 0x000000070bc00000, 0x000000070be00000|  0%| F|  |TAMS 0x000000070bc00000, 0x000000070bc00000| Untracked 
|  61|0x000000070be00000, 0x000000070be00000, 0x000000070c000000|  0%| F|  |TAMS 0x000000070be00000, 0x000000070be00000| Untracked 
|  62|0x000000070c000000, 0x000000070c000000, 0x000000070c200000|  0%| F|  |TAMS 0x000000070c000000, 0x000000070c000000| Untracked 
|  63|0x000000070c200000, 0x000000070c200000, 0x000000070c400000|  0%| F|  |TAMS 0x000000070c200000, 0x000000070c200000| Untracked 
|  64|0x000000070c400000, 0x000000070c400000, 0x000000070c600000|  0%| F|  |TAMS 0x000000070c400000, 0x000000070c400000| Untracked 
|  65|0x000000070c600000, 0x000000070c600000, 0x000000070c800000|  0%| F|  |TAMS 0x000000070c600000, 0x000000070c600000| Untracked 
|  66|0x000000070c800000, 0x000000070c800000, 0x000000070ca00000|  0%| F|  |TAMS 0x000000070c800000, 0x000000070c800000| Untracked 
|  67|0x000000070ca00000, 0x000000070ca00000, 0x000000070cc00000|  0%| F|  |TAMS 0x000000070ca00000, 0x000000070ca00000| Untracked 
|  68|0x000000070cc00000, 0x000000070cc00000, 0x000000070ce00000|  0%| F|  |TAMS 0x000000070cc00000, 0x000000070cc00000| Untracked 
|  69|0x000000070ce00000, 0x000000070ce00000, 0x000000070d000000|  0%| F|  |TAMS 0x000000070ce00000, 0x000000070ce00000| Untracked 
|  70|0x000000070d000000, 0x000000070d000000, 0x000000070d200000|  0%| F|  |TAMS 0x000000070d000000, 0x000000070d000000| Untracked 
|  71|0x000000070d200000, 0x000000070d200000, 0x000000070d400000|  0%| F|  |TAMS 0x000000070d200000, 0x000000070d200000| Untracked 
|  72|0x000000070d400000, 0x000000070d400000, 0x000000070d600000|  0%| F|  |TAMS 0x000000070d400000, 0x000000070d400000| Untracked 
|  73|0x000000070d600000, 0x000000070d600000, 0x000000070d800000|  0%| F|  |TAMS 0x000000070d600000, 0x000000070d600000| Untracked 
|  74|0x000000070d800000, 0x000000070d800000, 0x000000070da00000|  0%| F|  |TAMS 0x000000070d800000, 0x000000070d800000| Untracked 
|  75|0x000000070da00000, 0x000000070da00000, 0x000000070dc00000|  0%| F|  |TAMS 0x000000070da00000, 0x000000070da00000| Untracked 
|  76|0x000000070dc00000, 0x000000070dc00000, 0x000000070de00000|  0%| F|  |TAMS 0x000000070dc00000, 0x000000070dc00000| Untracked 
|  77|0x000000070de00000, 0x000000070de00000, 0x000000070e000000|  0%| F|  |TAMS 0x000000070de00000, 0x000000070de00000| Untracked 
|  78|0x000000070e000000, 0x000000070e200000, 0x000000070e200000|100%| E|  |TAMS 0x000000070e000000, 0x000000070e000000| Complete 
|  79|0x000000070e200000, 0x000000070e400000, 0x000000070e400000|100%| E|CS|TAMS 0x000000070e200000, 0x000000070e200000| Complete 
|  80|0x000000070e400000, 0x000000070e600000, 0x000000070e600000|100%| E|CS|TAMS 0x000000070e400000, 0x000000070e400000| Complete 
|  81|0x000000070e600000, 0x000000070e800000, 0x000000070e800000|100%| E|CS|TAMS 0x000000070e600000, 0x000000070e600000| Complete 
|  82|0x000000070e800000, 0x000000070ea00000, 0x000000070ea00000|100%| E|CS|TAMS 0x000000070e800000, 0x000000070e800000| Complete 
|  83|0x000000070ea00000, 0x000000070ec00000, 0x000000070ec00000|100%| E|CS|TAMS 0x000000070ea00000, 0x000000070ea00000| Complete 
|  84|0x000000070ec00000, 0x000000070ee00000, 0x000000070ee00000|100%| E|CS|TAMS 0x000000070ec00000, 0x000000070ec00000| Complete 
|  85|0x000000070ee00000, 0x000000070f000000, 0x000000070f000000|100%| E|CS|TAMS 0x000000070ee00000, 0x000000070ee00000| Complete 
|  86|0x000000070f000000, 0x000000070f200000, 0x000000070f200000|100%| E|CS|TAMS 0x000000070f000000, 0x000000070f000000| Complete 
|  87|0x000000070f200000, 0x000000070f400000, 0x000000070f400000|100%| E|CS|TAMS 0x000000070f200000, 0x000000070f200000| Complete 
|  88|0x000000070f400000, 0x000000070f600000, 0x000000070f600000|100%| E|CS|TAMS 0x000000070f400000, 0x000000070f400000| Complete 
|  89|0x000000070f600000, 0x000000070f800000, 0x000000070f800000|100%| E|CS|TAMS 0x000000070f600000, 0x000000070f600000| Complete 
|  90|0x000000070f800000, 0x000000070fa00000, 0x000000070fa00000|100%| E|CS|TAMS 0x000000070f800000, 0x000000070f800000| Complete 
|  91|0x000000070fa00000, 0x000000070fbdd848, 0x000000070fc00000| 93%| S|CS|TAMS 0x000000070fa00000, 0x000000070fa00000| Complete 
|  92|0x000000070fc00000, 0x000000070fe00000, 0x000000070fe00000|100%| S|CS|TAMS 0x000000070fc00000, 0x000000070fc00000| Complete 
|  93|0x000000070fe00000, 0x0000000710000000, 0x0000000710000000|100%| S|CS|TAMS 0x000000070fe00000, 0x000000070fe00000| Complete 
|  94|0x0000000710000000, 0x0000000710200000, 0x0000000710200000|100%| S|CS|TAMS 0x0000000710000000, 0x0000000710000000| Complete 
|  95|0x0000000710200000, 0x0000000710400000, 0x0000000710400000|100%| E|CS|TAMS 0x0000000710200000, 0x0000000710200000| Complete 
|  96|0x0000000710400000, 0x0000000710600000, 0x0000000710600000|100%| E|CS|TAMS 0x0000000710400000, 0x0000000710400000| Complete 
|  97|0x0000000710600000, 0x0000000710800000, 0x0000000710800000|100%| E|CS|TAMS 0x0000000710600000, 0x0000000710600000| Complete 
|  98|0x0000000710800000, 0x0000000710a00000, 0x0000000710a00000|100%| E|CS|TAMS 0x0000000710800000, 0x0000000710800000| Complete 
|  99|0x0000000710a00000, 0x0000000710c00000, 0x0000000710c00000|100%| E|CS|TAMS 0x0000000710a00000, 0x0000000710a00000| Complete 
| 100|0x0000000710c00000, 0x0000000710e00000, 0x0000000710e00000|100%| E|CS|TAMS 0x0000000710c00000, 0x0000000710c00000| Complete 
| 101|0x0000000710e00000, 0x0000000711000000, 0x0000000711000000|100%| E|CS|TAMS 0x0000000710e00000, 0x0000000710e00000| Complete 
| 102|0x0000000711000000, 0x0000000711200000, 0x0000000711200000|100%| E|CS|TAMS 0x0000000711000000, 0x0000000711000000| Complete 
| 103|0x0000000711200000, 0x0000000711400000, 0x0000000711400000|100%| E|CS|TAMS 0x0000000711200000, 0x0000000711200000| Complete 
| 104|0x0000000711400000, 0x0000000711600000, 0x0000000711600000|100%| E|CS|TAMS 0x0000000711400000, 0x0000000711400000| Complete 
| 105|0x0000000711600000, 0x0000000711800000, 0x0000000711800000|100%| E|CS|TAMS 0x0000000711600000, 0x0000000711600000| Complete 
| 106|0x0000000711800000, 0x0000000711a00000, 0x0000000711a00000|100%| E|CS|TAMS 0x0000000711800000, 0x0000000711800000| Complete 
| 107|0x0000000711a00000, 0x0000000711c00000, 0x0000000711c00000|100%| E|CS|TAMS 0x0000000711a00000, 0x0000000711a00000| Complete 
| 108|0x0000000711c00000, 0x0000000711e00000, 0x0000000711e00000|100%| E|CS|TAMS 0x0000000711c00000, 0x0000000711c00000| Complete 
| 109|0x0000000711e00000, 0x0000000712000000, 0x0000000712000000|100%| E|CS|TAMS 0x0000000711e00000, 0x0000000711e00000| Complete 
| 110|0x0000000712000000, 0x0000000712200000, 0x0000000712200000|100%| E|CS|TAMS 0x0000000712000000, 0x0000000712000000| Complete 
| 111|0x0000000712200000, 0x0000000712400000, 0x0000000712400000|100%| E|CS|TAMS 0x0000000712200000, 0x0000000712200000| Complete 
| 112|0x0000000712400000, 0x0000000712600000, 0x0000000712600000|100%| E|CS|TAMS 0x0000000712400000, 0x0000000712400000| Complete 
| 113|0x0000000712600000, 0x0000000712800000, 0x0000000712800000|100%| E|CS|TAMS 0x0000000712600000, 0x0000000712600000| Complete 
| 114|0x0000000712800000, 0x0000000712a00000, 0x0000000712a00000|100%| E|CS|TAMS 0x0000000712800000, 0x0000000712800000| Complete 
| 115|0x0000000712a00000, 0x0000000712c00000, 0x0000000712c00000|100%| E|CS|TAMS 0x0000000712a00000, 0x0000000712a00000| Complete 
| 116|0x0000000712c00000, 0x0000000712e00000, 0x0000000712e00000|100%| E|CS|TAMS 0x0000000712c00000, 0x0000000712c00000| Complete 
| 117|0x0000000712e00000, 0x0000000713000000, 0x0000000713000000|100%| E|CS|TAMS 0x0000000712e00000, 0x0000000712e00000| Complete 
| 118|0x0000000713000000, 0x0000000713200000, 0x0000000713200000|100%| E|CS|TAMS 0x0000000713000000, 0x0000000713000000| Complete 
| 119|0x0000000713200000, 0x0000000713400000, 0x0000000713400000|100%| E|CS|TAMS 0x0000000713200000, 0x0000000713200000| Complete 
| 120|0x0000000713400000, 0x0000000713600000, 0x0000000713600000|100%| E|CS|TAMS 0x0000000713400000, 0x0000000713400000| Complete 
| 121|0x0000000713600000, 0x0000000713800000, 0x0000000713800000|100%| E|CS|TAMS 0x0000000713600000, 0x0000000713600000| Complete 
| 122|0x0000000713800000, 0x0000000713a00000, 0x0000000713a00000|100%| E|CS|TAMS 0x0000000713800000, 0x0000000713800000| Complete 
| 123|0x0000000713a00000, 0x0000000713c00000, 0x0000000713c00000|100%| E|CS|TAMS 0x0000000713a00000, 0x0000000713a00000| Complete 
| 124|0x0000000713c00000, 0x0000000713e00000, 0x0000000713e00000|100%| E|CS|TAMS 0x0000000713c00000, 0x0000000713c00000| Complete 
| 125|0x0000000713e00000, 0x0000000714000000, 0x0000000714000000|100%| E|CS|TAMS 0x0000000713e00000, 0x0000000713e00000| Complete 

Card table byte_map: [0x0000019241320000,0x0000019241b00000] _byte_map_base: 0x000001923dafe000

Marking Bits (Prev, Next): (CMBitMap*) 0x0000019229d6b8e0, (CMBitMap*) 0x0000019229d6b920
 Prev Bits: [0x00000192422e0000, 0x00000192461d0000)
 Next Bits: [0x00000192461d0000, 0x000001924a0c0000)

Polling page: 0x0000019227cc0000

Metaspace:

Usage:
  Non-class:     15.50 MB used.
      Class:      1.85 MB used.
       Both:     17.35 MB used.

Virtual space:
  Non-class space:       64.00 MB reserved,      15.62 MB ( 24%) committed,  1 nodes.
      Class space:        1.00 GB reserved,       2.00 MB ( <1%) committed,  1 nodes.
             Both:        1.06 GB reserved,      17.62 MB (  2%) committed. 

Chunk freelists:
   Non-Class:  15.85 MB
       Class:  13.93 MB
        Both:  29.78 MB

MaxMetaspaceSize: unlimited
CompressedClassSpaceSize: 1.00 GB
Initial GC threshold: 21.00 MB
Current GC threshold: 21.00 MB
CDS: on
MetaspaceReclaimPolicy: balanced
 - commit_granule_bytes: 65536.
 - commit_granule_words: 8192.
 - virtual_space_node_default_size: 8388608.
 - enlarge_chunks_in_place: 1.
 - new_chunks_are_fully_committed: 0.
 - uncommit_free_chunks: 1.
 - use_allocation_guard: 0.
 - handle_deallocations: 1.


Internal statistics:

num_allocs_failed_limit: 0.
num_arena_births: 234.
num_arena_deaths: 0.
num_vsnodes_births: 2.
num_vsnodes_deaths: 0.
num_space_committed: 282.
num_space_uncommitted: 0.
num_chunks_returned_to_freelist: 0.
num_chunks_taken_from_freelist: 636.
num_chunk_merges: 0.
num_chunk_splits: 371.
num_chunks_enlarged: 206.
num_inconsistent_stats: 0.

CodeHeap 'non-profiled nmethods': size=120000Kb used=1488Kb max_used=1488Kb free=118511Kb
 bounds [0x00000192392e0000, 0x0000019239550000, 0x0000019240810000]
CodeHeap 'profiled nmethods': size=120000Kb used=6632Kb max_used=6632Kb free=113367Kb
 bounds [0x0000019231810000, 0x0000019231e90000, 0x0000019238d40000]
CodeHeap 'non-nmethods': size=5760Kb used=1278Kb max_used=1302Kb free=4481Kb
 bounds [0x0000019238d40000, 0x0000019238fb0000, 0x00000192392e0000]
 total_blobs=3989 nmethods=3459 adapters=440
 compilation: enabled
              stopped_count=0, restarted_count=0
 full_count=0

Compilation events (20 events):
Event: 2.603 Thread 0x0000019292026180 3444   !   2       sun.nio.ch.IOUtil::readIntoNativeBuffer (173 bytes)
Event: 2.603 Thread 0x0000019292026180 nmethod 3444 0x0000019231e74510 code [0x0000019231e74760, 0x0000019231e74d58]
Event: 2.605 Thread 0x0000019292026180 3445       2       java.util.regex.Pattern::split (288 bytes)
Event: 2.607 Thread 0x0000019292026180 nmethod 3445 0x0000019231e75190 code [0x0000019231e75520, 0x0000019231e769a8]
Event: 2.607 Thread 0x0000019292026180 3446       2       java.lang.invoke.TypeConvertingMethodAdapter::cast (42 bytes)
Event: 2.608 Thread 0x0000019292026180 nmethod 3446 0x0000019231e77490 code [0x0000019231e77660, 0x0000019231e77868]
Event: 2.608 Thread 0x0000019292026180 3448   !   2       java.io.BufferedWriter::write (117 bytes)
Event: 2.608 Thread 0x0000019292026180 nmethod 3448 0x0000019231e77a10 code [0x0000019231e77be0, 0x0000019231e77fe8]
Event: 2.608 Thread 0x0000019292026180 3447       2       java.io.Writer::write (11 bytes)
Event: 2.608 Thread 0x0000019292026180 nmethod 3447 0x0000019231e78310 code [0x0000019231e784c0, 0x0000019231e78608]
Event: 2.608 Thread 0x0000019292026180 3449       2       jdk.internal.org.objectweb.asm.ClassWriter::visitField (53 bytes)
Event: 2.608 Thread 0x0000019292026180 nmethod 3449 0x0000019231e78710 code [0x0000019231e788c0, 0x0000019231e78be8]
Event: 2.612 Thread 0x0000019292026180 3451       2       jdk.internal.org.objectweb.asm.MethodWriter::visitMaxs (60 bytes)
Event: 2.612 Thread 0x0000019292026180 nmethod 3451 0x0000019231e78d10 code [0x0000019231e78ec0, 0x0000019231e79098]
Event: 2.612 Thread 0x0000019292026180 3454       2       jdk.internal.org.objectweb.asm.Handler::putExceptionTable (63 bytes)
Event: 2.613 Thread 0x0000019292026180 nmethod 3454 0x0000019231e79190 code [0x0000019231e79380, 0x0000019231e79668]
Event: 2.613 Thread 0x0000019292026180 3453       2       jdk.internal.org.objectweb.asm.MethodWriter::putMethodInfo (1274 bytes)
Event: 2.615 Thread 0x0000019292026180 nmethod 3453 0x0000019231e79910 code [0x0000019231e79e60, 0x0000019231e7b3c8]
Event: 2.615 Thread 0x0000019292026180 3452       2       jdk.internal.org.objectweb.asm.MethodWriter::visitEnd (1 bytes)
Event: 2.615 Thread 0x0000019292026180 nmethod 3452 0x0000019231e7c610 code [0x0000019231e7c7a0, 0x0000019231e7c898]

GC Heap History (6 events):
Event: 0.810 GC heap before
{Heap before GC invocations=0 (full 0):
 garbage-first heap   total 258048K, used 20480K [0x0000000704400000, 0x0000000800000000)
  region size 2048K, 11 young (22528K), 0 survivors (0K)
 Metaspace       used 8201K, committed 8320K, reserved 1114112K
  class space    used 794K, committed 832K, reserved 1048576K
}
Event: 0.815 GC heap after
{Heap after GC invocations=1 (full 0):
 garbage-first heap   total 258048K, used 4171K [0x0000000704400000, 0x0000000800000000)
  region size 2048K, 2 young (4096K), 2 survivors (4096K)
 Metaspace       used 8201K, committed 8320K, reserved 1114112K
  class space    used 794K, committed 832K, reserved 1048576K
}
Event: 1.751 GC heap before
{Heap before GC invocations=1 (full 0):
 garbage-first heap   total 258048K, used 30795K [0x0000000704400000, 0x0000000800000000)
  region size 2048K, 15 young (30720K), 2 survivors (4096K)
 Metaspace       used 16477K, committed 16704K, reserved 1114112K
  class space    used 1801K, committed 1920K, reserved 1048576K
}
Event: 1.760 GC heap after
{Heap after GC invocations=2 (full 0):
 garbage-first heap   total 258048K, used 9495K [0x0000000704400000, 0x0000000800000000)
  region size 2048K, 2 young (4096K), 2 survivors (4096K)
 Metaspace       used 16477K, committed 16704K, reserved 1114112K
  class space    used 1801K, committed 1920K, reserved 1048576K
}
Event: 2.141 GC heap before
{Heap before GC invocations=2 (full 0):
 garbage-first heap   total 258048K, used 66839K [0x0000000704400000, 0x0000000800000000)
  region size 2048K, 31 young (63488K), 2 survivors (4096K)
 Metaspace       used 17319K, committed 17536K, reserved 1114112K
  class space    used 1854K, committed 1984K, reserved 1048576K
}
Event: 2.146 GC heap after
{Heap after GC invocations=3 (full 0):
 garbage-first heap   total 258048K, used 13453K [0x0000000704400000, 0x0000000800000000)
  region size 2048K, 4 young (8192K), 4 survivors (8192K)
 Metaspace       used 17319K, committed 17536K, reserved 1114112K
  class space    used 1854K, committed 1984K, reserved 1048576K
}

Dll operation events (7 events):
Event: 0.006 Loaded shared library C:\Program Files\Unity\Hub\Editor\6000.0.37f1\Editor\Data\PlaybackEngines\AndroidPlayer\OpenJDK\bin\java.dll
Event: 0.024 Loaded shared library C:\Program Files\Unity\Hub\Editor\6000.0.37f1\Editor\Data\PlaybackEngines\AndroidPlayer\OpenJDK\bin\jsvml.dll
Event: 0.055 Loaded shared library C:\Program Files\Unity\Hub\Editor\6000.0.37f1\Editor\Data\PlaybackEngines\AndroidPlayer\OpenJDK\bin\net.dll
Event: 0.057 Loaded shared library C:\Program Files\Unity\Hub\Editor\6000.0.37f1\Editor\Data\PlaybackEngines\AndroidPlayer\OpenJDK\bin\nio.dll
Event: 0.069 Loaded shared library C:\Program Files\Unity\Hub\Editor\6000.0.37f1\Editor\Data\PlaybackEngines\AndroidPlayer\OpenJDK\bin\zip.dll
Event: 0.304 Loaded shared library C:\Program Files\Unity\Hub\Editor\6000.0.37f1\Editor\Data\PlaybackEngines\AndroidPlayer\OpenJDK\bin\jimage.dll
Event: 0.989 Loaded shared library C:\Program Files\Unity\Hub\Editor\6000.0.37f1\Editor\Data\PlaybackEngines\AndroidPlayer\OpenJDK\bin\sunmscapi.dll

Deoptimization events (20 events):
Event: 2.266 Thread 0x0000019229cfd040 DEOPT PACKING pc=0x0000019231df2675 sp=0x00000065af3fe670
Event: 2.266 Thread 0x0000019229cfd040 DEOPT UNPACKING pc=0x0000019238d9ace3 sp=0x00000065af3fdb30 mode 0
Event: 2.266 Thread 0x0000019229cfd040 DEOPT PACKING pc=0x0000019231df2675 sp=0x00000065af3fe5f0
Event: 2.266 Thread 0x0000019229cfd040 DEOPT UNPACKING pc=0x0000019238d9ace3 sp=0x00000065af3fdab0 mode 0
Event: 2.269 Thread 0x0000019229cfd040 DEOPT PACKING pc=0x0000019231df2675 sp=0x00000065af3fe5f0
Event: 2.269 Thread 0x0000019229cfd040 DEOPT UNPACKING pc=0x0000019238d9ace3 sp=0x00000065af3fdab0 mode 0
Event: 2.269 Thread 0x0000019229cfd040 DEOPT PACKING pc=0x0000019231df2675 sp=0x00000065af3fe5f0
Event: 2.269 Thread 0x0000019229cfd040 DEOPT UNPACKING pc=0x0000019238d9ace3 sp=0x00000065af3fdab0 mode 0
Event: 2.271 Thread 0x0000019229cfd040 DEOPT PACKING pc=0x0000019231df2675 sp=0x00000065af3fe5f0
Event: 2.271 Thread 0x0000019229cfd040 DEOPT UNPACKING pc=0x0000019238d9ace3 sp=0x00000065af3fdab0 mode 0
Event: 2.271 Thread 0x0000019229cfd040 DEOPT PACKING pc=0x0000019231df2675 sp=0x00000065af3fe670
Event: 2.271 Thread 0x0000019229cfd040 DEOPT UNPACKING pc=0x0000019238d9ace3 sp=0x00000065af3fdb30 mode 0
Event: 2.399 Thread 0x0000019229cfd040 Uncommon trap: trap_request=0xffffff45 fr.pc=0x0000019239415430 relative=0x0000000000001c70
Event: 2.399 Thread 0x0000019229cfd040 Uncommon trap: reason=unstable_if action=reinterpret pc=0x0000019239415430 method=com.sun.org.apache.xerces.internal.impl.XMLEntityScanner.scanQName(Lcom/sun/org/apache/xerces/internal/xni/QName;Lcom/sun/org/apache/xerces/internal/impl/XMLScanner$NameType
Event: 2.399 Thread 0x0000019229cfd040 DEOPT PACKING pc=0x0000019239415430 sp=0x00000065af3fe490
Event: 2.399 Thread 0x0000019229cfd040 DEOPT UNPACKING pc=0x0000019238d9a1a3 sp=0x00000065af3fe438 mode 2
Event: 2.432 Thread 0x0000019229cfd040 Uncommon trap: trap_request=0xffffff45 fr.pc=0x000001923942b140 relative=0x0000000000004920
Event: 2.432 Thread 0x0000019229cfd040 Uncommon trap: reason=unstable_if action=reinterpret pc=0x000001923942b140 method=com.sun.org.apache.xerces.internal.impl.XMLEntityScanner.scanContent(Lcom/sun/org/apache/xerces/internal/xni/XMLString;)I @ 103 c2
Event: 2.432 Thread 0x0000019229cfd040 DEOPT PACKING pc=0x000001923942b140 sp=0x00000065af3fe750
Event: 2.432 Thread 0x0000019229cfd040 DEOPT UNPACKING pc=0x0000019238d9a1a3 sp=0x00000065af3fe718 mode 2

Classes unloaded (0 events):
No events

Classes redefined (0 events):
No events

Internal exceptions (20 events):
Event: 0.720 Thread 0x0000019229cfd040 Exception <a 'sun/nio/fs/WindowsException'{0x0000000712a209a8}> (0x0000000712a209a8) 
thrown [s\src\hotspot\share\prims\jni.cpp, line 516]
Event: 0.790 Thread 0x0000019229cfd040 Exception <a 'sun/nio/fs/WindowsException'{0x0000000712b99e68}> (0x0000000712b99e68) 
thrown [s\src\hotspot\share\prims\jni.cpp, line 516]
Event: 0.801 Thread 0x0000019229cfd040 Exception <a 'java/lang/NoSuchMethodError'{0x0000000712bbd2d0}: 'int java.lang.invoke.DirectMethodHandle$Holder.invokeStaticInit(java.lang.Object, java.lang.Object, java.lang.Object, java.lang.Object)'> (0x0000000712bbd2d0) 
thrown [s\src\hotspot\share\interpreter\linkResolver.cpp, line 759]
Event: 0.802 Thread 0x0000019229cfd040 Exception <a 'java/lang/IncompatibleClassChangeError'{0x0000000712bc69f8}: Found class java.lang.Object, but interface was expected> (0x0000000712bc69f8) 
thrown [s\src\hotspot\share\interpreter\linkResolver.cpp, line 826]
Event: 0.802 Thread 0x0000019229cfd040 Exception <a 'java/lang/NoSuchMethodError'{0x0000000712bc98e0}: 'void java.lang.invoke.DirectMethodHandle$Holder.invokeStaticInit(java.lang.Object, java.lang.Object)'> (0x0000000712bc98e0) 
thrown [s\src\hotspot\share\interpreter\linkResolver.cpp, line 759]
Event: 0.803 Thread 0x0000019229cfd040 Exception <a 'java/lang/NoSuchMethodError'{0x0000000712bcf6a0}: 'int java.lang.invoke.DirectMethodHandle$Holder.invokeStaticInit(java.lang.Object, java.lang.Object)'> (0x0000000712bcf6a0) 
thrown [s\src\hotspot\share\interpreter\linkResolver.cpp, line 759]
Event: 0.917 Thread 0x0000019229cfd040 Exception <a 'java/lang/NoSuchMethodError'{0x0000000713be1048}: 'java.lang.Object java.lang.invoke.DirectMethodHandle$Holder.invokeStaticInit(java.lang.Object, int, int, int, int)'> (0x0000000713be1048) 
thrown [s\src\hotspot\share\interpreter\linkResolver.cpp, line 759]
Event: 0.950 Thread 0x0000019229cfd040 Exception <a 'java/lang/NoSuchMethodError'{0x0000000713806fc0}: 'java.lang.Object java.lang.invoke.DirectMethodHandle$Holder.invokeStaticInit(java.lang.Object, java.lang.Object, int, int, int, int)'> (0x0000000713806fc0) 
thrown [s\src\hotspot\share\interpreter\linkResolver.cpp, line 759]
Event: 0.965 Thread 0x0000019229cfd040 Exception <a 'java/lang/NoSuchMethodError'{0x000000071381b8c8}: 'java.lang.Object java.lang.invoke.DirectMethodHandle$Holder.invokeStaticInit(java.lang.Object)'> (0x000000071381b8c8) 
thrown [s\src\hotspot\share\interpreter\linkResolver.cpp, line 759]
Event: 1.439 Thread 0x0000019229cfd040 Exception <a 'java/lang/NoSuchMethodError'{0x00000007134c3cb8}: 'java.lang.Object java.lang.invoke.DirectMethodHandle$Holder.newInvokeSpecial(java.lang.Object, double)'> (0x00000007134c3cb8) 
thrown [s\src\hotspot\share\interpreter\linkResolver.cpp, line 759]
Event: 1.496 Thread 0x0000019229cfd040 Exception <a 'java/lang/NullPointerException'{0x00000007133025a0}> (0x00000007133025a0) 
thrown [s\src\hotspot\share\interpreter\linkResolver.cpp, line 1433]
Event: 1.609 Thread 0x0000019229cfd040 Implicit null exception at 0x000001923934f8f4 to 0x000001923934faf0
Event: 1.611 Thread 0x0000019229cfd040 Implicit null exception at 0x000001923933160f to 0x0000019239331689
Event: 1.654 Thread 0x0000019229cfd040 Exception <a 'java/lang/NoSuchMethodError'{0x0000000712c3fd20}: 'java.lang.Object java.lang.invoke.DirectMethodHandle$Holder.newInvokeSpecial(java.lang.Object, java.lang.Object, int)'> (0x0000000712c3fd20) 
thrown [s\src\hotspot\share\interpreter\linkResolver.cpp, line 759]
Event: 1.670 Thread 0x0000019229cfd040 Exception <a 'sun/nio/fs/WindowsException'{0x0000000712c96110}> (0x0000000712c96110) 
thrown [s\src\hotspot\share\prims\jni.cpp, line 516]
Event: 1.670 Thread 0x0000019229cfd040 Exception <a 'java/lang/NoSuchMethodError'{0x0000000712c96d78}: 'int java.lang.invoke.DirectMethodHandle$Holder.invokeInterface(java.lang.Object, java.lang.Object)'> (0x0000000712c96d78) 
thrown [s\src\hotspot\share\interpreter\linkResolver.cpp, line 759]
Event: 1.672 Thread 0x0000019229cfd040 Exception <a 'java/lang/NoSuchMethodError'{0x0000000712ca0ed8}: 'void java.lang.invoke.DirectMethodHandle$Holder.invokeStatic(java.lang.Object, int, java.lang.Object)'> (0x0000000712ca0ed8) 
thrown [s\src\hotspot\share\interpreter\linkResolver.cpp, line 759]
Event: 1.675 Thread 0x0000019229cfd040 Exception <a 'java/lang/NoSuchMethodError'{0x0000000712cb2688}: 'java.lang.Object java.lang.invoke.DirectMethodHandle$Holder.newInvokeSpecial(java.lang.Object, java.lang.Object, java.lang.Object, java.lang.Object, java.lang.Object, java.lang.Object)'> (0x0000000712cb2688) 
thrown [s\src\hotspot\share\interpreter\linkResolver.cpp, line 759]
Event: 1.904 Thread 0x0000019229cfd040 Exception <a 'java/lang/NoSuchMethodError'{0x00000007126f4b98}: 'void java.lang.invoke.DirectMethodHandle$Holder.invokeStatic(java.lang.Object, java.lang.Object, java.lang.Object)'> (0x00000007126f4b98) 
thrown [s\src\hotspot\share\interpreter\linkResolver.cpp, line 759]
Event: 2.611 Thread 0x0000019229cfd040 Exception <a 'java/lang/NoSuchMethodError'{0x000000070e0d31b0}: 'int java.lang.invoke.DirectMethodHandle$Holder.invokeStatic(java.lang.Object, java.lang.Object, int)'> (0x000000070e0d31b0) 
thrown [s\src\hotspot\share\interpreter\linkResolver.cpp, line 759]

VM Operations (20 events):
Event: 0.856 Executing VM operation: HandshakeAllThreads
Event: 0.856 Executing VM operation: HandshakeAllThreads done
Event: 0.924 Executing VM operation: HandshakeAllThreads
Event: 0.924 Executing VM operation: HandshakeAllThreads done
Event: 0.964 Executing VM operation: HandshakeAllThreads
Event: 0.964 Executing VM operation: HandshakeAllThreads done
Event: 1.277 Executing VM operation: HandshakeAllThreads
Event: 1.277 Executing VM operation: HandshakeAllThreads done
Event: 1.433 Executing VM operation: HandshakeAllThreads
Event: 1.433 Executing VM operation: HandshakeAllThreads done
Event: 1.457 Executing VM operation: HandshakeAllThreads
Event: 1.457 Executing VM operation: HandshakeAllThreads done
Event: 1.620 Executing VM operation: ICBufferFull
Event: 1.620 Executing VM operation: ICBufferFull done
Event: 1.751 Executing VM operation: G1CollectForAllocation
Event: 1.760 Executing VM operation: G1CollectForAllocation done
Event: 1.985 Executing VM operation: ICBufferFull
Event: 1.985 Executing VM operation: ICBufferFull done
Event: 2.141 Executing VM operation: G1CollectForAllocation
Event: 2.147 Executing VM operation: G1CollectForAllocation done

Events (20 events):
Event: 2.608 loading class java/util/TreeMap$KeySpliterator
Event: 2.609 loading class java/util/TreeMap$TreeMapSpliterator
Event: 2.609 loading class java/util/TreeMap$TreeMapSpliterator done
Event: 2.609 loading class java/util/TreeMap$KeySpliterator done
Event: 2.610 loading class java/util/stream/ReferencePipeline$4
Event: 2.610 loading class java/util/stream/ReferencePipeline$4 done
Event: 2.610 loading class java/util/function/IntUnaryOperator
Event: 2.611 loading class java/util/function/IntUnaryOperator done
Event: 2.611 loading class java/util/stream/IntPipeline$4
Event: 2.612 loading class java/util/stream/IntPipeline$4 done
Event: 2.612 loading class java/util/function/IntBinaryOperator
Event: 2.612 loading class java/util/function/IntBinaryOperator done
Event: 2.612 loading class java/util/stream/ReduceOps$7
Event: 2.612 loading class java/util/stream/ReduceOps$7 done
Event: 2.613 loading class java/util/stream/ReduceOps$6ReducingSink
Event: 2.613 loading class java/util/stream/ReduceOps$6ReducingSink done
Event: 2.613 loading class java/util/stream/IntPipeline$4$1
Event: 2.613 loading class java/util/stream/IntPipeline$4$1 done
Event: 2.613 loading class java/util/stream/ReferencePipeline$4$1
Event: 2.613 loading class java/util/stream/ReferencePipeline$4$1 done


Dynamic libraries:
0x00007ff6e9ad0000 - 0x00007ff6e9ade000 	C:\Program Files\Unity\Hub\Editor\6000.0.37f1\Editor\Data\PlaybackEngines\AndroidPlayer\OpenJDK\bin\java.exe
0x00007ffd67590000 - 0x00007ffd677a7000 	C:\WINDOWS\SYSTEM32\ntdll.dll
0x00007ffd66690000 - 0x00007ffd66754000 	C:\WINDOWS\System32\KERNEL32.DLL
0x00007ffd64e30000 - 0x00007ffd65200000 	C:\WINDOWS\System32\KERNELBASE.dll
0x00007ffd64bc0000 - 0x00007ffd64cd1000 	C:\WINDOWS\System32\ucrtbase.dll
0x00007ffcc9610000 - 0x00007ffcc9627000 	C:\Program Files\Unity\Hub\Editor\6000.0.37f1\Editor\Data\PlaybackEngines\AndroidPlayer\OpenJDK\bin\jli.dll
0x00007ffcc9240000 - 0x00007ffcc925b000 	C:\Program Files\Unity\Hub\Editor\6000.0.37f1\Editor\Data\PlaybackEngines\AndroidPlayer\OpenJDK\bin\VCRUNTIME140.dll
0x00007ffd66400000 - 0x00007ffd665ae000 	C:\WINDOWS\System32\USER32.dll
0x00007ffd4b070000 - 0x00007ffd4b302000 	C:\WINDOWS\WinSxS\amd64_microsoft.windows.common-controls_6595b64144ccf1df_6.0.22621.4830_none_270fe7d773858e80\COMCTL32.dll
0x00007ffd66760000 - 0x00007ffd66807000 	C:\WINDOWS\System32\msvcrt.dll
0x00007ffd64900000 - 0x00007ffd64926000 	C:\WINDOWS\System32\win32u.dll
0x00007ffd66cd0000 - 0x00007ffd66cf9000 	C:\WINDOWS\System32\GDI32.dll
0x00007ffd64d10000 - 0x00007ffd64e2b000 	C:\WINDOWS\System32\gdi32full.dll
0x00007ffd649b0000 - 0x00007ffd64a4a000 	C:\WINDOWS\System32\msvcp_win.dll
0x00007ffd66bd0000 - 0x00007ffd66c01000 	C:\WINDOWS\System32\IMM32.DLL
0x00007ffccba30000 - 0x00007ffccba3c000 	C:\Program Files\Unity\Hub\Editor\6000.0.37f1\Editor\Data\PlaybackEngines\AndroidPlayer\OpenJDK\bin\vcruntime140_1.dll
0x00007ffcc7c80000 - 0x00007ffcc7d0d000 	C:\Program Files\Unity\Hub\Editor\6000.0.37f1\Editor\Data\PlaybackEngines\AndroidPlayer\OpenJDK\bin\msvcp140.dll
0x00007ffcbd540000 - 0x00007ffcbe1a1000 	C:\Program Files\Unity\Hub\Editor\6000.0.37f1\Editor\Data\PlaybackEngines\AndroidPlayer\OpenJDK\bin\server\jvm.dll
0x00007ffd66a50000 - 0x00007ffd66b01000 	C:\WINDOWS\System32\ADVAPI32.dll
0x00007ffd66b20000 - 0x00007ffd66bc7000 	C:\WINDOWS\System32\sechost.dll
0x00007ffd64ce0000 - 0x00007ffd64d08000 	C:\WINDOWS\System32\bcrypt.dll
0x00007ffd65de0000 - 0x00007ffd65ef4000 	C:\WINDOWS\System32\RPCRT4.dll
0x00007ffd64710000 - 0x00007ffd6475d000 	C:\WINDOWS\SYSTEM32\POWRPROF.dll
0x00007ffd57bd0000 - 0x00007ffd57c04000 	C:\WINDOWS\SYSTEM32\WINMM.dll
0x00007ffd52e10000 - 0x00007ffd52e19000 	C:\WINDOWS\SYSTEM32\WSOCK32.dll
0x00007ffd570c0000 - 0x00007ffd570ca000 	C:\WINDOWS\SYSTEM32\VERSION.dll
0x00007ffd65f00000 - 0x00007ffd65f71000 	C:\WINDOWS\System32\WS2_32.dll
0x00007ffd646f0000 - 0x00007ffd64703000 	C:\WINDOWS\SYSTEM32\UMPDC.dll
0x00007ffd63820000 - 0x00007ffd63838000 	C:\WINDOWS\SYSTEM32\kernel.appcore.dll
0x00007ffccb9c0000 - 0x00007ffccb9ca000 	C:\Program Files\Unity\Hub\Editor\6000.0.37f1\Editor\Data\PlaybackEngines\AndroidPlayer\OpenJDK\bin\jimage.dll
0x00007ffd61c40000 - 0x00007ffd61e72000 	C:\WINDOWS\SYSTEM32\DBGHELP.DLL
0x00007ffd671c0000 - 0x00007ffd67550000 	C:\WINDOWS\System32\combase.dll
0x00007ffd665b0000 - 0x00007ffd66687000 	C:\WINDOWS\System32\OLEAUT32.dll
0x00007ffd4bd90000 - 0x00007ffd4bdc2000 	C:\WINDOWS\SYSTEM32\dbgcore.DLL
0x00007ffd65200000 - 0x00007ffd6527b000 	C:\WINDOWS\System32\bcryptPrimitives.dll
0x00007ffcc8b10000 - 0x00007ffcc8b35000 	C:\Program Files\Unity\Hub\Editor\6000.0.37f1\Editor\Data\PlaybackEngines\AndroidPlayer\OpenJDK\bin\java.dll
0x00007ffcc7a10000 - 0x00007ffcc7ae7000 	C:\Program Files\Unity\Hub\Editor\6000.0.37f1\Editor\Data\PlaybackEngines\AndroidPlayer\OpenJDK\bin\jsvml.dll
0x00007ffd65560000 - 0x00007ffd65dd8000 	C:\WINDOWS\System32\SHELL32.dll
0x00007ffd62720000 - 0x00007ffd63030000 	C:\WINDOWS\SYSTEM32\windows.storage.dll
0x00007ffd625e0000 - 0x00007ffd6271f000 	C:\WINDOWS\SYSTEM32\wintypes.dll
0x00007ffd65290000 - 0x00007ffd6539a000 	C:\WINDOWS\System32\SHCORE.dll
0x00007ffd66c10000 - 0x00007ffd66c6e000 	C:\WINDOWS\System32\shlwapi.dll
0x00007ffd64770000 - 0x00007ffd6479b000 	C:\WINDOWS\SYSTEM32\profapi.dll
0x00007ffcc8af0000 - 0x00007ffcc8b09000 	C:\Program Files\Unity\Hub\Editor\6000.0.37f1\Editor\Data\PlaybackEngines\AndroidPlayer\OpenJDK\bin\net.dll
0x00007ffd5be90000 - 0x00007ffd5bfbc000 	C:\WINDOWS\SYSTEM32\WINHTTP.dll
0x00007ffd63c90000 - 0x00007ffd63cf9000 	C:\WINDOWS\system32\mswsock.dll
0x00007ffcc8ad0000 - 0x00007ffcc8ae6000 	C:\Program Files\Unity\Hub\Editor\6000.0.37f1\Editor\Data\PlaybackEngines\AndroidPlayer\OpenJDK\bin\nio.dll
0x00007ffcc7c60000 - 0x00007ffcc7c78000 	C:\Program Files\Unity\Hub\Editor\6000.0.37f1\Editor\Data\PlaybackEngines\AndroidPlayer\OpenJDK\bin\zip.dll
0x00007ffd63fe0000 - 0x00007ffd63ffb000 	C:\WINDOWS\SYSTEM32\CRYPTSP.dll
0x00007ffd63780000 - 0x00007ffd637b5000 	C:\WINDOWS\system32\rsaenh.dll
0x00007ffd63d30000 - 0x00007ffd63d58000 	C:\WINDOWS\SYSTEM32\USERENV.dll
0x00007ffd63fc0000 - 0x00007ffd63fcc000 	C:\WINDOWS\SYSTEM32\CRYPTBASE.dll
0x00007ffd63290000 - 0x00007ffd632bd000 	C:\WINDOWS\SYSTEM32\IPHLPAPI.DLL
0x00007ffd65430000 - 0x00007ffd65439000 	C:\WINDOWS\System32\NSI.dll
0x00007ffd5b4d0000 - 0x00007ffd5b4e9000 	C:\WINDOWS\SYSTEM32\dhcpcsvc6.DLL
0x00007ffd5b4a0000 - 0x00007ffd5b4bf000 	C:\WINDOWS\SYSTEM32\dhcpcsvc.DLL
0x00007ffd632c0000 - 0x00007ffd633c2000 	C:\WINDOWS\SYSTEM32\DNSAPI.dll
0x00007ffd18140000 - 0x00007ffd1814e000 	C:\Program Files\Unity\Hub\Editor\6000.0.37f1\Editor\Data\PlaybackEngines\AndroidPlayer\OpenJDK\bin\sunmscapi.dll
0x00007ffd64a50000 - 0x00007ffd64bb6000 	C:\WINDOWS\System32\CRYPT32.dll
0x00007ffd640d0000 - 0x00007ffd640fd000 	C:\WINDOWS\SYSTEM32\ncrypt.dll
0x00007ffd64090000 - 0x00007ffd640c7000 	C:\WINDOWS\SYSTEM32\NTASN1.dll
0x00007ffd57670000 - 0x00007ffd5767a000 	C:\Windows\System32\rasadhlp.dll
0x00007ffd59260000 - 0x00007ffd592e3000 	C:\WINDOWS\System32\fwpuclnt.dll

dbghelp: loaded successfully - version: 4.0.5 - missing functions: none
symbol engine: initialized successfully - sym options: 0x614 - pdb path: .;C:\Program Files\Unity\Hub\Editor\6000.0.37f1\Editor\Data\PlaybackEngines\AndroidPlayer\OpenJDK\bin;C:\WINDOWS\SYSTEM32;C:\WINDOWS\WinSxS\amd64_microsoft.windows.common-controls_6595b64144ccf1df_6.0.22621.4830_none_270fe7d773858e80;C:\Program Files\Unity\Hub\Editor\6000.0.37f1\Editor\Data\PlaybackEngines\AndroidPlayer\OpenJDK\bin\server

VM Arguments:
jvm_args: -Dcom.android.sdklib.toolsdir=C:\Program Files\Unity\Hub\Editor\6000.0.37f1\Editor\Data\PlaybackEngines\AndroidPlayer\SDK\cmdline-tools\6.0\bin\\.. 
java_command: com.android.sdklib.tool.sdkmanager.SdkManagerCli --list
java_class_path (initial): C:\Program Files\Unity\Hub\Editor\6000.0.37f1\Editor\Data\PlaybackEngines\AndroidPlayer\SDK\cmdline-tools\6.0\bin\..\lib\sdkmanager-classpath.jar
Launcher Type: SUN_STANDARD

[Global flags]
     intx CICompilerCount                          = 4                                         {product} {ergonomic}
     uint ConcGCThreads                            = 2                                         {product} {ergonomic}
     uint G1ConcRefinementThreads                  = 8                                         {product} {ergonomic}
   size_t G1HeapRegionSize                         = 2097152                                   {product} {ergonomic}
    uintx GCDrainStackTargetSize                   = 64                                        {product} {ergonomic}
   size_t InitialHeapSize                          = 264241152                                 {product} {ergonomic}
   size_t MarkStackSize                            = 4194304                                   {product} {ergonomic}
   size_t MaxHeapSize                              = 4223664128                                {product} {ergonomic}
   size_t MaxNewSize                               = 2533359616                                {product} {ergonomic}
   size_t MinHeapDeltaBytes                        = 2097152                                   {product} {ergonomic}
   size_t MinHeapSize                              = 8388608                                   {product} {ergonomic}
    uintx NonNMethodCodeHeapSize                   = 5839372                                {pd product} {ergonomic}
    uintx NonProfiledCodeHeapSize                  = 122909434                              {pd product} {ergonomic}
    uintx ProfiledCodeHeapSize                     = 122909434                              {pd product} {ergonomic}
    uintx ReservedCodeCacheSize                    = 251658240                              {pd product} {ergonomic}
     bool SegmentedCodeCache                       = true                                      {product} {ergonomic}
   size_t SoftMaxHeapSize                          = 4223664128                             {manageable} {ergonomic}
     bool UseCompressedClassPointers               = true                           {product lp64_product} {ergonomic}
     bool UseCompressedOops                        = true                           {product lp64_product} {ergonomic}
     bool UseG1GC                                  = true                                      {product} {ergonomic}
     bool UseLargePagesIndividualAllocation        = false                                  {pd product} {ergonomic}

Logging:
Log output configuration:
 #0: stdout all=warning uptime,level,tags
 #1: stderr all=off uptime,level,tags

Environment Variables:
JAVA_HOME=C:\Program Files\Unity\Hub\Editor\6000.0.37f1\Editor\Data\PlaybackEngines\AndroidPlayer\OpenJDK
CLASSPATH=C:\Program Files\Unity\Hub\Editor\6000.0.37f1\Editor\Data\PlaybackEngines\AndroidPlayer\SDK\cmdline-tools\6.0\bin\..\lib\sdkmanager-classpath.jar
PATH=C:\ActiveTcl\bin;C:\Program Files (x86)\Common Files\Oracle\Java\javapath;C:\WINDOWS\system32;C:\WINDOWS;C:\WINDOWS\System32\Wbem;C:\WINDOWS\System32\WindowsPowerShell\v1.0\;C:\WINDOWS\System32\OpenSSH\;C:\Program Files\dotnet\;C:\Program Files\Git\cmd;C:\Users\Admins\AppData\Local\Programs\Python\Python312\Scripts\;C:\Users\Admins\AppData\Local\Programs\Python\Python312\;C:\Users\Admins\AppData\Local\Microsoft\WindowsApps;C:\Users\Admins\OneDrive\Hi`nh a?nh\My tnh\ffmpeg\bin;C:\Users\Admins\AppData\Local\GitHubDesktop\bin;C:\Users\Admins\.dotnet\tools;C:\Users\Admins\AppData\Local\Muse Hub\lib;C:\Microsoft VS Code\bin
USERNAME=Admins
OS=Windows_NT
PROCESSOR_IDENTIFIER=Intel64 Family 6 Model 140 Stepping 1, GenuineIntel
TMP=C:\Users\Admins\AppData\Local\Temp
TEMP=C:\Users\Admins\AppData\Local\Temp



Periodic native trim disabled


---------------  S Y S T E M  ---------------

OS:
 Windows 11 , 64 bit Build 22621 (10.0.22621.4830)
OS uptime: 0 days 1:53 hours
Hyper-V role detected

CPU: total 8 (initial active 8) (4 cores per cpu, 2 threads per core) family 6 model 140 stepping 1 microcode 0xb8, cx8, cmov, fxsr, ht, mmx, 3dnowpref, sse, sse2, sse3, ssse3, sse4.1, sse4.2, popcnt, lzcnt, tsc, tscinvbit, avx, avx2, aes, erms, clmul, bmi1, bmi2, adx, avx512f, avx512dq, avx512cd, avx512bw, avx512vl, sha, fma, vzeroupper, avx512_vpopcntdq, avx512_vpclmulqdq, avx512_vaes, avx512_vnni, clflush, clflushopt, clwb, avx512_vbmi2, avx512_vbmi, hv
Processor Information for processor 0
  Max Mhz: 1805, Current Mhz: 1805, Mhz Limit: 1805
Processor Information for processor 1
  Max Mhz: 1805, Current Mhz: 1805, Mhz Limit: 1805
Processor Information for processor 2
  Max Mhz: 1805, Current Mhz: 1805, Mhz Limit: 1805
Processor Information for processor 3
  Max Mhz: 1805, Current Mhz: 1203, Mhz Limit: 1805
Processor Information for processor 4
  Max Mhz: 1805, Current Mhz: 1805, Mhz Limit: 1805
Processor Information for processor 5
  Max Mhz: 1805, Current Mhz: 1805, Mhz Limit: 1805
Processor Information for processor 6
  Max Mhz: 1805, Current Mhz: 1805, Mhz Limit: 1805
Processor Information for processor 7
  Max Mhz: 1805, Current Mhz: 1805, Mhz Limit: 1805

Memory: 4k page, system-wide physical 16110M (4190M free)
TotalPageFile size 16110M (AvailPageFile size 7M)
current process WorkingSet (physical memory assigned to process): 208M, peak: 211M
current process commit charge ("private bytes"): 409M, peak: 413M

vm_info: OpenJDK 64-Bit Server VM (17.0.9+9) for windows-amd64 JRE (17.0.9+9), built on Oct 26 2023 14:01:42 by "admin" with MS VC++ 16.10 / 16.11 (VS2019)

END.
