#
# There is insufficient memory for the Java Runtime Environment to continue.
# Native memory allocation (mmap) failed to map 4128768 bytes for G1 virtual space
# Possible reasons:
#   The system is out of physical RAM or swap space
#   The process is running with CompressedOops enabled, and the Java Heap may be blocking the growth of the native heap
# Possible solutions:
#   Reduce memory load on the system
#   Increase physical memory or swap space
#   Check if swap backing store is full
#   Decrease Java heap size (-Xmx/-Xms)
#   Decrease number of Java threads
#   Decrease Java thread stack sizes (-Xss)
#   Set larger code cache with -XX:ReservedCodeCacheSize=
#   JVM is running with Zero Based Compressed Oops mode in which the Java heap is
#     placed in the first 32GB address space. The Java Heap base address is the
#     maximum limit for the native heap growth. Please use -XX:HeapBaseMinAddress
#     to set the Java Heap base and to place the Java Heap above 32GB virtual address.
# This output file may be truncated or incomplete.
#
#  Out of Memory Error (os_windows.cpp:3613), pid=5464, tid=18616
#
# JRE version:  (17.0.9+9) (build )
# Java VM: OpenJDK 64-Bit Server VM (17.0.9+9, mixed mode, sharing, tiered, compressed oops, compressed class ptrs, g1 gc, windows-amd64)
# No core dump will be written. Minidumps are not enabled by default on client versions of Windows
#

---------------  S U M M A R Y ------------

Command Line: 

Host: 11th Gen Intel(R) Core(TM) i7-1185G7 @ 3.00GHz, 8 cores, 15G,  Windows 11 , 64 bit Build 22621 (10.0.22621.4830)
Time: Fri Feb  7 09:30:23 2025 SE Asia Standard Time elapsed time: 0.008030 seconds (0d 0h 0m 0s)

---------------  T H R E A D  ---------------

Current thread (0x000001d545ceac40):  JavaThread "Unknown thread" [_thread_in_vm, id=18616, stack(0x00000059f1800000,0x00000059f1900000)]

Stack: [0x00000059f1800000,0x00000059f1900000]
Native frames: (J=compiled Java code, j=interpreted, Vv=VM code, C=native code)
V  [jvm.dll+0x67cf49]
V  [jvm.dll+0x83478a]
V  [jvm.dll+0x83624e]
V  [jvm.dll+0x8368b3]
V  [jvm.dll+0x247f1f]
V  [jvm.dll+0x679d69]
V  [jvm.dll+0x66e6ba]
V  [jvm.dll+0x307e5b]
V  [jvm.dll+0x30f306]
V  [jvm.dll+0x35f0e3]
V  [jvm.dll+0x35f2ff]
V  [jvm.dll+0x2dea58]
V  [jvm.dll+0x2df9c4]
V  [jvm.dll+0x806031]
V  [jvm.dll+0x36cf31]
V  [jvm.dll+0x7e4aac]
V  [jvm.dll+0x3f07af]
V  [jvm.dll+0x3f23e1]
C  [jli.dll+0x528f]
C  [ucrtbase.dll+0x29333]
C  [KERNEL32.DLL+0x1259d]
C  [ntdll.dll+0x5af38]


---------------  P R O C E S S  ---------------

Threads class SMR info:
_java_thread_list=0x00007ffb8cb8ee98, length=0, elements={
}

Java Threads: ( => current thread )

Other Threads:
  0x000001d545d562a0 GCTaskThread "GC Thread#0" [stack: 0x00000059f1900000,0x00000059f1a00000] [id=4040]
  0x000001d545d66db0 ConcurrentGCThread "G1 Main Marker" [stack: 0x00000059f1a00000,0x00000059f1b00000] [id=7644]
  0x000001d545d677d0 ConcurrentGCThread "G1 Conc#0" [stack: 0x00000059f1b00000,0x00000059f1c00000] [id=14176]

[error occurred during error reporting (printing all threads), id 0xc0000005, EXCEPTION_ACCESS_VIOLATION (0xc0000005) at pc=0x00007ffb8c34f497]

VM state: not at safepoint (not fully initialized)

VM Mutex/Monitor currently owned by a thread:  ([mutex/lock_event])
[0x000001d545ce6cd0] Heap_lock - owner thread: 0x000001d545ceac40

Heap address: 0x0000000704400000, size: 4028 MB, Compressed Oops mode: Zero based, Oop shift amount: 3

CDS archive(s) mapped at: [0x0000000000000000-0x0000000000000000-0x0000000000000000), size 0, SharedBaseAddress: 0x0000000800000000, ArchiveRelocationMode: 1.
Narrow klass base: 0x0000000000000000, Narrow klass shift: 0, Narrow klass range: 0x0

GC Precious Log:
<Empty>

Heap:
 garbage-first heap   total 0K, used 0K [0x0000000704400000, 0x0000000800000000)
  region size 2048K, 0 young (0K), 0 survivors (0K)

[error occurred during error reporting (printing heap information), id 0xc0000005, EXCEPTION_ACCESS_VIOLATION (0xc0000005) at pc=0x00007ffb8c736c79]

GC Heap History (0 events):
No events

Dll operation events (1 events):
Event: 0.004 Loaded shared library C:\Program Files\Unity\Hub\Editor\6000.0.37f1\Editor\Data\PlaybackEngines\AndroidPlayer\OpenJDK\bin\java.dll

Deoptimization events (0 events):
No events

Classes unloaded (0 events):
No events

Classes redefined (0 events):
No events

Internal exceptions (0 events):
No events

VM Operations (0 events):
No events

Events (0 events):
No events


Dynamic libraries:
0x00007ff6b3df0000 - 0x00007ff6b3dfe000 	C:\Program Files\Unity\Hub\Editor\6000.0.37f1\Editor\Data\PlaybackEngines\AndroidPlayer\OpenJDK\bin\java.exe
0x00007ffc295b0000 - 0x00007ffc297c7000 	C:\WINDOWS\SYSTEM32\ntdll.dll
0x00007ffc28e60000 - 0x00007ffc28f24000 	C:\WINDOWS\System32\KERNEL32.DLL
0x00007ffc26bc0000 - 0x00007ffc26f90000 	C:\WINDOWS\System32\KERNELBASE.dll
0x00007ffc26fc0000 - 0x00007ffc270d1000 	C:\WINDOWS\System32\ucrtbase.dll
0x00007ffc01e40000 - 0x00007ffc01e57000 	C:\Program Files\Unity\Hub\Editor\6000.0.37f1\Editor\Data\PlaybackEngines\AndroidPlayer\OpenJDK\bin\jli.dll
0x00007ffc01e20000 - 0x00007ffc01e3b000 	C:\Program Files\Unity\Hub\Editor\6000.0.37f1\Editor\Data\PlaybackEngines\AndroidPlayer\OpenJDK\bin\VCRUNTIME140.dll
0x00007ffc278d0000 - 0x00007ffc27a7e000 	C:\WINDOWS\System32\USER32.dll
0x00007ffc26980000 - 0x00007ffc269a6000 	C:\WINDOWS\System32\win32u.dll
0x00007ffc0df10000 - 0x00007ffc0e1a2000 	C:\WINDOWS\WinSxS\amd64_microsoft.windows.common-controls_6595b64144ccf1df_6.0.22621.4830_none_270fe7d773858e80\COMCTL32.dll
0x00007ffc283a0000 - 0x00007ffc283c9000 	C:\WINDOWS\System32\GDI32.dll
0x00007ffc29170000 - 0x00007ffc29217000 	C:\WINDOWS\System32\msvcrt.dll
0x00007ffc26860000 - 0x00007ffc2697b000 	C:\WINDOWS\System32\gdi32full.dll
0x00007ffc26b20000 - 0x00007ffc26bba000 	C:\WINDOWS\System32\msvcp_win.dll
0x00007ffc27510000 - 0x00007ffc27541000 	C:\WINDOWS\System32\IMM32.DLL
0x00007ffbd0260000 - 0x00007ffbd026c000 	C:\Program Files\Unity\Hub\Editor\6000.0.37f1\Editor\Data\PlaybackEngines\AndroidPlayer\OpenJDK\bin\vcruntime140_1.dll
0x00007ffba1c90000 - 0x00007ffba1d1d000 	C:\Program Files\Unity\Hub\Editor\6000.0.37f1\Editor\Data\PlaybackEngines\AndroidPlayer\OpenJDK\bin\msvcp140.dll
0x00007ffb8c060000 - 0x00007ffb8ccc1000 	C:\Program Files\Unity\Hub\Editor\6000.0.37f1\Editor\Data\PlaybackEngines\AndroidPlayer\OpenJDK\bin\server\jvm.dll
0x00007ffc28da0000 - 0x00007ffc28e51000 	C:\WINDOWS\System32\ADVAPI32.dll
0x00007ffc29290000 - 0x00007ffc29337000 	C:\WINDOWS\System32\sechost.dll
0x00007ffc26f90000 - 0x00007ffc26fb8000 	C:\WINDOWS\System32\bcrypt.dll
0x00007ffc275a0000 - 0x00007ffc276b4000 	C:\WINDOWS\System32\RPCRT4.dll
0x00007ffbe8dd0000 - 0x00007ffbe8dd9000 	C:\WINDOWS\SYSTEM32\WSOCK32.dll
0x00007ffc1b530000 - 0x00007ffc1b564000 	C:\WINDOWS\SYSTEM32\WINMM.dll
0x00007ffc26730000 - 0x00007ffc2677d000 	C:\WINDOWS\SYSTEM32\POWRPROF.dll
0x00007ffc28fc0000 - 0x00007ffc29031000 	C:\WINDOWS\System32\WS2_32.dll
0x00007ffc19110000 - 0x00007ffc1911a000 	C:\WINDOWS\SYSTEM32\VERSION.dll
0x00007ffc26710000 - 0x00007ffc26723000 	C:\WINDOWS\SYSTEM32\UMPDC.dll
0x00007ffc25840000 - 0x00007ffc25858000 	C:\WINDOWS\SYSTEM32\kernel.appcore.dll
0x00007ffbcd6a0000 - 0x00007ffbcd6aa000 	C:\Program Files\Unity\Hub\Editor\6000.0.37f1\Editor\Data\PlaybackEngines\AndroidPlayer\OpenJDK\bin\jimage.dll
0x00007ffc24090000 - 0x00007ffc242c2000 	C:\WINDOWS\SYSTEM32\DBGHELP.DLL
0x00007ffc28590000 - 0x00007ffc28920000 	C:\WINDOWS\System32\combase.dll
0x00007ffc29040000 - 0x00007ffc29117000 	C:\WINDOWS\System32\OLEAUT32.dll
0x00007ffc0e1e0000 - 0x00007ffc0e212000 	C:\WINDOWS\SYSTEM32\dbgcore.DLL
0x00007ffc27220000 - 0x00007ffc2729b000 	C:\WINDOWS\System32\bcryptPrimitives.dll
0x00007ffba1c60000 - 0x00007ffba1c85000 	C:\Program Files\Unity\Hub\Editor\6000.0.37f1\Editor\Data\PlaybackEngines\AndroidPlayer\OpenJDK\bin\java.dll

dbghelp: loaded successfully - version: 4.0.5 - missing functions: none
symbol engine: initialized successfully - sym options: 0x614 - pdb path: .;C:\Program Files\Unity\Hub\Editor\6000.0.37f1\Editor\Data\PlaybackEngines\AndroidPlayer\OpenJDK\bin;C:\WINDOWS\SYSTEM32;C:\WINDOWS\WinSxS\amd64_microsoft.windows.common-controls_6595b64144ccf1df_6.0.22621.4830_none_270fe7d773858e80;C:\Program Files\Unity\Hub\Editor\6000.0.37f1\Editor\Data\PlaybackEngines\AndroidPlayer\OpenJDK\bin\server

VM Arguments:
java_command: <unknown>
java_class_path (initial): <not set>
Launcher Type: SUN_STANDARD

[Global flags]
     intx CICompilerCount                          = 4                                         {product} {ergonomic}
     uint ConcGCThreads                            = 2                                         {product} {ergonomic}
     uint G1ConcRefinementThreads                  = 8                                         {product} {ergonomic}
   size_t G1HeapRegionSize                         = 2097152                                   {product} {ergonomic}
    uintx GCDrainStackTargetSize                   = 64                                        {product} {ergonomic}
   size_t InitialHeapSize                          = 264241152                                 {product} {ergonomic}
   size_t MarkStackSize                            = 4194304                                   {product} {ergonomic}
   size_t MaxHeapSize                              = 4223664128                                {product} {ergonomic}
   size_t MinHeapDeltaBytes                        = 2097152                                   {product} {ergonomic}
   size_t MinHeapSize                              = 8388608                                   {product} {ergonomic}
    uintx NonNMethodCodeHeapSize                   = 5839372                                {pd product} {ergonomic}
    uintx NonProfiledCodeHeapSize                  = 122909434                              {pd product} {ergonomic}
    uintx ProfiledCodeHeapSize                     = 122909434                              {pd product} {ergonomic}
    uintx ReservedCodeCacheSize                    = 251658240                              {pd product} {ergonomic}
     bool SegmentedCodeCache                       = true                                      {product} {ergonomic}
   size_t SoftMaxHeapSize                          = 4223664128                             {manageable} {ergonomic}
     bool UseCompressedClassPointers               = true                           {product lp64_product} {ergonomic}
     bool UseCompressedOops                        = true                           {product lp64_product} {ergonomic}
     bool UseG1GC                                  = true                                      {product} {ergonomic}
     bool UseLargePagesIndividualAllocation        = false                                  {pd product} {ergonomic}

Logging:
Log output configuration:
 #0: stdout all=warning uptime,level,tags
 #1: stderr all=off uptime,level,tags

Environment Variables:
JAVA_HOME=C:\Program Files\Unity\Hub\Editor\6000.0.37f1\Editor\Data\PlaybackEngines\AndroidPlayer\OpenJDK
PATH=C:\ActiveTcl\bin;C:\Program Files (x86)\Common Files\Oracle\Java\javapath;C:\WINDOWS\system32;C:\WINDOWS;C:\WINDOWS\System32\Wbem;C:\WINDOWS\System32\WindowsPowerShell\v1.0\;C:\WINDOWS\System32\OpenSSH\;C:\Program Files\dotnet\;C:\Program Files\Git\cmd;C:\Users\Admins\AppData\Local\Programs\Python\Python312\Scripts\;C:\Users\Admins\AppData\Local\Programs\Python\Python312\;C:\Users\Admins\AppData\Local\Microsoft\WindowsApps;C:\Users\Admins\OneDrive\Hi`nh a?nh\Máy tính\ffmpeg\bin;C:\Users\Admins\AppData\Local\GitHubDesktop\bin;C:\Users\Admins\.dotnet\tools;C:\Users\Admins\AppData\Local\Muse Hub\lib;C:\Microsoft VS Code\bin
USERNAME=Admins
OS=Windows_NT
PROCESSOR_IDENTIFIER=Intel64 Family 6 Model 140 Stepping 1, GenuineIntel
TMP=C:\Users\Admins\AppData\Local\Temp
TEMP=C:\Users\Admins\AppData\Local\Temp



Periodic native trim disabled


---------------  S Y S T E M  ---------------

OS:
 Windows 11 , 64 bit Build 22621 (10.0.22621.4830)
OS uptime: 0 days 0:52 hours
Hyper-V role detected

CPU: total 8 (initial active 8) (4 cores per cpu, 2 threads per core) family 6 model 140 stepping 1 microcode 0xb8, cx8, cmov, fxsr, ht, mmx, 3dnowpref, sse, sse2, sse3, ssse3, sse4.1, sse4.2, popcnt, lzcnt, tsc, tscinvbit, avx, avx2, aes, erms, clmul, bmi1, bmi2, adx, avx512f, avx512dq, avx512cd, avx512bw, avx512vl, sha, fma, vzeroupper, avx512_vpopcntdq, avx512_vpclmulqdq, avx512_vaes, avx512_vnni, clflush, clflushopt, clwb, avx512_vbmi2, avx512_vbmi, hv
Processor Information for all 8 processors :
  Max Mhz: 1805, Current Mhz: 1805, Mhz Limit: 1805

Memory: 4k page, system-wide physical 16110M (2131M free)
TotalPageFile size 16110M (AvailPageFile size 8M)
current process WorkingSet (physical memory assigned to process): 12M, peak: 12M
current process commit charge ("private bytes"): 313M, peak: 316M

vm_info: OpenJDK 64-Bit Server VM (17.0.9+9) for windows-amd64 JRE (17.0.9+9), built on Oct 26 2023 14:01:42 by "admin" with MS VC++ 16.10 / 16.11 (VS2019)

END.
