#
# There is insufficient memory for the Java Runtime Environment to continue.
# Native memory allocation (mmap) failed to map 65536 bytes for Failed to commit metaspace.
# Possible reasons:
#   The system is out of physical RAM or swap space
#   The process is running with CompressedOops enabled, and the Java Heap may be blocking the growth of the native heap
# Possible solutions:
#   Reduce memory load on the system
#   Increase physical memory or swap space
#   Check if swap backing store is full
#   Decrease Java heap size (-Xmx/-Xms)
#   Decrease number of Java threads
#   Decrease Java thread stack sizes (-Xss)
#   Set larger code cache with -XX:ReservedCodeCacheSize=
#   JVM is running with Zero Based Compressed Oops mode in which the Java heap is
#     placed in the first 32GB address space. The Java Heap base address is the
#     maximum limit for the native heap growth. Please use -XX:HeapBaseMinAddress
#     to set the Java Heap base and to place the Java Heap above 32GB virtual address.
# This output file may be truncated or incomplete.
#
#  Out of Memory Error (virtualSpaceNode.cpp:110), pid=8716, tid=10280
#
# JRE version: OpenJDK Runtime Environment Temurin-17.0.9+9 (17.0.9+9) (build 17.0.9+9)
# Java VM: OpenJDK 64-Bit Server VM Temurin-17.0.9+9 (17.0.9+9, mixed mode, tiered, compressed oops, compressed class ptrs, g1 gc, windows-amd64)
# No core dump will be written. Minidumps are not enabled by default on client versions of Windows
#

---------------  S U M M A R Y ------------

Command Line: -Dcom.android.sdklib.toolsdir=C:\Program Files\Unity\Hub\Editor\6000.0.37f1\Editor\Data\PlaybackEngines\AndroidPlayer\SDK\cmdline-tools\6.0\bin\\.. com.android.sdklib.tool.sdkmanager.SdkManagerCli --list

Host: 11th Gen Intel(R) Core(TM) i7-1185G7 @ 3.00GHz, 8 cores, 15G,  Windows 11 , 64 bit Build 22621 (10.0.22621.4830)
Time: Fri Feb  7 09:31:10 2025 SE Asia Standard Time elapsed time: 0.132618 seconds (0d 0h 0m 0s)

---------------  T H R E A D  ---------------

Current thread (0x0000028d3f05f8a0):  JavaThread "main" [_thread_in_vm, id=10280, stack(0x000000b177e00000,0x000000b177f00000)]

Stack: [0x000000b177e00000,0x000000b177f00000]
Native frames: (J=compiled Java code, j=interpreted, Vv=VM code, C=native code)
V  [jvm.dll+0x67cf49]
V  [jvm.dll+0x83478a]
V  [jvm.dll+0x83624e]
V  [jvm.dll+0x8368b3]
V  [jvm.dll+0x247f1f]
V  [jvm.dll+0x83044b]
V  [jvm.dll+0x621776]
V  [jvm.dll+0x1c1fee]
V  [jvm.dll+0x6240d1]
V  [jvm.dll+0x622116]
V  [jvm.dll+0x24588c]
V  [jvm.dll+0x6d3dfd]
V  [jvm.dll+0x6d483f]
V  [jvm.dll+0x373e84]
V  [jvm.dll+0x372f04]
V  [jvm.dll+0x372ea8]
V  [jvm.dll+0x565345]
V  [jvm.dll+0x564254]
V  [jvm.dll+0x386eb2]
V  [jvm.dll+0x38651f]
C  0x0000028d4e0ba519

The last pc belongs to invokestatic (printed below).
Java frames: (J=compiled Java code, j=interpreted, Vv=VM code)
j  com.android.repository.api.SchemaModule.<init>(Ljava/lang/String;Ljava/lang/String;Ljava/lang/Class;)V+5
j  com.android.sdklib.repository.AndroidSdkHandler.<clinit>()V+10
v  ~StubRoutines::call_stub
j  com.android.sdklib.tool.sdkmanager.SdkManagerCli.main(Ljava/util/List;)V+122
j  com.android.sdklib.tool.sdkmanager.SdkManagerCli.main([Ljava/lang/String;)V+4
v  ~StubRoutines::call_stub
invokestatic  184 invokestatic  [0x0000028d4e0ba460, 0x0000028d4e0ba720]  704 bytes
[MachCode]
  0x0000028d4e0ba460: 4883 ec08 | c5fa 1104 | 24eb 1f48 | 83ec 10c5 | fb11 0424 | eb14 4883 | ec10 4889 | 0424 48c7 
  0x0000028d4e0ba480: 4424 0800 | 0000 00eb | 0150 4c89 | 6dc0 410f | b755 0148 | 8b4d d0c1 | e202 8b5c | d120 c1eb 
  0x0000028d4e0ba4a0: 1081 e3ff | 0000 0081 | fbb8 0000 | 000f 84b6 | 0000 00bb | b800 0000 | e805 0000 | 00e9 9b00 
  0x0000028d4e0ba4c0: 0000 488b | d348 8d44 | 2408 4c89 | 6dc0 498b | cfc5 f877 | 4989 afa8 | 0200 0049 | 8987 9802 
  0x0000028d4e0ba4e0: 0000 4883 | ec20 f7c4 | 0f00 0000 | 0f84 1a00 | 0000 4883 | ec08 49ba | b064 3e8c | fb7f 0000 
  0x0000028d4e0ba500: 41ff d248 | 83c4 08e9 | 0d00 0000 | 49ba b064 | 3e8c fb7f | 0000 41ff | d248 83c4 | 2049 c787 
  0x0000028d4e0ba520: 9802 0000 | 0000 0000 | 49c7 87a8 | 0200 0000 | 0000 0049 | c787 a002 | 0000 0000 | 0000 c5f8 
  0x0000028d4e0ba540: 7749 817f | 0800 0000 | 000f 8405 | 0000 00e9 | ac69 feff | 4c8b 6dc0 | 4c8b 75c8 | c341 0fb7 
  0x0000028d4e0ba560: 5501 488b | 4dd0 c1e2 | 0248 8b5c | d128 488b | 5b08 488b | 5b08 488b | 5b18 80bb | 3301 0000 
  0x0000028d4e0ba580: 040f 840d | 0000 004c | 3bbb 3801 | 0000 0f85 | 1fff ffff | 488b 5cd1 | 288b 54d1 | 38c1 ea1c 
  0x0000028d4e0ba5a0: 49ba a059 | c08c fb7f | 0000 498b | 14d2 5248 | 8b45 d848 | 85c0 0f84 | 1200 0000 | 4883 4008 
  0x0000028d4e0ba5c0: 0148 8358 | 0800 4883 | c010 4889 | 45d8 488b | 45d8 4885 | c00f 8435 | 0100 0080 | 78f0 0a0f 
  0x0000028d4e0ba5e0: 852b 0100 | 0048 83c0 | 084c 8b68 | f841 83ed | 0041 83fd | 020f 8c0a | 0100 004c | 8b6b 0845 
  0x0000028d4e0ba600: 0fb7 6d2c | 4c2b 2841 | 83ed 014e | 8b6c ec08 | 4d85 ed75 | 0748 8348 | 0801 eb53 | 458b 6d08 
  0x0000028d4e0ba620: 49ba 0000 | 0000 0800 | 0000 4d03 | ea4c 3368 | 0849 f7c5 | fcff ffff | 7435 49f7 | c502 0000 
  0x0000028d4e0ba640: 0075 2c48 | 8178 0800 | 0000 0074 | 1e48 8178 | 0801 0000 | 0074 144c | 3368 0849 | f7c5 fcff 
  0x0000028d4e0ba660: ffff 740b | 4883 4808 | 02eb 044c | 8968 0848 | 83c0 104c | 8b68 e841 | 83ed 0241 | 83fd 020f 
  0x0000028d4e0ba680: 8c80 0000 | 004c 8b6b | 0845 0fb7 | 6d2c 4c2b | 2841 83ed | 014e 8b6c | ec08 4d85 | ed75 0748 
  0x0000028d4e0ba6a0: 8348 0801 | eb53 458b | 6d08 49ba | 0000 0000 | 0800 0000 | 4d03 ea4c | 3368 0849 | f7c5 fcff 
  0x0000028d4e0ba6c0: ffff 7435 | 49f7 c502 | 0000 0075 | 2c48 8178 | 0800 0000 | 0074 1e48 | 8178 0801 | 0000 0074 
  0x0000028d4e0ba6e0: 144c 3368 | 0849 f7c5 | fcff ffff | 740b 4883 | 4808 02eb | 044c 8968 | 0848 83c0 | 104c 8b68 
  0x0000028d4e0ba700: d841 83ed | 0441 c1e5 | 0349 03c5 | 4889 45d8 | 4c8d 6c24 | 084c 896d | f0ff 6350 | 0f1f 4000 
[/MachCode]

---------------  P R O C E S S  ---------------

Threads class SMR info:
_java_thread_list=0x0000028d66212b70, length=12, elements={
0x0000028d3f05f8a0, 0x0000028d61e9ea90, 0x0000028d66075400, 0x0000028d66090530,
0x0000028d66090e00, 0x0000028d660b6700, 0x0000028d660a8330, 0x0000028d660a8f30,
0x0000028d660a9e50, 0x0000028d660aa760, 0x0000028d66234150, 0x0000028d6624c010
}

Java Threads: ( => current thread )
=>0x0000028d3f05f8a0 JavaThread "main" [_thread_in_vm, id=10280, stack(0x000000b177e00000,0x000000b177f00000)]
  0x0000028d61e9ea90 JavaThread "Reference Handler" daemon [_thread_blocked, id=9232, stack(0x000000b178500000,0x000000b178600000)]
  0x0000028d66075400 JavaThread "Finalizer" daemon [_thread_blocked, id=20244, stack(0x000000b178600000,0x000000b178700000)]
  0x0000028d66090530 JavaThread "Signal Dispatcher" daemon [_thread_blocked, id=17188, stack(0x000000b178700000,0x000000b178800000)]
  0x0000028d66090e00 JavaThread "Attach Listener" daemon [_thread_blocked, id=17824, stack(0x000000b178800000,0x000000b178900000)]
  0x0000028d660b6700 JavaThread "Service Thread" daemon [_thread_blocked, id=5980, stack(0x000000b178900000,0x000000b178a00000)]
  0x0000028d660a8330 JavaThread "Monitor Deflation Thread" daemon [_thread_blocked, id=4196, stack(0x000000b178a00000,0x000000b178b00000)]
  0x0000028d660a8f30 JavaThread "C2 CompilerThread0" daemon [_thread_blocked, id=10448, stack(0x000000b178b00000,0x000000b178c00000)]
  0x0000028d660a9e50 JavaThread "C1 CompilerThread0" daemon [_thread_blocked, id=19316, stack(0x000000b178c00000,0x000000b178d00000)]
  0x0000028d660aa760 JavaThread "Sweeper thread" daemon [_thread_blocked, id=2600, stack(0x000000b178d00000,0x000000b178e00000)]
  0x0000028d66234150 JavaThread "Notification Thread" daemon [_thread_blocked, id=16084, stack(0x000000b178e00000,0x000000b178f00000)]
  0x0000028d6624c010 JavaThread "Common-Cleaner" daemon [_thread_blocked, id=4528, stack(0x000000b179000000,0x000000b179100000)]

Other Threads:
  0x0000028d61e9e560 VMThread "VM Thread" [stack: 0x000000b178400000,0x000000b178500000] [id=14652]
  0x0000028d6615ff30 WatcherThread [stack: 0x000000b178f00000,0x000000b179000000] [id=7608]
  0x0000028d3f0cc930 GCTaskThread "GC Thread#0" [stack: 0x000000b177f00000,0x000000b178000000] [id=11684]
  0x0000028d3f0dd340 ConcurrentGCThread "G1 Main Marker" [stack: 0x000000b178000000,0x000000b178100000] [id=5668]
  0x0000028d3f0ddc60 ConcurrentGCThread "G1 Conc#0" [stack: 0x000000b178100000,0x000000b178200000] [id=5700]
  0x0000028d3f10e600 ConcurrentGCThread "G1 Refine#0" [stack: 0x000000b178200000,0x000000b178300000] [id=7544]
  0x0000028d61d4b1f0 ConcurrentGCThread "G1 Service" [stack: 0x000000b178300000,0x000000b178400000] [id=16388]

Threads with active compile tasks:

VM state: not at safepoint (normal execution)

VM Mutex/Monitor currently owned by a thread:  ([mutex/lock_event])
[0x0000028d3f04da20] Metaspace_lock - owner thread: 0x0000028d3f05f8a0

Heap address: 0x0000000704400000, size: 4028 MB, Compressed Oops mode: Zero based, Oop shift amount: 3

CDS archive(s) not mapped
Compressed class space mapped at: 0x0000000800000000-0x0000000840000000, reserved size: 1073741824
Narrow klass base: 0x0000000800000000, Narrow klass shift: 0, Narrow klass range: 0x40000000

GC Precious Log:
 CPUs: 8 total, 8 available
 Memory: 16110M
 Large Page Support: Disabled
 NUMA Support: Disabled
 Compressed Oops: Enabled (Zero based)
 Heap Region Size: 2M
 Heap Min Capacity: 8M
 Heap Initial Capacity: 252M
 Heap Max Capacity: 4028M
 Pre-touch: Disabled
 Parallel Workers: 8
 Concurrent Workers: 2
 Concurrent Refinement Workers: 8
 Periodic GC: Disabled

Heap:
 garbage-first heap   total 258048K, used 0K [0x0000000704400000, 0x0000000800000000)
  region size 2048K, 2 young (4096K), 0 survivors (0K)
 Metaspace       used 6217K, committed 6336K, reserved 1114112K
  class space    used 518K, committed 576K, reserved 1048576K

Heap Regions: E=young(eden), S=young(survivor), O=old, HS=humongous(starts), HC=humongous(continues), CS=collection set, F=free, OA=open archive, CA=closed archive, TAMS=top-at-mark-start (previous, next)
|   0|0x0000000704400000, 0x0000000704400000, 0x0000000704600000|  0%| F|  |TAMS 0x0000000704400000, 0x0000000704400000| Untracked 
|   1|0x0000000704600000, 0x0000000704600000, 0x0000000704800000|  0%| F|  |TAMS 0x0000000704600000, 0x0000000704600000| Untracked 
|   2|0x0000000704800000, 0x0000000704800000, 0x0000000704a00000|  0%| F|  |TAMS 0x0000000704800000, 0x0000000704800000| Untracked 
|   3|0x0000000704a00000, 0x0000000704a00000, 0x0000000704c00000|  0%| F|  |TAMS 0x0000000704a00000, 0x0000000704a00000| Untracked 
|   4|0x0000000704c00000, 0x0000000704c00000, 0x0000000704e00000|  0%| F|  |TAMS 0x0000000704c00000, 0x0000000704c00000| Untracked 
|   5|0x0000000704e00000, 0x0000000704e00000, 0x0000000705000000|  0%| F|  |TAMS 0x0000000704e00000, 0x0000000704e00000| Untracked 
|   6|0x0000000705000000, 0x0000000705000000, 0x0000000705200000|  0%| F|  |TAMS 0x0000000705000000, 0x0000000705000000| Untracked 
|   7|0x0000000705200000, 0x0000000705200000, 0x0000000705400000|  0%| F|  |TAMS 0x0000000705200000, 0x0000000705200000| Untracked 
|   8|0x0000000705400000, 0x0000000705400000, 0x0000000705600000|  0%| F|  |TAMS 0x0000000705400000, 0x0000000705400000| Untracked 
|   9|0x0000000705600000, 0x0000000705600000, 0x0000000705800000|  0%| F|  |TAMS 0x0000000705600000, 0x0000000705600000| Untracked 
|  10|0x0000000705800000, 0x0000000705800000, 0x0000000705a00000|  0%| F|  |TAMS 0x0000000705800000, 0x0000000705800000| Untracked 
|  11|0x0000000705a00000, 0x0000000705a00000, 0x0000000705c00000|  0%| F|  |TAMS 0x0000000705a00000, 0x0000000705a00000| Untracked 
|  12|0x0000000705c00000, 0x0000000705c00000, 0x0000000705e00000|  0%| F|  |TAMS 0x0000000705c00000, 0x0000000705c00000| Untracked 
|  13|0x0000000705e00000, 0x0000000705e00000, 0x0000000706000000|  0%| F|  |TAMS 0x0000000705e00000, 0x0000000705e00000| Untracked 
|  14|0x0000000706000000, 0x0000000706000000, 0x0000000706200000|  0%| F|  |TAMS 0x0000000706000000, 0x0000000706000000| Untracked 
|  15|0x0000000706200000, 0x0000000706200000, 0x0000000706400000|  0%| F|  |TAMS 0x0000000706200000, 0x0000000706200000| Untracked 
|  16|0x0000000706400000, 0x0000000706400000, 0x0000000706600000|  0%| F|  |TAMS 0x0000000706400000, 0x0000000706400000| Untracked 
|  17|0x0000000706600000, 0x0000000706600000, 0x0000000706800000|  0%| F|  |TAMS 0x0000000706600000, 0x0000000706600000| Untracked 
|  18|0x0000000706800000, 0x0000000706800000, 0x0000000706a00000|  0%| F|  |TAMS 0x0000000706800000, 0x0000000706800000| Untracked 
|  19|0x0000000706a00000, 0x0000000706a00000, 0x0000000706c00000|  0%| F|  |TAMS 0x0000000706a00000, 0x0000000706a00000| Untracked 
|  20|0x0000000706c00000, 0x0000000706c00000, 0x0000000706e00000|  0%| F|  |TAMS 0x0000000706c00000, 0x0000000706c00000| Untracked 
|  21|0x0000000706e00000, 0x0000000706e00000, 0x0000000707000000|  0%| F|  |TAMS 0x0000000706e00000, 0x0000000706e00000| Untracked 
|  22|0x0000000707000000, 0x0000000707000000, 0x0000000707200000|  0%| F|  |TAMS 0x0000000707000000, 0x0000000707000000| Untracked 
|  23|0x0000000707200000, 0x0000000707200000, 0x0000000707400000|  0%| F|  |TAMS 0x0000000707200000, 0x0000000707200000| Untracked 
|  24|0x0000000707400000, 0x0000000707400000, 0x0000000707600000|  0%| F|  |TAMS 0x0000000707400000, 0x0000000707400000| Untracked 
|  25|0x0000000707600000, 0x0000000707600000, 0x0000000707800000|  0%| F|  |TAMS 0x0000000707600000, 0x0000000707600000| Untracked 
|  26|0x0000000707800000, 0x0000000707800000, 0x0000000707a00000|  0%| F|  |TAMS 0x0000000707800000, 0x0000000707800000| Untracked 
|  27|0x0000000707a00000, 0x0000000707a00000, 0x0000000707c00000|  0%| F|  |TAMS 0x0000000707a00000, 0x0000000707a00000| Untracked 
|  28|0x0000000707c00000, 0x0000000707c00000, 0x0000000707e00000|  0%| F|  |TAMS 0x0000000707c00000, 0x0000000707c00000| Untracked 
|  29|0x0000000707e00000, 0x0000000707e00000, 0x0000000708000000|  0%| F|  |TAMS 0x0000000707e00000, 0x0000000707e00000| Untracked 
|  30|0x0000000708000000, 0x0000000708000000, 0x0000000708200000|  0%| F|  |TAMS 0x0000000708000000, 0x0000000708000000| Untracked 
|  31|0x0000000708200000, 0x0000000708200000, 0x0000000708400000|  0%| F|  |TAMS 0x0000000708200000, 0x0000000708200000| Untracked 
|  32|0x0000000708400000, 0x0000000708400000, 0x0000000708600000|  0%| F|  |TAMS 0x0000000708400000, 0x0000000708400000| Untracked 
|  33|0x0000000708600000, 0x0000000708600000, 0x0000000708800000|  0%| F|  |TAMS 0x0000000708600000, 0x0000000708600000| Untracked 
|  34|0x0000000708800000, 0x0000000708800000, 0x0000000708a00000|  0%| F|  |TAMS 0x0000000708800000, 0x0000000708800000| Untracked 
|  35|0x0000000708a00000, 0x0000000708a00000, 0x0000000708c00000|  0%| F|  |TAMS 0x0000000708a00000, 0x0000000708a00000| Untracked 
|  36|0x0000000708c00000, 0x0000000708c00000, 0x0000000708e00000|  0%| F|  |TAMS 0x0000000708c00000, 0x0000000708c00000| Untracked 
|  37|0x0000000708e00000, 0x0000000708e00000, 0x0000000709000000|  0%| F|  |TAMS 0x0000000708e00000, 0x0000000708e00000| Untracked 
|  38|0x0000000709000000, 0x0000000709000000, 0x0000000709200000|  0%| F|  |TAMS 0x0000000709000000, 0x0000000709000000| Untracked 
|  39|0x0000000709200000, 0x0000000709200000, 0x0000000709400000|  0%| F|  |TAMS 0x0000000709200000, 0x0000000709200000| Untracked 
|  40|0x0000000709400000, 0x0000000709400000, 0x0000000709600000|  0%| F|  |TAMS 0x0000000709400000, 0x0000000709400000| Untracked 
|  41|0x0000000709600000, 0x0000000709600000, 0x0000000709800000|  0%| F|  |TAMS 0x0000000709600000, 0x0000000709600000| Untracked 
|  42|0x0000000709800000, 0x0000000709800000, 0x0000000709a00000|  0%| F|  |TAMS 0x0000000709800000, 0x0000000709800000| Untracked 
|  43|0x0000000709a00000, 0x0000000709a00000, 0x0000000709c00000|  0%| F|  |TAMS 0x0000000709a00000, 0x0000000709a00000| Untracked 
|  44|0x0000000709c00000, 0x0000000709c00000, 0x0000000709e00000|  0%| F|  |TAMS 0x0000000709c00000, 0x0000000709c00000| Untracked 
|  45|0x0000000709e00000, 0x0000000709e00000, 0x000000070a000000|  0%| F|  |TAMS 0x0000000709e00000, 0x0000000709e00000| Untracked 
|  46|0x000000070a000000, 0x000000070a000000, 0x000000070a200000|  0%| F|  |TAMS 0x000000070a000000, 0x000000070a000000| Untracked 
|  47|0x000000070a200000, 0x000000070a200000, 0x000000070a400000|  0%| F|  |TAMS 0x000000070a200000, 0x000000070a200000| Untracked 
|  48|0x000000070a400000, 0x000000070a400000, 0x000000070a600000|  0%| F|  |TAMS 0x000000070a400000, 0x000000070a400000| Untracked 
|  49|0x000000070a600000, 0x000000070a600000, 0x000000070a800000|  0%| F|  |TAMS 0x000000070a600000, 0x000000070a600000| Untracked 
|  50|0x000000070a800000, 0x000000070a800000, 0x000000070aa00000|  0%| F|  |TAMS 0x000000070a800000, 0x000000070a800000| Untracked 
|  51|0x000000070aa00000, 0x000000070aa00000, 0x000000070ac00000|  0%| F|  |TAMS 0x000000070aa00000, 0x000000070aa00000| Untracked 
|  52|0x000000070ac00000, 0x000000070ac00000, 0x000000070ae00000|  0%| F|  |TAMS 0x000000070ac00000, 0x000000070ac00000| Untracked 
|  53|0x000000070ae00000, 0x000000070ae00000, 0x000000070b000000|  0%| F|  |TAMS 0x000000070ae00000, 0x000000070ae00000| Untracked 
|  54|0x000000070b000000, 0x000000070b000000, 0x000000070b200000|  0%| F|  |TAMS 0x000000070b000000, 0x000000070b000000| Untracked 
|  55|0x000000070b200000, 0x000000070b200000, 0x000000070b400000|  0%| F|  |TAMS 0x000000070b200000, 0x000000070b200000| Untracked 
|  56|0x000000070b400000, 0x000000070b400000, 0x000000070b600000|  0%| F|  |TAMS 0x000000070b400000, 0x000000070b400000| Untracked 
|  57|0x000000070b600000, 0x000000070b600000, 0x000000070b800000|  0%| F|  |TAMS 0x000000070b600000, 0x000000070b600000| Untracked 
|  58|0x000000070b800000, 0x000000070b800000, 0x000000070ba00000|  0%| F|  |TAMS 0x000000070b800000, 0x000000070b800000| Untracked 
|  59|0x000000070ba00000, 0x000000070ba00000, 0x000000070bc00000|  0%| F|  |TAMS 0x000000070ba00000, 0x000000070ba00000| Untracked 
|  60|0x000000070bc00000, 0x000000070bc00000, 0x000000070be00000|  0%| F|  |TAMS 0x000000070bc00000, 0x000000070bc00000| Untracked 
|  61|0x000000070be00000, 0x000000070be00000, 0x000000070c000000|  0%| F|  |TAMS 0x000000070be00000, 0x000000070be00000| Untracked 
|  62|0x000000070c000000, 0x000000070c000000, 0x000000070c200000|  0%| F|  |TAMS 0x000000070c000000, 0x000000070c000000| Untracked 
|  63|0x000000070c200000, 0x000000070c200000, 0x000000070c400000|  0%| F|  |TAMS 0x000000070c200000, 0x000000070c200000| Untracked 
|  64|0x000000070c400000, 0x000000070c400000, 0x000000070c600000|  0%| F|  |TAMS 0x000000070c400000, 0x000000070c400000| Untracked 
|  65|0x000000070c600000, 0x000000070c600000, 0x000000070c800000|  0%| F|  |TAMS 0x000000070c600000, 0x000000070c600000| Untracked 
|  66|0x000000070c800000, 0x000000070c800000, 0x000000070ca00000|  0%| F|  |TAMS 0x000000070c800000, 0x000000070c800000| Untracked 
|  67|0x000000070ca00000, 0x000000070ca00000, 0x000000070cc00000|  0%| F|  |TAMS 0x000000070ca00000, 0x000000070ca00000| Untracked 
|  68|0x000000070cc00000, 0x000000070cc00000, 0x000000070ce00000|  0%| F|  |TAMS 0x000000070cc00000, 0x000000070cc00000| Untracked 
|  69|0x000000070ce00000, 0x000000070ce00000, 0x000000070d000000|  0%| F|  |TAMS 0x000000070ce00000, 0x000000070ce00000| Untracked 
|  70|0x000000070d000000, 0x000000070d000000, 0x000000070d200000|  0%| F|  |TAMS 0x000000070d000000, 0x000000070d000000| Untracked 
|  71|0x000000070d200000, 0x000000070d200000, 0x000000070d400000|  0%| F|  |TAMS 0x000000070d200000, 0x000000070d200000| Untracked 
|  72|0x000000070d400000, 0x000000070d400000, 0x000000070d600000|  0%| F|  |TAMS 0x000000070d400000, 0x000000070d400000| Untracked 
|  73|0x000000070d600000, 0x000000070d600000, 0x000000070d800000|  0%| F|  |TAMS 0x000000070d600000, 0x000000070d600000| Untracked 
|  74|0x000000070d800000, 0x000000070d800000, 0x000000070da00000|  0%| F|  |TAMS 0x000000070d800000, 0x000000070d800000| Untracked 
|  75|0x000000070da00000, 0x000000070da00000, 0x000000070dc00000|  0%| F|  |TAMS 0x000000070da00000, 0x000000070da00000| Untracked 
|  76|0x000000070dc00000, 0x000000070dc00000, 0x000000070de00000|  0%| F|  |TAMS 0x000000070dc00000, 0x000000070dc00000| Untracked 
|  77|0x000000070de00000, 0x000000070de00000, 0x000000070e000000|  0%| F|  |TAMS 0x000000070de00000, 0x000000070de00000| Untracked 
|  78|0x000000070e000000, 0x000000070e000000, 0x000000070e200000|  0%| F|  |TAMS 0x000000070e000000, 0x000000070e000000| Untracked 
|  79|0x000000070e200000, 0x000000070e200000, 0x000000070e400000|  0%| F|  |TAMS 0x000000070e200000, 0x000000070e200000| Untracked 
|  80|0x000000070e400000, 0x000000070e400000, 0x000000070e600000|  0%| F|  |TAMS 0x000000070e400000, 0x000000070e400000| Untracked 
|  81|0x000000070e600000, 0x000000070e600000, 0x000000070e800000|  0%| F|  |TAMS 0x000000070e600000, 0x000000070e600000| Untracked 
|  82|0x000000070e800000, 0x000000070e800000, 0x000000070ea00000|  0%| F|  |TAMS 0x000000070e800000, 0x000000070e800000| Untracked 
|  83|0x000000070ea00000, 0x000000070ea00000, 0x000000070ec00000|  0%| F|  |TAMS 0x000000070ea00000, 0x000000070ea00000| Untracked 
|  84|0x000000070ec00000, 0x000000070ec00000, 0x000000070ee00000|  0%| F|  |TAMS 0x000000070ec00000, 0x000000070ec00000| Untracked 
|  85|0x000000070ee00000, 0x000000070ee00000, 0x000000070f000000|  0%| F|  |TAMS 0x000000070ee00000, 0x000000070ee00000| Untracked 
|  86|0x000000070f000000, 0x000000070f000000, 0x000000070f200000|  0%| F|  |TAMS 0x000000070f000000, 0x000000070f000000| Untracked 
|  87|0x000000070f200000, 0x000000070f200000, 0x000000070f400000|  0%| F|  |TAMS 0x000000070f200000, 0x000000070f200000| Untracked 
|  88|0x000000070f400000, 0x000000070f400000, 0x000000070f600000|  0%| F|  |TAMS 0x000000070f400000, 0x000000070f400000| Untracked 
|  89|0x000000070f600000, 0x000000070f600000, 0x000000070f800000|  0%| F|  |TAMS 0x000000070f600000, 0x000000070f600000| Untracked 
|  90|0x000000070f800000, 0x000000070f800000, 0x000000070fa00000|  0%| F|  |TAMS 0x000000070f800000, 0x000000070f800000| Untracked 
|  91|0x000000070fa00000, 0x000000070fa00000, 0x000000070fc00000|  0%| F|  |TAMS 0x000000070fa00000, 0x000000070fa00000| Untracked 
|  92|0x000000070fc00000, 0x000000070fc00000, 0x000000070fe00000|  0%| F|  |TAMS 0x000000070fc00000, 0x000000070fc00000| Untracked 
|  93|0x000000070fe00000, 0x000000070fe00000, 0x0000000710000000|  0%| F|  |TAMS 0x000000070fe00000, 0x000000070fe00000| Untracked 
|  94|0x0000000710000000, 0x0000000710000000, 0x0000000710200000|  0%| F|  |TAMS 0x0000000710000000, 0x0000000710000000| Untracked 
|  95|0x0000000710200000, 0x0000000710200000, 0x0000000710400000|  0%| F|  |TAMS 0x0000000710200000, 0x0000000710200000| Untracked 
|  96|0x0000000710400000, 0x0000000710400000, 0x0000000710600000|  0%| F|  |TAMS 0x0000000710400000, 0x0000000710400000| Untracked 
|  97|0x0000000710600000, 0x0000000710600000, 0x0000000710800000|  0%| F|  |TAMS 0x0000000710600000, 0x0000000710600000| Untracked 
|  98|0x0000000710800000, 0x0000000710800000, 0x0000000710a00000|  0%| F|  |TAMS 0x0000000710800000, 0x0000000710800000| Untracked 
|  99|0x0000000710a00000, 0x0000000710a00000, 0x0000000710c00000|  0%| F|  |TAMS 0x0000000710a00000, 0x0000000710a00000| Untracked 
| 100|0x0000000710c00000, 0x0000000710c00000, 0x0000000710e00000|  0%| F|  |TAMS 0x0000000710c00000, 0x0000000710c00000| Untracked 
| 101|0x0000000710e00000, 0x0000000710e00000, 0x0000000711000000|  0%| F|  |TAMS 0x0000000710e00000, 0x0000000710e00000| Untracked 
| 102|0x0000000711000000, 0x0000000711000000, 0x0000000711200000|  0%| F|  |TAMS 0x0000000711000000, 0x0000000711000000| Untracked 
| 103|0x0000000711200000, 0x0000000711200000, 0x0000000711400000|  0%| F|  |TAMS 0x0000000711200000, 0x0000000711200000| Untracked 
| 104|0x0000000711400000, 0x0000000711400000, 0x0000000711600000|  0%| F|  |TAMS 0x0000000711400000, 0x0000000711400000| Untracked 
| 105|0x0000000711600000, 0x0000000711600000, 0x0000000711800000|  0%| F|  |TAMS 0x0000000711600000, 0x0000000711600000| Untracked 
| 106|0x0000000711800000, 0x0000000711800000, 0x0000000711a00000|  0%| F|  |TAMS 0x0000000711800000, 0x0000000711800000| Untracked 
| 107|0x0000000711a00000, 0x0000000711a00000, 0x0000000711c00000|  0%| F|  |TAMS 0x0000000711a00000, 0x0000000711a00000| Untracked 
| 108|0x0000000711c00000, 0x0000000711c00000, 0x0000000711e00000|  0%| F|  |TAMS 0x0000000711c00000, 0x0000000711c00000| Untracked 
| 109|0x0000000711e00000, 0x0000000711e00000, 0x0000000712000000|  0%| F|  |TAMS 0x0000000711e00000, 0x0000000711e00000| Untracked 
| 110|0x0000000712000000, 0x0000000712000000, 0x0000000712200000|  0%| F|  |TAMS 0x0000000712000000, 0x0000000712000000| Untracked 
| 111|0x0000000712200000, 0x0000000712200000, 0x0000000712400000|  0%| F|  |TAMS 0x0000000712200000, 0x0000000712200000| Untracked 
| 112|0x0000000712400000, 0x0000000712400000, 0x0000000712600000|  0%| F|  |TAMS 0x0000000712400000, 0x0000000712400000| Untracked 
| 113|0x0000000712600000, 0x0000000712600000, 0x0000000712800000|  0%| F|  |TAMS 0x0000000712600000, 0x0000000712600000| Untracked 
| 114|0x0000000712800000, 0x0000000712800000, 0x0000000712a00000|  0%| F|  |TAMS 0x0000000712800000, 0x0000000712800000| Untracked 
| 115|0x0000000712a00000, 0x0000000712a00000, 0x0000000712c00000|  0%| F|  |TAMS 0x0000000712a00000, 0x0000000712a00000| Untracked 
| 116|0x0000000712c00000, 0x0000000712c00000, 0x0000000712e00000|  0%| F|  |TAMS 0x0000000712c00000, 0x0000000712c00000| Untracked 
| 117|0x0000000712e00000, 0x0000000712e00000, 0x0000000713000000|  0%| F|  |TAMS 0x0000000712e00000, 0x0000000712e00000| Untracked 
| 118|0x0000000713000000, 0x0000000713000000, 0x0000000713200000|  0%| F|  |TAMS 0x0000000713000000, 0x0000000713000000| Untracked 
| 119|0x0000000713200000, 0x0000000713200000, 0x0000000713400000|  0%| F|  |TAMS 0x0000000713200000, 0x0000000713200000| Untracked 
| 120|0x0000000713400000, 0x0000000713400000, 0x0000000713600000|  0%| F|  |TAMS 0x0000000713400000, 0x0000000713400000| Untracked 
| 121|0x0000000713600000, 0x0000000713600000, 0x0000000713800000|  0%| F|  |TAMS 0x0000000713600000, 0x0000000713600000| Untracked 
| 122|0x0000000713800000, 0x0000000713800000, 0x0000000713a00000|  0%| F|  |TAMS 0x0000000713800000, 0x0000000713800000| Untracked 
| 123|0x0000000713a00000, 0x0000000713a00000, 0x0000000713c00000|  0%| F|  |TAMS 0x0000000713a00000, 0x0000000713a00000| Untracked 
| 124|0x0000000713c00000, 0x0000000713de9760, 0x0000000713e00000| 95%| E|  |TAMS 0x0000000713c00000, 0x0000000713c00000| Complete 
| 125|0x0000000713e00000, 0x0000000714000000, 0x0000000714000000|100%| E|  |TAMS 0x0000000713e00000, 0x0000000713e00000| Complete 

Card table byte_map: [0x0000028d56680000,0x0000028d56e60000] _byte_map_base: 0x0000028d52e5e000

Marking Bits (Prev, Next): (CMBitMap*) 0x0000028d3f0cce50, (CMBitMap*) 0x0000028d3f0cce90
 Prev Bits: [0x0000028d57640000, 0x0000028d5b530000)
 Next Bits: [0x0000028d5b530000, 0x0000028d5f420000)

Polling page: 0x0000028d3cf80000

Metaspace:

Usage:
  Non-class:      5.57 MB used.
      Class:    518.40 KB used.
       Both:      6.07 MB used.

Virtual space:
  Non-class space:       64.00 MB reserved,       5.62 MB (  9%) committed,  1 nodes.
      Class space:        1.00 GB reserved,     576.00 KB ( <1%) committed,  1 nodes.
             Both:        1.06 GB reserved,       6.19 MB ( <1%) committed. 

Chunk freelists:
   Non-Class:  10.23 MB
       Class:  15.48 MB
        Both:  25.72 MB

MaxMetaspaceSize: unlimited
CompressedClassSpaceSize: 1.00 GB
Initial GC threshold: 21.00 MB
Current GC threshold: 21.00 MB
CDS: off
MetaspaceReclaimPolicy: balanced
 - commit_granule_bytes: 65536.
 - commit_granule_words: 8192.
 - virtual_space_node_default_size: 8388608.
 - enlarge_chunks_in_place: 1.
 - new_chunks_are_fully_committed: 0.
 - uncommit_free_chunks: 1.
 - use_allocation_guard: 0.
 - handle_deallocations: 1.


Internal statistics:

num_allocs_failed_limit: 0.
num_arena_births: 6.
num_arena_deaths: 0.
num_vsnodes_births: 2.
num_vsnodes_deaths: 0.
num_space_committed: 99.
num_space_uncommitted: 0.
num_chunks_returned_to_freelist: 0.
num_chunks_taken_from_freelist: 32.
num_chunk_merges: 0.
num_chunk_splits: 16.
num_chunks_enlarged: 11.
num_inconsistent_stats: 0.

CodeHeap 'non-profiled nmethods': size=120000Kb used=57Kb max_used=57Kb free=119942Kb
 bounds [0x0000028d4e640000, 0x0000028d4e8b0000, 0x0000028d55b70000]
CodeHeap 'profiled nmethods': size=120000Kb used=270Kb max_used=270Kb free=119729Kb
 bounds [0x0000028d46b70000, 0x0000028d46de0000, 0x0000028d4e0a0000]
CodeHeap 'non-nmethods': size=5760Kb used=1110Kb max_used=1125Kb free=4649Kb
 bounds [0x0000028d4e0a0000, 0x0000028d4e310000, 0x0000028d4e640000]
 total_blobs=584 nmethods=211 adapters=286
 compilation: enabled
              stopped_count=0, restarted_count=0
 full_count=0

Compilation events (20 events):
Event: 0.130 Thread 0x0000028d660a9e50  200       3       java.lang.StringConcatHelper::newArray (40 bytes)
Event: 0.130 Thread 0x0000028d660a9e50 nmethod 200 0x0000028d46bb0490 code [0x0000028d46bb0660, 0x0000028d46bb09b8]
Event: 0.130 Thread 0x0000028d660a9e50  199       3       java.lang.ClassLoader::checkName (37 bytes)
Event: 0.130 Thread 0x0000028d660a9e50 nmethod 199 0x0000028d46bb0a90 code [0x0000028d46bb0ce0, 0x0000028d46bb16d8]
Event: 0.130 Thread 0x0000028d660a9e50  203       3       java.lang.StringLatin1::indexOf (121 bytes)
Event: 0.130 Thread 0x0000028d660a9e50 nmethod 203 0x0000028d46bb1a10 code [0x0000028d46bb1be0, 0x0000028d46bb20d8]
Event: 0.131 Thread 0x0000028d660a9e50  204       3       jdk.internal.misc.Unsafe::putReferenceRelease (9 bytes)
Event: 0.131 Thread 0x0000028d660a9e50 nmethod 204 0x0000028d46bb2310 code [0x0000028d46bb24a0, 0x0000028d46bb2618]
Event: 0.131 Thread 0x0000028d660a9e50  206       3       java.util.concurrent.ConcurrentHashMap::setTabAt (20 bytes)
Event: 0.131 Thread 0x0000028d660a9e50 nmethod 206 0x0000028d46bb2690 code [0x0000028d46bb2840, 0x0000028d46bb2a68]
Event: 0.131 Thread 0x0000028d660a9e50  208       3       java.util.HashMap::get (19 bytes)
Event: 0.131 Thread 0x0000028d660a9e50 nmethod 208 0x0000028d46bb2b10 code [0x0000028d46bb2cc0, 0x0000028d46bb2e88]
Event: 0.131 Thread 0x0000028d660a9e50  207       3       java.lang.Class::getName (18 bytes)
Event: 0.131 Thread 0x0000028d660a8f30 nmethod 201 0x0000028d4e64dc90 code [0x0000028d4e64de00, 0x0000028d4e64df78]
Event: 0.131 Thread 0x0000028d660a9e50 nmethod 207 0x0000028d46bb2f90 code [0x0000028d46bb3140, 0x0000028d46bb32c8]
Event: 0.131 Thread 0x0000028d660a9e50  209       1       java.security.CodeSource::getLocationNoFragString (5 bytes)
Event: 0.131 Thread 0x0000028d660a9e50 nmethod 209 0x0000028d4e64e090 code [0x0000028d4e64e220, 0x0000028d4e64e2f8]
Event: 0.131 Thread 0x0000028d660a9e50  210       3       java.util.zip.Inflater::ensureOpen (47 bytes)
Event: 0.131 Thread 0x0000028d660a9e50 nmethod 210 0x0000028d46bb3390 code [0x0000028d46bb3540, 0x0000028d46bb37a8]
Event: 0.132 Thread 0x0000028d660a8f30  211       4       java.util.zip.ZipUtils::LG (22 bytes)

GC Heap History (0 events):
No events

Dll operation events (5 events):
Event: 0.004 Loaded shared library C:\Program Files\Unity\Hub\Editor\6000.0.37f1\Editor\Data\PlaybackEngines\AndroidPlayer\OpenJDK\bin\java.dll
Event: 0.019 Loaded shared library C:\Program Files\Unity\Hub\Editor\6000.0.37f1\Editor\Data\PlaybackEngines\AndroidPlayer\OpenJDK\bin\jsvml.dll
Event: 0.064 Loaded shared library C:\Program Files\Unity\Hub\Editor\6000.0.37f1\Editor\Data\PlaybackEngines\AndroidPlayer\OpenJDK\bin\net.dll
Event: 0.065 Loaded shared library C:\Program Files\Unity\Hub\Editor\6000.0.37f1\Editor\Data\PlaybackEngines\AndroidPlayer\OpenJDK\bin\nio.dll
Event: 0.078 Loaded shared library C:\Program Files\Unity\Hub\Editor\6000.0.37f1\Editor\Data\PlaybackEngines\AndroidPlayer\OpenJDK\bin\zip.dll

Deoptimization events (20 events):
Event: 0.091 Thread 0x0000028d3f05f8a0 DEOPT PACKING pc=0x0000028d46b8b88c sp=0x000000b177ef9a80
Event: 0.091 Thread 0x0000028d3f05f8a0 DEOPT UNPACKING pc=0x0000028d4e0face3 sp=0x000000b177ef8f10 mode 0
Event: 0.091 Thread 0x0000028d3f05f8a0 DEOPT PACKING pc=0x0000028d46b8b88c sp=0x000000b177ef9a80
Event: 0.091 Thread 0x0000028d3f05f8a0 DEOPT UNPACKING pc=0x0000028d4e0face3 sp=0x000000b177ef8f10 mode 0
Event: 0.091 Thread 0x0000028d3f05f8a0 DEOPT PACKING pc=0x0000028d46b8b88c sp=0x000000b177ef9a80
Event: 0.091 Thread 0x0000028d3f05f8a0 DEOPT UNPACKING pc=0x0000028d4e0face3 sp=0x000000b177ef8f10 mode 0
Event: 0.091 Thread 0x0000028d3f05f8a0 DEOPT PACKING pc=0x0000028d46b8b88c sp=0x000000b177ef9a80
Event: 0.091 Thread 0x0000028d3f05f8a0 DEOPT UNPACKING pc=0x0000028d4e0face3 sp=0x000000b177ef8f10 mode 0
Event: 0.092 Thread 0x0000028d3f05f8a0 DEOPT PACKING pc=0x0000028d46b8b88c sp=0x000000b177ef9a80
Event: 0.092 Thread 0x0000028d3f05f8a0 DEOPT UNPACKING pc=0x0000028d4e0face3 sp=0x000000b177ef8f10 mode 0
Event: 0.092 Thread 0x0000028d3f05f8a0 DEOPT PACKING pc=0x0000028d46b8b88c sp=0x000000b177ef9a80
Event: 0.092 Thread 0x0000028d3f05f8a0 DEOPT UNPACKING pc=0x0000028d4e0face3 sp=0x000000b177ef8f10 mode 0
Event: 0.092 Thread 0x0000028d3f05f8a0 DEOPT PACKING pc=0x0000028d46b8b88c sp=0x000000b177ef9a80
Event: 0.092 Thread 0x0000028d3f05f8a0 DEOPT UNPACKING pc=0x0000028d4e0face3 sp=0x000000b177ef8f10 mode 0
Event: 0.092 Thread 0x0000028d3f05f8a0 DEOPT PACKING pc=0x0000028d46b8b88c sp=0x000000b177ef9a80
Event: 0.092 Thread 0x0000028d3f05f8a0 DEOPT UNPACKING pc=0x0000028d4e0face3 sp=0x000000b177ef8f10 mode 0
Event: 0.122 Thread 0x0000028d3f05f8a0 DEOPT PACKING pc=0x0000028d46b868e7 sp=0x000000b177efd6c0
Event: 0.122 Thread 0x0000028d3f05f8a0 DEOPT UNPACKING pc=0x0000028d4e0face3 sp=0x000000b177efcae0 mode 0
Event: 0.130 Thread 0x0000028d3f05f8a0 DEOPT PACKING pc=0x0000028d46b85851 sp=0x000000b177efa340
Event: 0.130 Thread 0x0000028d3f05f8a0 DEOPT UNPACKING pc=0x0000028d4e0face3 sp=0x000000b177ef97b8 mode 0

Classes unloaded (0 events):
No events

Classes redefined (0 events):
No events

Internal exceptions (1 events):
Event: 0.118 Thread 0x0000028d3f05f8a0 Exception <a 'sun/nio/fs/WindowsException'{0x0000000713ce32e8}> (0x0000000713ce32e8) 
thrown [s\src\hotspot\share\prims\jni.cpp, line 516]

VM Operations (2 events):
Event: 0.074 Executing VM operation: HandshakeAllThreads
Event: 0.074 Executing VM operation: HandshakeAllThreads done

Events (20 events):
Event: 0.123 loading class java/util/SortedSet
Event: 0.123 loading class java/util/SortedSet done
Event: 0.123 loading class java/util/NavigableSet done
Event: 0.123 loading class java/util/TreeSet done
Event: 0.123 loading class java/util/TreeMap$KeySet
Event: 0.123 loading class java/util/TreeMap$KeySet done
Event: 0.123 loading class java/util/TreeMap$KeyIterator
Event: 0.123 loading class java/util/TreeMap$PrivateEntryIterator
Event: 0.124 loading class java/util/TreeMap$PrivateEntryIterator done
Event: 0.124 loading class java/util/TreeMap$KeyIterator done
Event: 0.125 loading class java/lang/IllegalStateException
Event: 0.125 loading class java/lang/IllegalStateException done
Event: 0.126 loading class java/lang/AssertionError
Event: 0.126 loading class java/lang/AssertionError done
Event: 0.126 loading class java/lang/UnsupportedOperationException
Event: 0.126 loading class java/lang/UnsupportedOperationException done
Event: 0.128 loading class java/lang/IllegalAccessException
Event: 0.128 loading class java/lang/IllegalAccessException done
Event: 0.128 loading class java/lang/InstantiationException
Event: 0.128 loading class java/lang/InstantiationException done


Dynamic libraries:
0x00007ff6b3df0000 - 0x00007ff6b3dfe000 	C:\Program Files\Unity\Hub\Editor\6000.0.37f1\Editor\Data\PlaybackEngines\AndroidPlayer\OpenJDK\bin\java.exe
0x00007ffc295b0000 - 0x00007ffc297c7000 	C:\WINDOWS\SYSTEM32\ntdll.dll
0x00007ffc28e60000 - 0x00007ffc28f24000 	C:\WINDOWS\System32\KERNEL32.DLL
0x00007ffc26bc0000 - 0x00007ffc26f90000 	C:\WINDOWS\System32\KERNELBASE.dll
0x00007ffc26fc0000 - 0x00007ffc270d1000 	C:\WINDOWS\System32\ucrtbase.dll
0x00007ffc01e20000 - 0x00007ffc01e3b000 	C:\Program Files\Unity\Hub\Editor\6000.0.37f1\Editor\Data\PlaybackEngines\AndroidPlayer\OpenJDK\bin\VCRUNTIME140.dll
0x00007ffbccc40000 - 0x00007ffbccc57000 	C:\Program Files\Unity\Hub\Editor\6000.0.37f1\Editor\Data\PlaybackEngines\AndroidPlayer\OpenJDK\bin\jli.dll
0x00007ffc278d0000 - 0x00007ffc27a7e000 	C:\WINDOWS\System32\USER32.dll
0x00007ffc0df10000 - 0x00007ffc0e1a2000 	C:\WINDOWS\WinSxS\amd64_microsoft.windows.common-controls_6595b64144ccf1df_6.0.22621.4830_none_270fe7d773858e80\COMCTL32.dll
0x00007ffc26980000 - 0x00007ffc269a6000 	C:\WINDOWS\System32\win32u.dll
0x00007ffc29170000 - 0x00007ffc29217000 	C:\WINDOWS\System32\msvcrt.dll
0x00007ffc283a0000 - 0x00007ffc283c9000 	C:\WINDOWS\System32\GDI32.dll
0x00007ffc26860000 - 0x00007ffc2697b000 	C:\WINDOWS\System32\gdi32full.dll
0x00007ffc26b20000 - 0x00007ffc26bba000 	C:\WINDOWS\System32\msvcp_win.dll
0x00007ffc27510000 - 0x00007ffc27541000 	C:\WINDOWS\System32\IMM32.DLL
0x00007ffbd0260000 - 0x00007ffbd026c000 	C:\Program Files\Unity\Hub\Editor\6000.0.37f1\Editor\Data\PlaybackEngines\AndroidPlayer\OpenJDK\bin\vcruntime140_1.dll
0x00007ffba1c90000 - 0x00007ffba1d1d000 	C:\Program Files\Unity\Hub\Editor\6000.0.37f1\Editor\Data\PlaybackEngines\AndroidPlayer\OpenJDK\bin\msvcp140.dll
0x00007ffb8c060000 - 0x00007ffb8ccc1000 	C:\Program Files\Unity\Hub\Editor\6000.0.37f1\Editor\Data\PlaybackEngines\AndroidPlayer\OpenJDK\bin\server\jvm.dll
0x00007ffc28da0000 - 0x00007ffc28e51000 	C:\WINDOWS\System32\ADVAPI32.dll
0x00007ffc29290000 - 0x00007ffc29337000 	C:\WINDOWS\System32\sechost.dll
0x00007ffc26f90000 - 0x00007ffc26fb8000 	C:\WINDOWS\System32\bcrypt.dll
0x00007ffc275a0000 - 0x00007ffc276b4000 	C:\WINDOWS\System32\RPCRT4.dll
0x00007ffbe8dd0000 - 0x00007ffbe8dd9000 	C:\WINDOWS\SYSTEM32\WSOCK32.dll
0x00007ffc26730000 - 0x00007ffc2677d000 	C:\WINDOWS\SYSTEM32\POWRPROF.dll
0x00007ffc1b530000 - 0x00007ffc1b564000 	C:\WINDOWS\SYSTEM32\WINMM.dll
0x00007ffc28fc0000 - 0x00007ffc29031000 	C:\WINDOWS\System32\WS2_32.dll
0x00007ffc19110000 - 0x00007ffc1911a000 	C:\WINDOWS\SYSTEM32\VERSION.dll
0x00007ffc26710000 - 0x00007ffc26723000 	C:\WINDOWS\SYSTEM32\UMPDC.dll
0x00007ffc25840000 - 0x00007ffc25858000 	C:\WINDOWS\SYSTEM32\kernel.appcore.dll
0x00007ffbcd6a0000 - 0x00007ffbcd6aa000 	C:\Program Files\Unity\Hub\Editor\6000.0.37f1\Editor\Data\PlaybackEngines\AndroidPlayer\OpenJDK\bin\jimage.dll
0x00007ffc24090000 - 0x00007ffc242c2000 	C:\WINDOWS\SYSTEM32\DBGHELP.DLL
0x00007ffc28590000 - 0x00007ffc28920000 	C:\WINDOWS\System32\combase.dll
0x00007ffc29040000 - 0x00007ffc29117000 	C:\WINDOWS\System32\OLEAUT32.dll
0x00007ffc0e1e0000 - 0x00007ffc0e212000 	C:\WINDOWS\SYSTEM32\dbgcore.DLL
0x00007ffc27220000 - 0x00007ffc2729b000 	C:\WINDOWS\System32\bcryptPrimitives.dll
0x00007ffba1c60000 - 0x00007ffba1c85000 	C:\Program Files\Unity\Hub\Editor\6000.0.37f1\Editor\Data\PlaybackEngines\AndroidPlayer\OpenJDK\bin\java.dll
0x00007ffb94400000 - 0x00007ffb944d7000 	C:\Program Files\Unity\Hub\Editor\6000.0.37f1\Editor\Data\PlaybackEngines\AndroidPlayer\OpenJDK\bin\jsvml.dll
0x00007ffc27aa0000 - 0x00007ffc28318000 	C:\WINDOWS\System32\SHELL32.dll
0x00007ffc24740000 - 0x00007ffc25050000 	C:\WINDOWS\SYSTEM32\windows.storage.dll
0x00007ffc24600000 - 0x00007ffc2473f000 	C:\WINDOWS\SYSTEM32\wintypes.dll
0x00007ffc27400000 - 0x00007ffc2750a000 	C:\WINDOWS\System32\SHCORE.dll
0x00007ffc29350000 - 0x00007ffc293ae000 	C:\WINDOWS\System32\shlwapi.dll
0x00007ffc26790000 - 0x00007ffc267bb000 	C:\WINDOWS\SYSTEM32\profapi.dll
0x00007ffbaace0000 - 0x00007ffbaacf9000 	C:\Program Files\Unity\Hub\Editor\6000.0.37f1\Editor\Data\PlaybackEngines\AndroidPlayer\OpenJDK\bin\net.dll
0x00007ffc1d6e0000 - 0x00007ffc1d80c000 	C:\WINDOWS\SYSTEM32\WINHTTP.dll
0x00007ffc25cb0000 - 0x00007ffc25d19000 	C:\WINDOWS\system32\mswsock.dll
0x00007ffba1c40000 - 0x00007ffba1c56000 	C:\Program Files\Unity\Hub\Editor\6000.0.37f1\Editor\Data\PlaybackEngines\AndroidPlayer\OpenJDK\bin\nio.dll
0x00007ffba1c20000 - 0x00007ffba1c38000 	C:\Program Files\Unity\Hub\Editor\6000.0.37f1\Editor\Data\PlaybackEngines\AndroidPlayer\OpenJDK\bin\zip.dll

dbghelp: loaded successfully - version: 4.0.5 - missing functions: none
symbol engine: initialized successfully - sym options: 0x614 - pdb path: .;C:\Program Files\Unity\Hub\Editor\6000.0.37f1\Editor\Data\PlaybackEngines\AndroidPlayer\OpenJDK\bin;C:\WINDOWS\SYSTEM32;C:\WINDOWS\WinSxS\amd64_microsoft.windows.common-controls_6595b64144ccf1df_6.0.22621.4830_none_270fe7d773858e80;C:\Program Files\Unity\Hub\Editor\6000.0.37f1\Editor\Data\PlaybackEngines\AndroidPlayer\OpenJDK\bin\server

VM Arguments:
jvm_args: -Dcom.android.sdklib.toolsdir=C:\Program Files\Unity\Hub\Editor\6000.0.37f1\Editor\Data\PlaybackEngines\AndroidPlayer\SDK\cmdline-tools\6.0\bin\\.. 
java_command: com.android.sdklib.tool.sdkmanager.SdkManagerCli --list
java_class_path (initial): C:\Program Files\Unity\Hub\Editor\6000.0.37f1\Editor\Data\PlaybackEngines\AndroidPlayer\SDK\cmdline-tools\6.0\bin\..\lib\sdkmanager-classpath.jar
Launcher Type: SUN_STANDARD

[Global flags]
     intx CICompilerCount                          = 4                                         {product} {ergonomic}
     uint ConcGCThreads                            = 2                                         {product} {ergonomic}
     uint G1ConcRefinementThreads                  = 8                                         {product} {ergonomic}
   size_t G1HeapRegionSize                         = 2097152                                   {product} {ergonomic}
    uintx GCDrainStackTargetSize                   = 64                                        {product} {ergonomic}
   size_t InitialHeapSize                          = 264241152                                 {product} {ergonomic}
   size_t MarkStackSize                            = 4194304                                   {product} {ergonomic}
   size_t MaxHeapSize                              = 4223664128                                {product} {ergonomic}
   size_t MaxNewSize                               = 2533359616                                {product} {ergonomic}
   size_t MinHeapDeltaBytes                        = 2097152                                   {product} {ergonomic}
   size_t MinHeapSize                              = 8388608                                   {product} {ergonomic}
    uintx NonNMethodCodeHeapSize                   = 5839372                                {pd product} {ergonomic}
    uintx NonProfiledCodeHeapSize                  = 122909434                              {pd product} {ergonomic}
    uintx ProfiledCodeHeapSize                     = 122909434                              {pd product} {ergonomic}
    uintx ReservedCodeCacheSize                    = 251658240                              {pd product} {ergonomic}
     bool SegmentedCodeCache                       = true                                      {product} {ergonomic}
   size_t SoftMaxHeapSize                          = 4223664128                             {manageable} {ergonomic}
     bool UseCompressedClassPointers               = true                           {product lp64_product} {ergonomic}
     bool UseCompressedOops                        = true                           {product lp64_product} {ergonomic}
     bool UseG1GC                                  = true                                      {product} {ergonomic}
     bool UseLargePagesIndividualAllocation        = false                                  {pd product} {ergonomic}

Logging:
Log output configuration:
 #0: stdout all=warning uptime,level,tags
 #1: stderr all=off uptime,level,tags

Environment Variables:
JAVA_HOME=C:\Program Files\Unity\Hub\Editor\6000.0.37f1\Editor\Data\PlaybackEngines\AndroidPlayer\OpenJDK
CLASSPATH=C:\Program Files\Unity\Hub\Editor\6000.0.37f1\Editor\Data\PlaybackEngines\AndroidPlayer\SDK\cmdline-tools\6.0\bin\..\lib\sdkmanager-classpath.jar
PATH=C:\ActiveTcl\bin;C:\Program Files (x86)\Common Files\Oracle\Java\javapath;C:\WINDOWS\system32;C:\WINDOWS;C:\WINDOWS\System32\Wbem;C:\WINDOWS\System32\WindowsPowerShell\v1.0\;C:\WINDOWS\System32\OpenSSH\;C:\Program Files\dotnet\;C:\Program Files\Git\cmd;C:\Users\Admins\AppData\Local\Programs\Python\Python312\Scripts\;C:\Users\Admins\AppData\Local\Programs\Python\Python312\;C:\Users\Admins\AppData\Local\Microsoft\WindowsApps;C:\Users\Admins\OneDrive\Hi`nh a?nh\Máy tính\ffmpeg\bin;C:\Users\Admins\AppData\Local\GitHubDesktop\bin;C:\Users\Admins\.dotnet\tools;C:\Users\Admins\AppData\Local\Muse Hub\lib;C:\Microsoft VS Code\bin
USERNAME=Admins
OS=Windows_NT
PROCESSOR_IDENTIFIER=Intel64 Family 6 Model 140 Stepping 1, GenuineIntel
TMP=C:\Users\Admins\AppData\Local\Temp
TEMP=C:\Users\Admins\AppData\Local\Temp



Periodic native trim disabled


---------------  S Y S T E M  ---------------

OS:
 Windows 11 , 64 bit Build 22621 (10.0.22621.4830)
OS uptime: 0 days 0:53 hours
Hyper-V role detected

CPU: total 8 (initial active 8) (4 cores per cpu, 2 threads per core) family 6 model 140 stepping 1 microcode 0xb8, cx8, cmov, fxsr, ht, mmx, 3dnowpref, sse, sse2, sse3, ssse3, sse4.1, sse4.2, popcnt, lzcnt, tsc, tscinvbit, avx, avx2, aes, erms, clmul, bmi1, bmi2, adx, avx512f, avx512dq, avx512cd, avx512bw, avx512vl, sha, fma, vzeroupper, avx512_vpopcntdq, avx512_vpclmulqdq, avx512_vaes, avx512_vnni, clflush, clflushopt, clwb, avx512_vbmi2, avx512_vbmi, hv
Processor Information for all 8 processors :
  Max Mhz: 1805, Current Mhz: 1805, Mhz Limit: 1805

Memory: 4k page, system-wide physical 16110M (2136M free)
TotalPageFile size 16110M (AvailPageFile size 5M)
current process WorkingSet (physical memory assigned to process): 36M, peak: 36M
current process commit charge ("private bytes"): 335M, peak: 335M

vm_info: OpenJDK 64-Bit Server VM (17.0.9+9) for windows-amd64 JRE (17.0.9+9), built on Oct 26 2023 14:01:42 by "admin" with MS VC++ 16.10 / 16.11 (VS2019)

END.
